0.8858177661895752
1999000
2000
-999344174
-998340711
-997625889
-997190332
-996787738
-994971906
-994524080
-992685178
-992489124
-991607147
-991442973
-991434761
-991386612
-991166331
-990672040
-987081806
-987062998
-986686235
-986556639
-985765486
-984899014
-984888657
-984115199
-983551466
-983098905
-981507306
-981330795
-978515604
-975921125
-973748328
-971855189
-971515536
-970628930
-970239264
-968771145
-967189780
-965983134
-964084205
-963220620
-962155519
-961726191
-960520416
-958743998
-958140560
-958068371
-957609614
-957158962
-957072875
-952973962
-951957388
-948964407
-948962534
-948317898
-946374753
-945992036
-943697072
-939729156
-939451024
-937980663
-937516968
-937356036
-936197342
-935799881
-934335556
-929134363
-927579397
-925045281
-923938176
-922831758
-922103367
-921016270
-919391190
-918855785
-917734841
-917600898
-916476108
-916275495
-915409906
-915320138
-913663205
-912786695
-911714913
-911418980
-910143593
-910002344
-909786965
-908705074
-908079654
-907231262
-905411614
-903947910
-903560062
-902614869
-902585047
-901851013
-900458987
-899419298
-898603908
-898350929
-894795017
-894508908
-894025616
-893864245
-893485306
-891751789
-889641432
-889283254
-885398768
-885277173
-884774032
-884126766
-883555813
-883455882
-883142242
-882473248
-882227504
-881967142
-880933180
-879509084
-877412008
-877170751
-873349846
-872227430
-872144106
-870392156
-869294374
-868997862
-868386645
-867920504
-867012605
-866706446
-865569282
-864748580
-864621995
-863492094
-863298650
-862551665
-862549425
-862352065
-859548940
-859257510
-859218048
-859029827
-858971358
-858691517
-857503458
-857232907
-856853741
-856635216
-855574154
-855481572
-854978020
-854680763
-853885533
-853371262
-853261926
-852971169
-852519541
-850180264
-847458668
-846838086
-845290859
-844644571
-844519598
-843498438
-843102134
-841956537
-840679589
-840586928
-840411712
-839459051
-838764011
-837148234
-836154030
-835632913
-835454661
-833122448
-833065973
-831811329
-830991199
-830011205
-829592521
-829450613
-829283471
-829190157
-827355062
-826809435
-826299460
-826095978
-826020935
-825548531
-824490533
-822665908
-821136742
-818333943
-815393751
-814602213
-812407262
-810809761
-810394255
-809824373
-809787063
-809762501
-808391508
-807755659
-806890862
-806600941
-805161634
-804494413
-804439018
-803781860
-802373630
-799709230
-797516756
-796627572
-796087540
-795863922
-794582756
-794056872
-791886363
-791345261
-789921961
-787518035
-786849473
-785577272
-785029889
-784855163
-784527810
-784315689
-783209931
-781803319
-778688284
-778665276
-777786921
-777239356
-775765467
-775712539
-774122152
-772276635
-771008114
-770225083
-768130190
-767010038
-766192023
-766159007
-763132527
-762721820
-762332585
-760304704
-758042292
-757777337
-757621842
-754650277
-754506206
-752997494
-752450879
-751516079
-751231965
-750136273
-749262344
-746889720
-745616974
-743635145
-743562183
-741711468
-741482498
-740934014
-740084897
-739942252
-739717890
-738826401
-736925472
-735960105
-735474936
-734641434
-734256846
-732973236
-732911659
-729048872
-728098545
-726210286
-725323587
-724766243
-724045052
-723333159
-721990371
-720817003
-720456006
-719425930
-717888294
-717005826
-716323290
-715470892
-714044955
-713429075
-712911788
-712457134
-711706346
-708144409
-707661674
-707078087
-706906117
-705455189
-703763419
-702402754
-699746431
-698887252
-697025845
-696739010
-696035311
-695907064
-695245414
-694753295
-694611995
-691151670
-689291180
-689083284
-684934803
-682873252
-682815104
-681578478
-679948542
-678186289
-677697174
-676361273
-676030919
-674568215
-673968116
-672948606
-672383438
-671758147
-670241614
-669296782
-668866819
-668261519
-667225933
-667145626
-666920769
-666203407
-664167145
-663912389
-663149335
-662197016
-661192544
-660402785
-660338299
-659873037
-658203479
-652726723
-651416856
-650911059
-649866468
-647450550
-647219198
-647064910
-645806625
-645771900
-643831366
-641920573
-640774079
-640548547
-640486741
-640013497
-639026817
-637800375
-637789301
-637641975
-636285818
-635489767
-635224899
-635190773
-634560024
-631886458
-630847875
-629958445
-627832935
-624079790
-623420690
-620311117
-618218951
-618190021
-617833746
-617684934
-616323711
-615077731
-613359184
-610185502
-609558631
-609477454
-608316920
-608228202
-608144447
-607769728
-605192708
-604953241
-602348144
-602327997
-602248193
-601400824
-600523334
-600453494
-599954821
-599132151
-598590544
-598243418
-597299270
-597195380
-596179388
-595643119
-594666538
-590609764
-589830330
-589802686
-589613426
-589209145
-589017217
-588313838
-586774754
-585676231
-584803593
-583672423
-582597441
-581136623
-580082776
-578881471
-578346549
-576920520
-576352018
-576350226
-575652831
-566475610
-566160838
-565334482
-564227402
-561849686
-561536807
-561027873
-559566136
-559457206
-559080687
-558323509
-558140331
-557955518
-555494358
-555219113
-555165025
-554766494
-554619394
-553890546
-553236290
-552503539
-551976672
-551053334
-549891407
-549194439
-546086982
-543067845
-542247691
-541865207
-540255706
-536506176
-536152528
-535694434
-535305542
-535189613
-535032321
-534771364
-534362968
-534139110
-533363940
-532509340
-531821994
-531090695
-529807613
-526744656
-526562113
-525735733
-525549573
-524564976
-521094893
-516811558
-515414106
-515100552
-514663818
-513669051
-513428014
-512458970
-511787022
-510246657
-509783955
-508473076
-508287386
-506896492
-505902260
-505691238
-505330846
-503815153
-501944586
-500413348
-500141945
-498827131
-495990419
-495146613
-494855816
-494640793
-494355357
-492883196
-492842519
-492151919
-492133415
-491736622
-488833456
-488636201
-488546752
-488012734
-486629772
-482088436
-481667196
-481420966
-481080921
-477857403
-477369821
-477306991
-476020938
-475957898
-474038652
-471437623
-469499510
-468549633
-468008688
-467613142
-466966467
-466178986
-464249857
-462008424
-460307310
-458914100
-456355546
-456279360
-456008925
-455734698
-453868236
-453560666
-452580258
-452571397
-451585061
-451120294
-450288421
-449363002
-449299982
-449194675
-448603574
-447804631
-447620588
-447573456
-447548726
-447127757
-443686482
-443215683
-442195241
-439876725
-437795397
-437751139
-435207468
-433532962
-432294671
-430084487
-429984153
-428588662
-427825746
-423520978
-423389585
-422776735
-420889510
-419850906
-416696332
-416442049
-416134826
-415962375
-415325940
-415321193
-412960699
-412151043
-411144255
-409846991
-409629829
-408366601
-408028104
-407675045
-407169426
-406567065
-404149750
-403176531
-402798287
-400571238
-399974455
-398539831
-398155246
-398075750
-392963006
-392559129
-392404693
-391199697
-390688078
-390358443
-388753613
-387744201
-387203849
-383863239
-381852438
-381684338
-381237429
-381232497
-379651787
-379375701
-379151047
-375795537
-375605227
-374847444
-374733811
-374236398
-372457448
-371842803
-371674267
-371010387
-370952514
-369663978
-367302211
-367204851
-365103163
-364769331
-364055198
-362833427
-362783087
-362367557
-359210373
-357240551
-356008415
-355733255
-355594212
-355103959
-355015691
-354935045
-354290102
-354097336
-352677404
-351664820
-348753755
-348345245
-348060443
-347029954
-343397719
-342939258
-342750425
-342175248
-342020636
-341861856
-340723785
-340469437
-339627351
-337818346
-337744432
-337628048
-337425378
-336879578
-336247154
-335218262
-334359486
-333053993
-332283157
-331419484
-331274516
-330277200
-330036044
-327373634
-327003207
-326905414
-326708908
-323993299
-323163737
-323098296
-322965374
-320834581
-318536139
-318327721
-317833162
-316518236
-315945781
-315940556
-315231524
-315025800
-314799935
-313854038
-312802646
-311619259
-310268334
-309158328
-306555079
-305967654
-304412022
-302626932
-302116535
-301887355
-300855127
-300629431
-300345354
-299123912
-298469892
-297004612
-294784317
-294775596
-293661866
-293299887
-292754116
-289230278
-288821873
-288606838
-288503083
-286648900
-286614634
-286516497
-286459692
-285976764
-284850579
-284441167
-283063530
-280764959
-279603824
-278969782
-278857917
-276980614
-276431067
-276096414
-273799724
-273686214
-273246857
-273231226
-270968673
-270037151
-269202934
-267624230
-267431416
-265260114
-263615790
-261841970
-260517633
-260241073
-259618797
-255440261
-255201833
-254632597
-253637779
-252821774
-251417709
-250914586
-249911599
-249742628
-247816893
-247703540
-247554902
-246519590
-246391503
-245149948
-244498366
-244193657
-243365185
-242095086
-241561600
-238775973
-236781082
-236270866
-235944243
-233313127
-232693308
-228851433
-228354932
-227925290
-226908808
-226850553
-225184299
-222248411
-221886146
-219364411
-219082079
-217148457
-215125491
-214509136
-211579121
-210973798
-210546546
-209241238
-208862424
-208721083
-208472783
-206363820
-205955494
-201465229
-201367728
-201174761
-200820410
-200015202
-198637610
-197873225
-197625921
-197378010
-195402944
-194063868
-190603706
-189734639
-188419248
-187570637
-186596152
-186460247
-185224802
-184241065
-180169130
-180074166
-178051654
-176034925
-175074006
-174058367
-173284065
-172426105
-171303983
-168857185
-168386923
-167815911
-166595228
-164866779
-164673395
-162872512
-161607453
-160142453
-159511391
-159338027
-158318333
-157596245
-157169253
-156630318
-154473706
-154415497
-152898530
-152891732
-152002044
-151921287
-151028045
-150976161
-150788109
-150631065
-147621356
-146944344
-146031669
-144365798
-143121441
-142173538
-139953384
-139949660
-139465797
-138172064
-137474851
-136738933
-130999053
-128313412
-127190955
-127162191
-127047560
-125858808
-125858638
-124244467
-123845624
-123401005
-122939849
-119905794
-117183862
-115360681
-115101479
-114757096
-114709857
-112818902
-112695514
-112269258
-112190031
-109777156
-109732074
-109358702
-108675948
-105650545
-104144727
-104107044
-103843552
-103566079
-103396284
-102440651
-101457559
-100085984
-98450688
-96626530
-95444098
-94019942
-92397695
-90666719
-88434040
-87747769
-87575859
-87525624
-86488517
-82671276
-82006634
-77774964
-75392958
-74822031
-74366127
-73436155
-73281265
-71451889
-70516926
-69563645
-68415734
-68298043
-68189348
-67767501
-66883014
-66855576
-63932478
-63417212
-62777293
-62364420
-62351822
-61897838
-61828250
-60119392
-59612807
-59478389
-59195100
-58509520
-58163542
-57976134
-57116870
-56405991
-55869597
-54885664
-54549225
-54450746
-54275308
-53922991
-53482635
-51548422
-50041534
-48616880
-48412527
-47289395
-46963890
-46158224
-44866417
-43172973
-42102214
-42013498
-41403701
-39689310
-38876578
-37383641
-37383169
-34148434
-33777916
-33459938
-33051016
-32632998
-31998516
-30786959
-28450816
-27682009
-27165746
-24350112
-24074923
-23810217
-18379566
-16099948
-14993425
-14865908
-12244760
-11974684
-11756109
-10771878
-9376061
-9289893
-8094703
-7256033
-6091702
-5540218
-5175052
-4677056
-4195588
-3906610
82022
689113
721021
5071717
5247892
5812235
8181582
9935473
10969155
11119242
11173455
11259727
13084280
15498563
15507356
15636468
17464389
18523325
19660757
21815704
22233404
22801381
23596205
24742832
24881137
26867117
27952676
28078115
28452593
28579161
28868118
29370197
29564468
30376427
30478349
31783147
32500578
32750599
34335858
34715793
35410783
36062197
40065364
40153340
40709717
41337608
41955210
42374909
42595365
43532737
43798553
44103207
46629059
47217389
48885076
50275529
52157863
53309145
54062813
54319077
54580586
56592577
56597269
58083655
59188873
60294499
60323899
60630615
60745609
61064312
62855940
64695778
65021727
65593197
69480234
72116972
73719204
74017367
74665541
76023139
76182607
77261886
78937977
80261042
81611464
82493522
82699924
82938817
83335365
84436676
85796065
86848857
87720926
90299323
90769242
91032209
92217659
93903443
94403361
95666469
96217540
96726456
98357442
98528734
99372310
99491121
99604367
100580262
100590865
100861656
102130692
102530513
103841043
104473189
104491223
106398807
106588080
106749806
106816472
108353059
108824567
109256246
110876395
111051190
111236643
111591274
113976308
114574790
116650757
116715056
116964927
118004245
118094502
118509414
118535122
118667328
120764059
121105589
121368382
122417168
122566224
123867764
124025832
124608862
125365595
125445492
125853278
127479634
128752561
128794224
131904659
132035869
132995408
133556609
134417689
135094534
135394288
142077905
142786925
142869498
143753260
144191295
145579431
147628928
148581798
149113935
149343588
150936940
152213995
152719373
155034578
157573925
157995306
159962105
160158427
160176295
161483562
161668626
162707506
163730630
167263197
171673833
172615255
172809233
173587202
173654832
173692226
175740066
176076127
177572000
179142822
179258070
180244477
180875521
181604299
182087940
182470666
184104999
185121158
185841939
186053469
187829508
188348976
189761531
190019717
190935315
191064700
194427567
194834082
199327270
201872536
201950992
202247081
203672772
204246015
206256802
207340216
207731792
213104861
215352921
216019863
219066297
220373975
222654400
223128317
223347498
225008863
227373715
229197023
229495106
231043163
231442092
231697692
233141999
233635848
234930246
235298319
235381911
235580263
236947111
238393913
239450340
240342726
240514072
240946399
241315265
241337985
243575126
243837433
245362243
245643402
246062033
246181297
246337633
246611060
246708491
247842322
247996063
249993234
250281195
250582169
251464799
252994269
253384151
253388924
253571647
253890311
254202001
254416943
254484699
255367941
256308279
259187132
259334715
259853216
261796348
263108183
264062945
266234663
266236877
266332432
267314187
268192484
268643286
268657563
269362273
269752227
273359131
274680394
276436728
277585997
277894761
278248581
278776610
279513317
282999179
283920360
284217275
285557084
285814381
288371699
288613194
292882323
293451710
296696642
298301331
299317113
301183392
301648045
301935333
302613630
303018335
303921851
304987577
309449573
312079022
313379484
315341508
315618551
315953067
317304462
319358780
319698931
321163642
321980178
322057792
323535101
324401786
325546402
326083413
326835036
327480603
327615981
328629978
329022066
329271577
330270440
331140021
332001621
332688973
334573224
336049479
336197498
336918868
339630637
340013702
341678621
342536456
345903510
346037964
346100054
346442890
347349332
347742314
348363072
351500856
353515941
355094614
356671829
358407452
359523014
359970506
360683600
361110786
364983277
365449984
365743141
366170029
369325220
369499662
370114084
372996357
374121036
375340971
378283377
379043056
382692809
384841703
385415718
385518176
385854053
386286401
387054238
387419280
390012176
390685347
390730642
390836965
392093982
393608787
394231432
395566897
396364992
396385945
398517004
399038682
399107764
399157881
401327300
404868478
405889933
406333717
407685484
408074223
408491573
409443450
410200247
411458139
411798037
412198247
412336763
414617196
415156962
415382535
415536985
415787918
415790157
416508193
416746428
418026147
420037431
421480813
422828426
424387997
424418668
425881929
428247778
430250090
430397222
431916552
432409429
432445417
433730749
434693520
437179807
437732941
439304503
441326391
441390064
442095031
442151885
443222447
446787390
446878473
447825316
448873451
448991428
449746516
450839674
451397640
452240000
452530845
452722750
452749697
453159421
453691210
454407794
454733801
455139528
455535911
457932235
458679806
458712407
458729736
458945748
459317893
459412092
459457748
461728653
462878886
463430068
463832426
464255540
464655679
464784667
464962155
465404045
465629311
465632128
466521684
466779261
467917453
468725038
470092234
472113081
473369904
473524020
475696557
476018035
477114734
477531808
479293253
479697325
480519426
483214420
483616636
484155577
487812127
488654697
489439063
489628130
490076085
491695824
492144477
492638435
492902818
493213778
494090106
496434675
496458036
498713661
499206571
499848575
500464964
502833723
503252807
504737111
506125172
506512649
507210345
508068893
508146506
510211910
511746573
514871663
515315408
515622247
515798423
515953971
518871530
519305158
520035906
520415128
520829930
522441886
523348482
524233866
524332237
526920163
528506022
529591227
533927235
534054910
534218438
534849129
537330506
538085001
539106633
539177500
539308598
539972764
541608306
542635462
544227410
544382727
546334171
547433978
547790275
548775989
551676577
553407816
553879419
554074748
555073089
555486736
556370872
556786850
557144922
557442963
559417258
559966407
560824641
561548218
563823151
565194257
565280322
565440908
567104059
568170482
572554636
572624386
572802262
573452920
573697154
574597026
578694395
580194703
580300801
580891027
582840249
583201268
584125923
584749519
585528115
590086741
590674428
592005278
592040207
592646584
595025526
595541095
595919134
597536468
598502423
599014349
601244099
601451482
601569836
603055927
603175919
606972007
607974018
610725602
611105157
612866229
613546749
613895482
614341088
616298239
616515634
617045052
617803810
618355905
619349452
621690612
622371048
622400567
623882268
624229755
625822496
625978582
626097391
626313035
626458212
629069203
629091878
629637039
629953587
630295582
630899553
632529682
633559402
634958085
636101127
637068890
637457523
637943983
638252125
639432886
640444239
641021265
641863823
642409547
642832104
643348247
644646323
646102060
646449573
647422016
648127919
648634929
649888605
650244884
650311128
651697342
652895083
654629549
658606015
658830716
659243619
660285012
660425301
660772979
660973881
661522511
661631394
662776884
662939154
663303746
663319359
663993781
665512556
665845192
666433407
670200925
670775332
671948387
673163882
676048143
678317733
679161545
683924362
687022881
687181194
687946442
688610252
688724419
689009332
689223500
691021079
691208834
691858088
692027428
693354058
693659748
695310526
696040673
696277214
697320413
699786788
701185122
701613563
702235013
703147357
704452692
706571293
706664201
708935435
710694226
711206029
711734246
712323440
712335845
712506809
713266808
714219506
717071616
717247812
721359104
722443680
722663179
722934022
723496422
724901893
726153693
726372781
727035390
727849451
728684269
728883093
729486578
729857652
731971070
732326686
732425735
733158620
733525961
734038983
735302880
735582580
736315014
736870696
737578522
738433325
739225630
739683126
740057292
743096197
744284967
744818364
745810924
746098600
747676906
749047341
750587997
752616743
752844790
753204180
753508882
753835458
754109834
754171253
756738210
757959519
758605903
758863777
759738808
759868617
760073108
760122345
762421864
763141500
766468591
767119184
768200542
768831205
770147967
770398121
771219521
771432908
772308541
772751647
773402240
773891457
774642793
776425861
777954276
778174283
778611554
778865913
779931020
780729603
781406890
782102800
782288568
782679015
782830521
783749087
784247243
788237764
788886475
790629420
793270172
794228822
794812771
796574265
799184575
799801148
803193286
803530138
803880124
804262244
804433058
804590657
805346992
806308966
807468296
807944767
808168521
808177201
808538525
811052324
812265018
812928404
815163290
816218910
818296321
818683671
818931212
820444355
824055821
824843024
826829698
827271752
828434473
829701315
831587553
832477410
833501153
834018574
834664769
835049684
836364345
839123641
841206844
841618623
843006588
845849040
846225428
848754090
848839305
849577836
850578125
852159009
852997047
853719140
854562233
854991257
855054238
856435069
856777435
857652453
860932021
861509411
861763578
863681227
864064557
864234621
865238761
866281917
866408359
870944954
871078925
872175330
874042606
874069668
874087951
874969207
875355942
875402736
875790846
878949938
879317741
879402768
883772255
885037433
885501415
886710352
887485456
887622129
887929248
888982157
889487614
889955088
892374236
894688265
895087022
896070789
896078831
896650945
897596198
898470041
898803206
898982078
898998139
901535083
902426005
902938113
903314772
904030318
904149202
905501014
909056949
910690130
912263077
914034807
914900610
915568280
916969894
918425376
924519629
924650503
924775710
930881123
931648765
933539020
933560252
934826815
935507129
935598306
936855599
938617115
939220946
939911732
941346058
943153995
943656356
943971501
944240921
945714194
950277746
950498840
952218518
953897380
955546776
956021549
959409227
959776176
961854104
962162375
962504519
963859799
964621516
965051877
965879267
966188344
966556443
966557504
967201796
967948421
969148939
969217955
969325924
970297375
970431713
973560861
979271674
979273997
982031653
983559842
983890818
984420752
984435274
984524546
984662178
984934814
986045443
986304527
986979835
987748837
987950596
988012769
988923531
990631349
991381908
992353582
992777206
992867108
993322076
994770227
995611006
995613211
997380591
997417501
997502156
998759364
999698190
