3.2222065925598145
7998000
4000
-999396727
-998539188
-997958634
-997279271
-996898618
-996196301
-995998970
-995202075
-995072191
-994984761
-994298009
-993795134
-992492702
-992089202
-992022412
-991603671
-991525131
-991037752
-990574136
-990349211
-989520067
-989090133
-989012307
-988816015
-988524614
-987728758
-987625904
-987461953
-986451967
-985923463
-984502384
-984387171
-984158524
-983676884
-983602677
-983595375
-982364260
-982160470
-981015223
-980957437
-979720055
-979459760
-978017351
-977281919
-976903281
-976669139
-975834382
-975571481
-974952478
-974703660
-974689894
-973863759
-973521359
-973453363
-973216049
-972467469
-970266597
-969825787
-969321602
-969150333
-968788428
-968643712
-967626288
-965879684
-965836797
-965800490
-964774945
-964754539
-964201448
-963108653
-962781704
-962296877
-961974268
-961915655
-960775588
-960551341
-959180933
-958910186
-958727028
-958624715
-958249717
-957698848
-956929993
-956605188
-956486628
-956228246
-955937765
-955893117
-955842503
-955673709
-955275065
-954953107
-954558536
-953883004
-953004707
-952918170
-952688721
-951827815
-950647772
-950476053
-949738636
-949269998
-949269836
-947433857
-947115405
-946883136
-946791261
-946677684
-945313550
-944212418
-943121526
-942918504
-942609459
-942452235
-940700244
-940691604
-940548311
-940178614
-940009887
-939053492
-939008546
-938480580
-937887439
-936787231
-936575194
-936069135
-936004685
-935757936
-935199341
-934574102
-934550458
-933131920
-932197540
-931417250
-929893129
-929749626
-929590510
-928443552
-928275240
-928198821
-927561259
-927194375
-926927891
-926378298
-925447705
-924980161
-924544727
-924314908
-924128788
-923838305
-922121465
-922051398
-921728654
-921489078
-920589220
-919816794
-919269142
-918450092
-917273063
-916834841
-915854139
-914662193
-913991860
-913284204
-913129292
-912050313
-911228129
-910867888
-910362567
-910318809
-909904129
-909309456
-909105382
-908959379
-908897372
-908602734
-908042323
-906125065
-905893323
-905605067
-904946055
-901679727
-901674946
-900132588
-899330622
-898180685
-897800954
-897636618
-897549988
-896995560
-896841292
-896131307
-895804949
-895717074
-895005320
-894213406
-893960205
-892277122
-892276891
-892245721
-891418653
-891412687
-890622258
-890245183
-889920438
-889295355
-888905025
-888841882
-887266551
-887046318
-886785577
-886578812
-886482233
-885558543
-885446038
-885051935
-884248542
-884188679
-883944150
-883272769
-881634485
-881432146
-881426525
-880860459
-880034202
-879736372
-879686260
-879587178
-879045836
-877514893
-876892976
-876841522
-875713792
-875418726
-874965918
-874490282
-872923091
-872500574
-872278613
-872081915
-871474158
-870906157
-870774654
-870451076
-869822714
-869772757
-869489867
-869242871
-868935811
-868187354
-868137404
-867713228
-867512548
-867141243
-867032251
-866976285
-866636940
-866473472
-865625817
-865127071
-865108415
-864252626
-863715072
-863534004
-863005398
-862405385
-861782000
-861349636
-860970097
-860672238
-859106290
-857990547
-856998425
-856941160
-856358124
-856214509
-855205446
-854492835
-854355547
-854235902
-853748673
-853072419
-852642002
-852347182
-851015198
-849559887
-848631565
-847772516
-847311706
-846415348
-845964980
-845655063
-844749065
-844555423
-844547788
-844478144
-844409396
-842879068
-842651531
-842312829
-842177938
-841780218
-841775679
-841184370
-840809475
-840746301
-840571184
-840370717
-839875061
-839666202
-839383096
-838986421
-838483010
-838084961
-837717308
-837379193
-837208421
-837193635
-836799552
-836734329
-836571788
-835096278
-834893781
-834270340
-833772403
-833535939
-832728325
-831712970
-830651688
-830414766
-829549297
-829482114
-829133494
-829011002
-828086470
-828037621
-827723043
-826883772
-826803039
-826780401
-825963984
-825559300
-825060130
-824879258
-824780486
-824682617
-824302032
-823588122
-822664401
-822568755
-822557043
-822000173
-821956927
-821707920
-821695924
-821307445
-821285903
-821213385
-820433421
-819794087
-819781181
-818793705
-818766291
-818239768
-817492696
-817326225
-817147498
-816999858
-815969685
-815476995
-815465742
-815034586
-815025434
-814664715
-814591944
-813710971
-813476934
-812832381
-812308995
-811738180
-811718987
-811513768
-810958603
-809655181
-809400181
-809088006
-809035720
-808856267
-808771443
-808310683
-808113712
-807287833
-807214434
-807147203
-807139732
-807095488
-807046088
-806981067
-806958516
-806657559
-805282828
-804686832
-804384172
-804258698
-803576990
-803445397
-803343493
-802721937
-802490066
-802229867
-802073794
-801508282
-800956686
-800692177
-800662659
-800499457
-800178217
-799123855
-797071481
-796061279
-795530308
-794704859
-792549717
-792485726
-791960048
-791770030
-791726470
-791077151
-790625042
-790453053
-790452316
-790417611
-790277912
-789787203
-789253904
-788236012
-787987801
-787246155
-787193571
-787133163
-786049194
-785873906
-785604231
-784890719
-783348758
-783281283
-782839431
-780814338
-780667993
-780662687
-780152211
-779676833
-779658532
-778611205
-777393070
-777389295
-776729761
-775908246
-775863954
-774291810
-773886024
-772622370
-772157610
-772112363
-771446033
-770994868
-770814075
-770573660
-770127132
-769360565
-769144811
-768417111
-768111873
-766384626
-766310916
-765737150
-765565576
-765180930
-764983801
-764797578
-763697077
-762398819
-761989895
-761987057
-761959043
-761894396
-761386265
-760633346
-760522700
-759594776
-759093680
-758601716
-757992174
-757457847
-757385369
-756908627
-756270611
-756208929
-756037880
-754853313
-754686836
-754165306
-753053253
-752846525
-752838157
-752744472
-752603011
-751388763
-751292249
-750694422
-749626732
-749528688
-748856876
-747828942
-747652412
-746873421
-746753542
-746628101
-746078916
-745729639
-745451194
-744457962
-743233583
-742844725
-742370992
-742223994
-742217995
-741918096
-741748974
-741008177
-740081777
-739265506
-734606166
-734565654
-734445326
-733399888
-733055671
-732665394
-731796819
-730666327
-730477565
-730187499
-729750226
-726750396
-725161040
-724401938
-723874140
-723658235
-722987177
-722975475
-718965149
-718530465
-717906127
-717836098
-716700457
-714485952
-714411783
-713491666
-713398594
-712461076
-712052015
-711761243
-711516171
-711318125
-710902005
-710888123
-710336387
-710208483
-710045528
-709921002
-709268216
-709160820
-709003889
-708843511
-708412197
-707869621
-707262958
-706813715
-706646924
-705383124
-704919949
-704892124
-704517287
-704280849
-703455500
-703253087
-703037516
-702816628
-702497237
-702279423
-701587494
-701349146
-700973259
-700937928
-699520661
-699280267
-699267735
-699224433
-699035834
-698798045
-697760796
-697356840
-696890687
-696617622
-696423778
-696201485
-694638418
-694199496
-693877884
-693135937
-693011494
-692704662
-692307487
-692149624
-691869876
-691869435
-690990486
-690746086
-690577792
-690221475
-688393133
-688233626
-688153295
-687655795
-687137107
-686604707
-685389845
-684759318
-684752400
-684663642
-683506401
-681648557
-681545042
-681348403
-681153241
-680185418
-679975522
-676712152
-676004197
-675842277
-675617163
-674758176
-674360136
-673514171
-673289570
-671270315
-670117065
-669588224
-669202228
-669159051
-669084178
-668062143
-667491811
-667228193
-666991548
-666558474
-665804686
-665360728
-665217685
-664464047
-663708509
-663469445
-663408719
-661903563
-661490690
-661024693
-660747489
-658273336
-657801545
-656318907
-655266799
-654666475
-653919464
-653636784
-653613506
-653525010
-653478330
-653240404
-653223913
-653131322
-652380766
-651636101
-650979914
-650802750
-650646573
-650193665
-649179371
-648901402
-648000972
-646772065
-646234888
-645940512
-645938547
-645453782
-643991852
-643087102
-642933184
-642632293
-642619164
-642409833
-641605418
-641306307
-641058316
-639648599
-639520260
-639445330
-637518750
-636186883
-635893795
-634300044
-632605876
-631539554
-631498014
-631472325
-630704901
-629974772
-629853853
-629736468
-629422062
-628635460
-628587863
-628464904
-628047389
-627969736
-626938822
-626360550
-626347257
-626001696
-625976959
-624496301
-623619406
-623304357
-623171498
-622439353
-621623117
-621568169
-621216775
-620599708
-620377424
-619799947
-619362307
-618598391
-618440957
-618313695
-618050827
-617859452
-617822919
-617630611
-617252911
-616755052
-616273239
-616111663
-616052939
-615588797
-615477351
-614848326
-614642168
-614202425
-614181397
-614031765
-613817344
-613643749
-612908859
-612414852
-612307030
-612216132
-612054265
-611889268
-611847021
-611408784
-610144281
-609918100
-609675965
-609329579
-608479774
-608217053
-607263620
-606974192
-606645725
-605941085
-605670620
-605579113
-605513896
-605306723
-604809501
-604045937
-603229681
-602705745
-602155405
-602005201
-601439002
-601107760
-599827101
-599466058
-599053060
-597927114
-596589458
-596379421
-595997678
-595785800
-595774902
-594873986
-594711970
-594487828
-592836721
-592622991
-592137032
-591867168
-591430466
-591420771
-591191186
-589271818
-589145669
-589104792
-587665806
-586114333
-585125750
-585043473
-584646328
-584354993
-584320059
-583533978
-582265815
-582018912
-581937228
-581863134
-581087334
-580970978
-580476728
-579457256
-578458523
-577893489
-577808021
-575924853
-574870696
-574847840
-573741679
-573526940
-572853950
-571051152
-569553589
-569377197
-569263734
-568800273
-567955425
-567285342
-566991676
-566433652
-566275172
-565699338
-564496771
-564424115
-563919175
-562713151
-562337566
-562013273
-561956837
-561792516
-561264292
-561090714
-560880367
-560395715
-560014104
-559757467
-559264579
-557305026
-556748475
-556646235
-556230247
-556206130
-556025124
-555864091
-555544341
-554818442
-554628555
-554461055
-552829380
-551714779
-550969653
-550015243
-549940454
-549780195
-549564743
-549344416
-549055366
-548974007
-548637185
-548392047
-548048724
-547449159
-547364809
-546906035
-546260057
-546055725
-545578814
-544145394
-543241790
-541677523
-541440983
-541357544
-541312887
-540065926
-539335710
-539163615
-539149258
-538405918
-537988893
-537978194
-536676362
-536589658
-535867106
-534948680
-534667070
-534189238
-533818277
-533679731
-533651676
-531845384
-531562141
-531182465
-529832055
-529612752
-528416159
-528301357
-528167722
-527593475
-525797799
-524613992
-524120547
-523519533
-522392757
-521122821
-521114479
-518281134
-518093716
-517947580
-517452418
-517307425
-516384181
-513967942
-512947924
-512431406
-512298365
-511720336
-511680459
-511617833
-511386249
-511345694
-511193416
-509351528
-509185263
-509057695
-507889875
-507428111
-506344350
-506257353
-505250763
-505178685
-504605104
-504500641
-503600555
-503401466
-501830503
-501771496
-501639531
-500596277
-500272684
-499942170
-499790579
-499371178
-499022698
-498691248
-498278593
-498174363
-498126078
-497807384
-497710611
-497703614
-497505251
-496911386
-493340975
-492940589
-492866268
-492840732
-491814530
-491556804
-491321458
-489944176
-489520665
-489334521
-488986817
-488986754
-488713018
-488653332
-488565595
-487523934
-486839678
-486393136
-486004125
-485911583
-485578469
-485151496
-485134903
-485030635
-485015124
-484878978
-484709911
-484498006
-484306118
-484022331
-483868547
-483865349
-483533905
-483470008
-483361802
-483021319
-482453221
-481632496
-480951617
-480581056
-480165937
-479732552
-479664188
-479102292
-478860556
-478790255
-478498520
-477365456
-477159188
-477096179
-476842598
-476705422
-476169649
-475581581
-475268105
-475137862
-475066684
-475053418
-474511587
-474409147
-474151923
-474049186
-473519404
-473484494
-473451754
-473054411
-472411681
-472183473
-471871587
-471544174
-471198426
-470194666
-469683590
-469622863
-469015692
-468306357
-468252546
-468146594
-468093841
-467307698
-465483502
-465480794
-465056912
-463788636
-463527058
-463517035
-463397500
-462725258
-462536738
-462439469
-461626180
-461590445
-460997073
-460896274
-460840616
-459705580
-459507500
-459468498
-459075822
-458870162
-458134633
-457703630
-457065169
-456294917
-455566526
-455039947
-454858396
-454669179
-454418684
-454248272
-452856375
-452814578
-452270851
-452130384
-452094201
-451711072
-449764747
-449480066
-448117606
-447805707
-447778387
-447562661
-447538801
-447406860
-446960372
-446497098
-443785270
-443221594
-442727709
-440918442
-440013977
-439587829
-438940649
-438635072
-438543014
-438269086
-438162048
-438072690
-438007319
-436162024
-435389732
-435174896
-435057039
-433993762
-433288168
-431346695
-430899778
-430557413
-430441752
-430147144
-429856817
-429149747
-428969117
-428759742
-428667639
-427825683
-427728172
-427722132
-427677288
-427516932
-427134577
-426684176
-426397022
-425788105
-425594086
-425419231
-425250760
-424235960
-424201680
-423894948
-423808770
-423517313
-420860333
-420497659
-420481399
-420213802
-420197092
-419933249
-419902594
-419864488
-419777858
-419457864
-418113725
-417734798
-417596106
-417518649
-417013569
-416715695
-416026823
-415984740
-415471933
-414938222
-414167312
-413631799
-413241488
-412337862
-411761199
-410872896
-410774579
-410480474
-409613659
-409537965
-408819911
-407100596
-406695871
-406534799
-405433878
-404823908
-404561717
-403947211
-403523943
-402556939
-402142788
-401667087
-400630558
-399502718
-399401692
-399245731
-399065898
-398409913
-396805929
-396789061
-395694746
-395518365
-395429565
-395359944
-395069851
-394204332
-393787869
-393087013
-392901935
-392297222
-392187583
-391923469
-391884543
-391854275
-391255305
-390507748
-389041474
-388936994
-388444290
-388331295
-387801388
-386031310
-385631168
-384976795
-384910810
-384734094
-384238947
-382339385
-382317309
-382262540
-380744440
-380721971
-380494354
-380483801
-380176121
-379767633
-378528978
-378276545
-377145759
-374920373
-374646021
-374344104
-374219473
-373873625
-373543364
-372292156
-371765658
-371602835
-371180302
-371124914
-371104161
-369795590
-369161675
-369125458
-368925662
-368581515
-368547314
-368057608
-367023007
-366464087
-363984539
-363610523
-363382983
-363084179
-362986345
-362386315
-362320368
-362139796
-361819262
-361758825
-361745610
-361400912
-361372540
-361019837
-360817356
-360401916
-360397693
-359960808
-359658751
-359371555
-358240171
-357997574
-357968022
-357103906
-357034818
-356813969
-356662696
-356509503
-356504752
-356330301
-355966701
-355306847
-354853542
-354619284
-354484805
-354244562
-353654932
-352780664
-352624406
-352333136
-351550901
-351134583
-349942899
-348251069
-347694298
-347466667
-347394049
-346333671
-346074088
-345036738
-344694521
-344231029
-343609400
-343593426
-343586665
-343166843
-342931509
-342887633
-342411840
-341733417
-340241999
-339760488
-339298703
-338679401
-337902469
-337862663
-336877769
-333577367
-333462848
-333379952
-331750811
-331649151
-331305259
-331157020
-330623625
-330618465
-330556369
-330523276
-329203904
-328673438
-328550851
-328521637
-328117658
-326808351
-325541700
-325128102
-324825499
-324023706
-323899806
-323082699
-322777130
-322127928
-322116084
-321672434
-321613275
-319990535
-318717868
-318680766
-318160622
-317745957
-317402519
-316565648
-315520049
-315247580
-314941313
-314649141
-314374013
-314332364
-313484931
-312977087
-312679381
-312060171
-310868124
-310610622
-310380972
-310329676
-309571579
-308503660
-308335654
-308282671
-307607256
-307030849
-306782522
-306715313
-306714950
-306383276
-305905282
-305354085
-305043145
-304432615
-304371543
-304219294
-303928408
-303750615
-303369513
-303119874
-302156816
-301267685
-301064347
-300668252
-300643896
-300337654
-300279222
-300091742
-299915174
-299632157
-298654394
-298306021
-298258562
-298098301
-297950218
-297614298
-297373046
-296854526
-296607470
-296349884
-296348951
-296231551
-296091442
-296055568
-295862591
-295699270
-295545733
-295275271
-295167733
-295043259
-294960984
-293823022
-293497832
-293211728
-293183557
-292740746
-292738308
-292376626
-292191554
-292021956
-290737633
-290332999
-288512493
-287434122
-286712576
-286658540
-286654677
-284801007
-283288189
-282819574
-282756702
-282459605
-282274745
-282218950
-281911219
-281655849
-281374174
-280509070
-279619399
-278946455
-278281938
-277703666
-276397183
-276396786
-276251564
-275627312
-274478661
-273975235
-273206193
-272891002
-272751172
-272488390
-272344919
-272016730
-271281133
-270746829
-270655440
-269778620
-269676364
-269651727
-269274708
-268245694
-267682714
-267515351
-267475545
-266990773
-265401540
-265239281
-262490321
-261414289
-261258944
-260515949
-260477287
-260464388
-259994664
-259983757
-259919393
-259499104
-259058618
-258265374
-258154687
-257449112
-256887856
-256813789
-256711129
-254302567
-252849875
-252145454
-251187753
-251107410
-251093463
-250630125
-249149101
-249098781
-248863681
-247665508
-245765370
-244626707
-244383345
-243768423
-242661847
-242412920
-242016583
-240900668
-240744586
-240692967
-239898103
-239647028
-239523590
-237742463
-237607843
-237558425
-237369366
-236930365
-235721520
-234935747
-234442354
-234362998
-233694901
-232606347
-232100801
-231973210
-231668330
-231414158
-231333594
-231269483
-231191486
-230959182
-229851448
-229756859
-229551241
-228129849
-227809058
-226287465
-226119875
-225433501
-224560832
-224422749
-223490252
-222961387
-222046583
-222029761
-222021235
-221712253
-220768673
-220600647
-219830878
-219384703
-219112498
-219100008
-218698487
-218355093
-216546123
-215674443
-215602046
-215264969
-215051359
-215007302
-214570218
-213964358
-213551532
-213550523
-213357748
-212473886
-210719598
-208199645
-208136100
-207312957
-207266137
-206876495
-206876324
-206867747
-206825148
-206357557
-205333380
-204776004
-204695290
-204529496
-204463489
-204098296
-203806623
-203348720
-202944619
-202044227
-201780265
-201554715
-201183704
-201157275
-200924709
-200385547
-200294488
-199274073
-199208529
-198808906
-198749376
-198495594
-198415554
-197942828
-197510080
-197409219
-197162148
-196302072
-195994107
-194886030
-194344531
-193749546
-192571803
-191920020
-191738249
-191470689
-191338751
-190729136
-190396484
-190108157
-190075440
-189594034
-189589723
-189335558
-188651899
-188402727
-187173692
-186801557
-186626794
-186371228
-186123074
-185972191
-185771791
-185131006
-185116592
-185107193
-185079883
-184317819
-184138154
-183599960
-183300548
-183063080
-182652486
-182441451
-182424507
-182352905
-181733204
-181193709
-180987768
-180458239
-180154250
-179377895
-179083529
-178594501
-178124368
-178082335
-177563196
-177143581
-176568475
-176437899
-174821012
-174688915
-174565833
-173227675
-173056183
-172476954
-171595688
-171297535
-170731395
-170212548
-168701845
-168173240
-168130549
-167710174
-165138341
-164464229
-164416132
-164052234
-162934679
-162736896
-162711912
-161520517
-161390729
-160230622
-159548958
-158405756
-157480896
-157462844
-157272244
-156849693
-156110642
-155960376
-155592498
-154716922
-154647063
-152351432
-151893777
-151819222
-151671259
-151530423
-151503593
-151324152
-150581538
-150364985
-149831358
-149801408
-149793524
-149740929
-149160003
-149061224
-148686603
-148140678
-148132334
-147915418
-147347424
-147084914
-147028983
-146741882
-146634119
-146347238
-146225114
-146132356
-145775865
-145567942
-145559753
-145055594
-144424422
-144194393
-143545141
-143164666
-142585550
-142283447
-142119096
-141702270
-141191401
-140862095
-139769876
-137669821
-137070114
-136654227
-135796748
-135016923
-134929370
-134784031
-134525889
-134490607
-134330919
-133923971
-133517528
-132184942
-131686370
-131642968
-130785732
-130170713
-129921734
-129530158
-129385260
-129156179
-129097298
-128662376
-128473587
-128412878
-128191594
-127884987
-127836482
-126854580
-126089019
-126048529
-125800366
-125737049
-125344472
-124530307
-123549083
-122945389
-122515125
-122496037
-121730988
-121221010
-120861567
-120125652
-119200205
-118813174
-118310703
-117291769
-117135771
-115698103
-113891872
-113373257
-112182149
-111801761
-111514581
-111435037
-111139893
-110963466
-110874547
-110548988
-110329291
-109779119
-109604581
-109281816
-108660255
-108635603
-108300197
-108245520
-107103210
-107033447
-107024091
-106889232
-106819936
-106666566
-106577175
-106217000
-106159761
-105107311
-104556335
-104496095
-103952591
-102930711
-102238797
-101701330
-100895784
-100812574
-99255034
-97486065
-97191654
-97152311
-96777878
-96398948
-95963812
-95171883
-94963799
-94196189
-93977856
-92929857
-92406067
-91351120
-89814778
-89605078
-89589888
-88880969
-88600559
-88582704
-87876256
-87740885
-87557716
-87432094
-86182570
-85733204
-85722374
-84647863
-84301421
-84152359
-83965629
-83785543
-82950520
-82076524
-81783616
-81266865
-80953600
-79939631
-79914040
-79216150
-78471628
-77536203
-77361245
-77321927
-77256899
-76728399
-76451872
-76248057
-75995911
-75706700
-75112865
-74199306
-73646915
-73457091
-72656726
-72490285
-72282639
-71677096
-71646870
-71577962
-71155144
-69702248
-69147741
-68739035
-66668952
-66603298
-66449032
-66275594
-65434547
-64983489
-64983016
-63335974
-63303095
-62026984
-61890681
-60787064
-60111026
-59487846
-58283445
-58022024
-57764900
-57645446
-57275743
-56755191
-56524407
-56437580
-56244386
-56129964
-55832111
-55451278
-55014899
-54900894
-54391682
-54306066
-54257584
-53908651
-51914631
-51220254
-49682262
-49626797
-48984346
-48344448
-48162091
-47652691
-47034509
-46938947
-46408085
-46215851
-45984242
-44882390
-44825162
-44676913
-44597676
-44040729
-44021969
-43921542
-43380551
-43304902
-41960165
-41768684
-41350969
-41169885
-40648110
-40546281
-40520032
-39817633
-39098482
-38849870
-38190741
-37622852
-36123590
-36037575
-35903717
-33743592
-33341409
-33129917
-33023712
-32801330
-32763850
-32172222
-31468978
-31330018
-31068836
-31064915
-30850285
-30331583
-30248705
-30209383
-29937459
-29566787
-29301464
-28893347
-28718145
-28306467
-27509887
-27094814
-26961566
-24117253
-24014883
-23492530
-23326239
-21861522
-21666825
-19872210
-19492483
-19478281
-18985784
-18917359
-18888203
-18566056
-18482741
-18280554
-17973440
-16644768
-16240221
-16089089
-15283269
-14658372
-14338701
-14194628
-13754629
-13496628
-13450049
-13155940
-12427524
-12162381
-11726003
-11063678
-10659645
-10067466
-9877009
-9409711
-9370510
-7211996
-5344228
-5190235
-5060179
-4189347
-4089692
-4045773
-2670111
-1259094
1520196
2035554
2665324
3619297
4491853
4654728
4909978
4968846
5052530
5114515
5544311
6174938
6520603
7293778
7528125
7582763
7984753
8044698
8436973
9636533
10129380
11422979
11858819
11918255
12981129
14488124
14538620
14924480
15169430
15316840
15415269
15520995
15997974
16157084
16727466
17116515
17233052
17238306
18633771
19704335
19998597
21017643
21268898
21744857
22352388
22500570
22917156
23574751
23576297
24015257
24827651
24998315
25290839
27151790
27363776
27378785
27391934
28559971
28795677
29668321
30235714
30731356
32632131
33433083
33696901
33747138
34250284
34422899
34659559
35179014
35374621
35540733
36726665
37942143
38221543
38442135
38946859
39160002
40959193
41276135
41299401
42071714
43355999
43796980
44277716
44474054
45347395
45662298
46565133
48797682
49702853
50281492
51698950
52269048
52373391
52570047
52917950
53105135
53307061
53397926
53933595
54020911
54121188
54231831
54237697
54682399
54846897
55444492
56728067
57028880
57308170
58066907
58085073
59474194
59625354
59771545
60056044
60717101
61655233
62038442
62054152
62101510
62889105
62989247
63410212
63645423
64080148
64570101
65435423
65523881
65734197
66862921
67714871
69298581
70073192
70218932
70511750
70780201
70957953
71412064
72156032
73367860
74480318
74686152
74734138
75355385
75541934
75673753
76130969
77159951
77443010
77544967
77629513
77984479
78665119
78771953
78998408
79012521
79086485
79304520
79322523
80288524
80537481
81811359
81828693
81979803
81986521
83308701
83329324
84009001
84051051
86203211
86340595
86402658
86669722
86839786
87301592
88373281
88615115
89378678
90414612
90972188
91041888
92031263
92089585
92577155
92688651
92824170
93194742
93404921
93560932
93572436
94403893
95035746
95643967
95881509
96225960
96852383
96945275
97363690
97497584
97684625
98179307
98353854
98638098
99719265
99924882
100087054
101050015
101180273
102215213
102314309
103257771
104273888
105773663
105863019
107120506
107420581
107514233
107595371
108948082
109080172
109429027
109441246
109471509
110098668
110851182
111169626
111402811
111931509
112148530
114668314
114999751
115036718
115222435
115338756
115657090
116562908
116849782
117156914
117671981
118088580
118395577
118411881
118531911
118559868
118809146
119439300
119794266
120186934
120418049
120434520
120676780
120880536
121472540
122086595
122144258
122211774
123860192
124806556
125721086
126342563
126623482
126737732
126828408
126959548
127037897
127899813
128118205
128209066
128273884
128708441
129715075
129834801
132251827
132293262
132298638
133054623
133273187
133474300
133852795
133962284
134223040
134346004
134876302
134928271
135121908
135238366
135329831
135759732
135814559
136171320
136708529
136957380
136958993
137007210
137273340
137285571
137803734
138192378
138434281
138463846
138595008
139176259
139600518
140175486
140240445
140497230
141338845
142736107
142739374
143306239
144759456
144865117
144982129
145400981
145504188
145594011
146371218
147033106
147099932
147508330
147816725
148160136
148715345
149086461
150904241
151709054
152111458
154198046
154489122
154669879
154980022
154996997
155631686
157555740
157884615
160272678
160436836
160505261
162824832
162909431
162925329
163669536
163830642
163920263
164280386
165188787
165892239
166573861
166918276
167205846
168560658
170304274
172612325
173409734
173569531
173643611
174156445
174553611
174821403
175296570
175766443
175936529
176093023
176403863
176699001
177455533
177914431
178234657
178335444
178788123
179049809
179191622
181450324
181798343
181986801
182025890
182049553
182188221
182525713
182759420
184032466
184673509
185290903
185425613
186152555
186386503
186621800
186802340
187421268
187793882
188298995
188703663
189258996
189352408
189779517
190426968
191374733
191590931
192430538
192500621
192526211
193081942
193269865
195842991
196263459
196777999
197416667
198024759
198177430
198390961
200590139
200920261
201942204
202637501
203867541
204365469
204487046
204950652
204960813
205230220
205448375
205718018
206378432
206549980
206585143
206635791
206844942
206989593
210251356
210998936
211242726
211787415
212424344
212426859
212619933
213173224
213949313
214083937
214513518
215078935
216065753
216371931
216801733
217319872
217676297
218256325
218936476
219287035
219732562
219863174
220411510
221547789
222077521
222343816
222776729
223503057
224157839
224334330
224699652
224706616
225507136
226115930
226479841
226933279
227464217
228007044
228198079
228298984
228313491
228461544
228494081
229161725
229782113
230108086
230210683
230426950
231192276
231243813
233200234
233515540
233875183
234615392
235561205
235854610
235989195
236480301
237268145
237591829
238743376
239053104
239388875
239629089
239851212
239891434
239978047
241891132
242442601
243548353
244782055
245708650
245996491
246482694
248565442
250202546
250679594
251213737
251559206
251710733
251746308
252196283
253722792
253744986
254314481
254347994
254741396
254996843
255095448
256069517
256216612
256313339
256656983
256835049
257461404
257519114
258436927
258813764
259395759
259410100
260035991
260218966
260271299
260719193
260759061
261172123
262142271
262353326
262571837
263202678
263979108
264042695
264212387
265390434
265515416
265793162
266211586
266360773
266807038
268501422
269710950
269769671
270567847
270869845
271251862
273734610
273761718
274120859
274824556
275029583
276708453
276991608
277021536
277297153
279597078
280034526
280604886
281104587
281932012
282703755
283395183
283498001
283635321
283827738
284838800
285262715
285792395
286075923
286448022
286816711
287084271
287124160
287702989
287765836
288207474
288574131
288620529
289730401
289792440
290294839
290939052
291020991
291055043
291214932
291425298
291587773
292013955
292258011
292837345
293477755
294351097
294942672
295251152
295512586
295561668
295760772
296214622
297159030
297221550
297572022
297607713
298438202
299011198
299117480
299361655
299456872
299586625
299799236
300574143
300999197
302038130
302948669
303322477
304260848
305332171
306164652
306578774
306848921
307010329
307294441
307684254
307826036
307970419
308321661
308342122
308662950
309030830
309492774
309889455
310216715
310359175
311095780
311150749
311601339
311610337
311868655
312298645
312503520
312812390
313159345
313876321
315622126
315667503
315734559
316056462
316334224
316444697
316545585
316682179
317200080
318271602
318488850
318918098
319111532
319305661
320040842
320631419
321604021
321804555
322164441
322341500
322378566
322524642
322916694
323789928
325410597
325948686
325985559
326405462
326438709
326650022
326983427
327061143
327280643
327640284
328017738
328124561
328290392
328452073
328623059
328876070
328997818
329772399
330546749
330775722
330852021
330965040
331300132
331813532
332509065
333617944
333747021
335021847
335178459
335446064
335759662
336525732
336591427
337039504
337050026
337517619
338530707
339030176
339266050
340574191
340628146
342302544
342755287
343046790
344726523
345171120
345357974
346070273
347206848
347223851
348380442
348865310
349688954
350828440
352320494
352713092
353433449
355547305
355702265
355902578
356804513
357242644
357248322
357639625
358265256
358364791
359408629
359466508
359544173
359691527
360079761
360229702
362497727
362685813
363270829
363819969
363864162
364070195
364851722
364866911
364937781
365748530
365837734
365983441
366233042
366636384
366989112
367205670
367621757
368054781
368294760
369374437
369475040
369562543
369703770
369955794
370572075
370987142
371529076
372074421
372305566
372492232
372527356
373268649
373572608
373731277
373823227
374322857
374625360
374732561
374882720
375052233
375097314
375397110
375655184
375683019
375890862
376348764
376727152
378372660
378431958
379338860
379435125
380589438
380617648
380669544
380735329
381159801
382192529
382896613
383038210
385417336
386053337
386385931
386904847
386922746
387244237
387352639
387380444
387545757
387906161
388591360
388872729
389290107
389752229
390412448
392267773
393230165
393675223
393820801
394938684
394939308
394950337
395886623
396047297
396859266
397937626
398239553
398316746
400271754
400442140
401061993
401226729
401246263
401543878
401914713
402350710
402370528
402846423
403242424
403523458
403605391
405509642
407024243
407805289
408414948
409373042
410480047
410749740
410847596
411273992
411954592
411970598
412789508
413165461
413519496
413749562
414413150
414510312
414846613
414898186
415571453
415838266
415873435
418422864
418664974
418670874
419085844
419330818
419435898
420811476
421468994
421766606
421998590
422253916
422892310
422942014
422971048
423047310
423082799
423466709
423872345
424108626
424307954
425256418
425300468
425752493
426165233
426273220
426384955
427209531
428534889
429055129
429347620
430518959
431223216
431402681
431435555
431468430
431861201
432207880
432735397
432817847
432933592
433020228
433655820
435736483
436313337
437861203
438283947
438419321
439049684
439125680
439234243
439965448
440891554
441534353
442274667
442486834
442720901
445913727
446032092
446063877
446204510
446296220
446832852
449146952
449255944
449508324
449736193
449971240
450692487
450732285
453177945
453400293
454035595
454229505
455401786
457122768
457130377
458331849
458739961
459478348
459710745
459836189
461901339
461956644
461996136
462441984
462985355
463344634
464199050
464285995
466371726
466862807
467466493
468592705
468809046
469285464
469327083
469757245
471055457
471913525
472207241
472408368
473356877
473850221
475432404
477833041
477930614
478040566
478537622
478723227
479587056
480080676
480507007
481256854
483238641
483943583
485600135
485822314
486404344
486866620
488035076
488239902
488745510
488903481
488905698
489023878
490440907
491414968
492283691
492718812
493104218
493171531
493410287
494100744
494155808
494732084
495839190
497210433
497927628
498723586
498910388
499087494
499212062
499770560
500558108
501636048
501834238
502079010
502577809
503181171
503697657
503821113
505077608
506648320
506871260
508654556
508711591
508729581
509596357
510106719
511081982
511712347
511792411
512635303
513129133
513131526
514340918
515122784
515582902
515825142
516074140
516767606
516787996
517807360
517901051
519388549
519820334
520441856
520621057
522217039
522934922
523249729
523250603
523289740
523632665
523741147
524215653
524866146
526201291
526483586
526533071
527370388
527901858
528055942
528092104
528909438
529380705
529424586
529727857
529856768
530232843
530439644
530564390
530652994
531926493
532568485
532608394
532677534
533248730
533309085
533325281
534089118
534302068
534474141
534920926
535194898
535825081
536535529
536740300
538524536
538636857
538730795
538889484
539466725
539940164
540161423
540761594
540794442
541398303
541714222
542611992
543277475
543421888
543711345
545398681
546521475
546529538
548011111
548016525
548274724
548477225
549367321
549632782
549978352
550206106
550232698
550328512
550841026
551057373
551763189
552209866
553249649
554231103
554371789
554794495
555585415
555942244
556118498
556834600
557953498
558626977
559586868
559665519
560106289
560623709
560640046
561871166
562010225
562876051
563119183
563696895
564006683
564308421
564596376
565358194
565969942
566397726
567600004
567807736
568202695
568720760
569314302
570054636
570066287
570267549
570490134
571695117
572225168
572950972
573535166
573870820
575178419
575392353
576055796
577365756
578199611
578398761
578978397
579601636
579627859
580142762
580308444
580889576
582345410
582587011
583175911
583891865
584058070
584088311
584794420
584806412
585952657
586021738
586024695
586044072
588487372
589200369
589839133
589935629
590292015
590335816
590368502
591563985
592007502
593105113
593150319
593737189
595052959
595221134
595325000
595628574
596972850
597099557
597320898
597442597
597909739
598664718
598724610
599035823
599102813
600127964
601069996
601341575
601617663
602114645
602589738
603367865
605027770
605198618
606220332
606543867
606644632
606707604
607632301
607742025
607903242
608934730
610594022
610642084
612030872
612059040
612082603
613562104
613672018
613871271
614263198
614356249
615867424
616625144
617579826
617672009
618005893
618084828
619411835
619759148
620379465
621045845
621135674
621328845
621449342
621549156
621598382
621788361
622638160
623209584
624210419
625098246
625739575
626206000
626855249
627013277
627120892
628585323
628607233
628852753
629053929
630085497
631636371
632279030
632540260
633198150
633440664
633731711
634279894
634327638
634334315
634782835
635872854
636174197
636489839
637572124
637674160
637698602
638807062
638970007
639199141
639805227
639999528
640017866
640288342
640618925
640771001
641183764
641802357
642074083
642294272
642622056
642654496
642730020
643005229
645981631
646159219
646501025
647224712
648216155
648479982
648631191
649010209
649032124
650433896
650605070
650937696
651698850
651940717
653319893
653540272
654267187
654511885
654562854
654933774
655002738
655498835
655928686
655982376
657224268
657489261
658534343
659419871
659530596
660098217
660699868
660957010
661292123
661614394
663055030
663274774
663426429
663734444
663946673
663955328
664195668
664248596
664837679
665549901
666398868
666402453
666668219
667292905
667508394
668798122
668918420
669884871
669916142
670788806
671605438
671986201
672063620
672092530
672220884
672506174
673765584
673863955
674137531
674838545
675034303
675121399
676940313
677107292
677194471
678606866
678674326
679917399
681671197
682242729
682737184
683350762
683850677
683961111
684046393
684827923
686681679
686825628
686919225
687275275
687296736
687865308
688710636
688737554
689689214
689871800
689929638
689950397
691559805
692509036
693328380
693331548
693375667
694126753
694137800
694742254
695691650
695796331
696689311
696790543
696957056
696986235
697565714
698357699
698362892
699122582
699650209
699723199
699984173
700390600
701580331
701592662
701599910
702994416
703811341
703963665
704709523
705226487
705317596
705647007
706244930
706313326
706607451
707873495
709228922
710277030
710378508
710859859
711014693
711438347
711825648
712017205
712393750
712608949
712765181
712860574
713121873
713359961
713593444
713951831
714610201
714993055
715721202
716401275
716684342
716724654
717724740
718409927
719556957
720338964
720894418
721339283
721473079
721715213
721960534
722262946
723261253
723359092
723851326
723875514
725013132
725493577
725616131
725662421
725787690
726139979
726862634
726997964
727168547
729089078
729425406
729729804
729762554
730482490
730668925
731193579
731406994
731443539
731548267
733069997
733860067
734273206
734593922
734770300
734916200
735026405
738347872
738470064
740880357
741390590
741703672
741802082
742598514
743124929
743163017
744104971
745099459
745124436
745139039
745928684
746559464
746754065
748127432
751093490
751461129
751916160
752917680
752950315
753842724
755490052
755645354
756160127
757155029
758989347
759972510
760323742
761282861
761882558
762199466
762602540
762829263
763931370
765436161
765746266
766286320
767298192
767377517
768042340
768120583
768263730
768704874
769297052
771979062
772183368
772473893
772536051
773117451
775626725
778075972
778397393
778419457
780185808
780969132
780981167
782605387
783333386
783398681
783421503
783870254
784204357
784481952
784566605
785031832
785289779
785932963
786914969
786971089
787436135
787627972
788248480
789670524
790027386
790372101
790637190
791672644
792227205
792643950
792914046
793086341
793168350
793396820
793409216
794607489
794737350
795022658
795057269
795606533
796017490
798140664
801430092
802251755
804284191
804681785
804786723
805052532
805993491
806013796
807025929
808651524
809166314
809404213
809674292
809747326
810184493
811047711
812202201
812403854
812903958
813541656
813794997
814007097
814171797
814482199
814700805
814800042
815131030
815283308
816245789
816878892
816927268
817498353
817520617
818010664
819972599
820280313
820402942
820878730
821367543
821585086
823843731
824618593
824783967
824878435
825303018
825673840
826557559
826786597
827495742
827515980
827598594
827957396
828114495
828593140
829242037
829964781
830641039
831560633
831668386
831765465
832171588
832785228
832913345
834769927
834979943
835061410
836689810
836834189
836888497
837789837
838761207
839065975
839857610
839874219
840110403
840303217
841570819
842901574
843394209
843581276
843696003
843712362
843974682
845078381
845357777
845370765
847107746
847496205
847789888
847847063
847898265
847900900
847994418
848705324
849927225
849987598
850127274
850401807
850464279
851395032
851487572
852354214
852425775
852539443
853267398
853777002
854125343
854732873
855046382
855845606
855938265
856087162
857748825
858353226
858476518
859926338
860471386
860873743
861056085
862037198
863551437
863871720
865311678
866097619
867170792
867333047
867377067
868541981
869097786
869411701
869745601
870132292
870995803
871658025
872250832
872588706
872759679
873761432
873865856
874242781
876104117
876352019
876551938
877078692
877620824
878601507
880561597
881507834
882216114
882287676
884826452
884849706
885368287
885908875
885982523
886169249
886912225
886958689
887463276
887788288
887926647
889075740
889496989
892221413
892503670
892791972
893021524
893061659
893074114
893421821
893806689
895175890
897823762
898797030
899461004
900895199
901687895
903121638
903378978
903422210
903938948
904999453
905963213
906439244
906517651
906849406
907236126
907402416
908011579
908832187
908901911
909142046
909593334
909628865
910643312
911077312
911535399
911716100
912609964
912759266
913264798
913340371
913556354
913764716
914104444
914886803
915145668
915958722
917224234
917565701
918002648
918746188
919006318
919423180
919804252
919885734
919957183
920378457
920548416
921708111
922004509
922390778
922827713
925430478
925431278
925541867
925603908
925637467
927019586
927644002
927872578
927937414
929481467
929534714
929747343
930636295
931947717
932562377
933223107
933400722
933720031
934170482
934348962
936077372
936298991
937249754
937530368
937873944
938062227
938111942
938162219
938197993
938687060
938895003
939074460
939261570
939487220
939907696
940465267
940521831
941173229
941638958
941809434
942082543
942449638
942610793
942610992
942951881
943636172
943864179
943911251
943947804
943954076
944262720
945813826
945929310
946195722
947304648
947668512
948368794
948712762
948873746
948889864
948910737
949913426
949949818
949966229
950441599
951354152
951906798
952047612
952730170
953472776
953702559
953743588
953797423
953941643
953955885
953963020
954399252
954654781
954664417
955027156
955818194
956041402
957379061
957385795
957575815
958886584
959557403
959566392
959613313
961042667
961342681
962297575
962953222
963094842
964354574
964596730
965093132
965698177
965984582
968152608
968411030
968951742
969015130
970120370
970404681
971175363
972271244
972280431
972643823
973980015
974314114
974458381
975552318
975588427
976169036
976384824
976479701
976942462
977211250
977742893
977970600
978256474
978596969
978905222
978907295
979321341
979503584
980166098
980209691
982473907
982766604
983059924
983645705
984445946
984623485
985241947
985251189
985399454
985712334
987042992
987072678
988166249
990106656
990258422
990362377
991837221
991985881
992234568
992518507
992621208
993404846
993460243
993643684
993955779
995137774
996009852
997582455
997879494
998361754
998796571
