4.704171180725098
12497500
5000
-999972279
-999969859
-999142584
-998179190
-997263639
-997056209
-996100487
-995254471
-995224040
-995058231
-994525342
-994377458
-993891671
-993731907
-993640115
-993386874
-993199078
-993164765
-993013610
-992836267
-990691602
-989470215
-989233552
-989150922
-988908327
-988774193
-987215895
-986746090
-986671351
-986383213
-986031788
-986002313
-985468250
-985007523
-984675445
-984489179
-984432272
-984136654
-984071634
-983698334
-983415187
-983152989
-982829490
-981550469
-981449259
-980030249
-979649356
-978437656
-978355176
-977487898
-976959895
-976910349
-976832782
-976645394
-976324553
-975541522
-975355445
-975335832
-975114470
-975110607
-975108262
-974546659
-973182526
-972574445
-971203311
-970596066
-970416282
-970316797
-969266486
-968912509
-968214985
-968157621
-967772845
-967745556
-967670369
-966805078
-966789812
-966704435
-966647307
-966373932
-966102857
-965381659
-965233803
-965117132
-964862521
-964706670
-964689906
-964301074
-964271703
-964046694
-963325221
-962985936
-961869196
-961791052
-961230843
-960957026
-959176691
-958846681
-957906475
-957614633
-957468395
-957019155
-956828750
-956462421
-956117052
-956083021
-955546392
-955297607
-955188824
-954847500
-954680232
-954599328
-954527684
-953378716
-951982373
-951490999
-950854864
-950743978
-948297111
-948199194
-948198253
-947444274
-947272349
-946877508
-945705070
-945143110
-944616771
-944371838
-944138422
-943924192
-943542816
-943105406
-941908677
-941253959
-940451681
-940353398
-939977037
-939917227
-939852706
-939000936
-938941595
-937415450
-936808154
-935990461
-935546168
-935364899
-934958744
-934853338
-934833589
-934110668
-933818212
-933802308
-933171155
-932920629
-932241234
-932225235
-932134157
-931905725
-931845207
-931743548
-931488657
-930891393
-930603167
-930333940
-930213015
-929885624
-929213718
-928949254
-927926097
-927668979
-926686809
-925167491
-925006261
-923911138
-923764847
-923260755
-923241744
-922925490
-922699835
-922596576
-922563396
-922360870
-922220782
-921910489
-921170337
-921124560
-921044965
-920463610
-920276641
-920069613
-919707615
-919416866
-919140938
-919013569
-918578331
-918470561
-918329652
-918220553
-916141085
-915030674
-914762439
-913986557
-913954917
-913604942
-913236769
-913179719
-913106540
-912480946
-912473643
-912171636
-911577233
-911408658
-910353364
-910083553
-909961103
-909555147
-909255003
-908169439
-907826219
-907534243
-907313833
-907242810
-906838545
-906290576
-905354042
-904981947
-904577461
-904443703
-904413789
-904153368
-903080524
-902236118
-901717533
-901692716
-901519939
-901342058
-901071396
-900642145
-900555279
-900438024
-899908117
-899608060
-899279237
-898893198
-898399190
-898187127
-898092663
-898070584
-897963336
-897461867
-897061410
-897036471
-895489351
-895083500
-894057964
-893727820
-893661615
-893137118
-891997967
-891261568
-890937352
-890904004
-890561498
-890300552
-889955217
-889626500
-889058326
-888852886
-888845518
-888841242
-888734969
-888386319
-888051406
-887848768
-887340795
-887326886
-886670465
-885235213
-884737290
-884715158
-883913943
-883311307
-882608706
-881833874
-881687294
-881656381
-881646531
-881252090
-881203956
-881127623
-880646826
-879737185
-879241001
-878572052
-878525807
-877536965
-877345168
-876967058
-876637603
-876604563
-876323479
-876176615
-875279427
-875183782
-874886130
-874665101
-874239536
-873910938
-873674992
-873340306
-872606157
-872539269
-872438117
-871599508
-871534006
-871176947
-871108356
-870833025
-870663559
-870156095
-869185933
-869103523
-868177518
-867989593
-867113485
-866568983
-865779191
-865730783
-864954243
-864167041
-863282236
-862451885
-862203720
-861969879
-861524115
-860967742
-860395014
-859864555
-859756354
-859418440
-859099533
-858976656
-858450950
-858014346
-857906969
-857632790
-857423260
-857173103
-856709041
-856322365
-856269828
-855960938
-855855070
-855683553
-855402012
-855253443
-854803756
-854746651
-854413086
-853968895
-853856135
-853808401
-852592574
-852363142
-851930782
-851714781
-851571463
-851367485
-851345740
-849952721
-849387813
-849291000
-848998195
-848637999
-847067034
-846738264
-846689182
-846594261
-845987865
-845748401
-845213558
-845109569
-844652941
-844524273
-844362558
-843931870
-843578943
-843448851
-843278540
-843088245
-843073025
-842964226
-842957276
-842954271
-842510371
-842458075
-842321379
-842284363
-841719679
-841467114
-840410515
-839953382
-839838825
-839310517
-838476982
-838246434
-837943764
-837061368
-836799921
-835278565
-835179529
-834589304
-834288019
-832957236
-832824205
-832730775
-832577057
-832187682
-831842084
-831823835
-831481942
-831094307
-830386355
-829969388
-829851159
-827452925
-827445294
-827333274
-826982269
-826788637
-826606166
-825215253
-824871190
-824751949
-824380268
-824245186
-823533288
-822715175
-822714118
-822143225
-821459421
-820985553
-820682106
-820435467
-820082365
-819852430
-819615720
-819437877
-819342890
-819260971
-819007942
-817652564
-817585000
-817220750
-816726480
-816699679
-816256129
-816155211
-816058717
-815125980
-815004431
-814121911
-813272365
-812910994
-812802281
-812116101
-812033146
-811706260
-811626508
-811184630
-811139628
-810968651
-810893472
-810590042
-810584988
-809793791
-809675361
-809436321
-808689104
-808433244
-807658189
-807637408
-807612235
-806757206
-806733140
-806167573
-805865347
-805175594
-804034783
-803928797
-803756980
-803085544
-802939402
-802932192
-802225749
-801643953
-801022939
-800578322
-799829228
-799714440
-799651983
-799619092
-799524468
-799245895
-798297605
-798252480
-797889110
-797789381
-797432578
-796402871
-795941869
-795904307
-795569487
-795398494
-795370565
-795181042
-794737935
-794256648
-794052070
-793857863
-793755777
-793680540
-792646883
-792201562
-792142832
-791346940
-791324084
-790097773
-789909609
-789612524
-789369636
-788985561
-788694102
-788428227
-788072763
-787558592
-786804142
-785864084
-785677448
-785436379
-785311344
-785244417
-785154295
-784752772
-783743356
-783558827
-783461725
-783388878
-783279006
-782827068
-782126084
-781995879
-781602995
-781214397
-781122396
-780116065
-779948455
-779866480
-779839063
-777692941
-777659710
-777541045
-777428614
-777427868
-776870992
-776816648
-776771064
-776336330
-776233910
-774604319
-774430471
-774072479
-773354712
-772853234
-772691979
-772624019
-771601905
-771547862
-770999117
-770930163
-770603552
-770229719
-768862265
-767901194
-767501853
-766475363
-766028811
-765660734
-765304690
-765194580
-764903587
-764321698
-763958535
-763904281
-763872542
-763859026
-763837676
-763513700
-762715600
-762568694
-761315651
-760422947
-760024789
-759232273
-759195440
-758166470
-757598055
-757504535
-757486065
-757270897
-756573483
-756486115
-755686845
-755557008
-755554804
-753183677
-753174044
-751997367
-751991670
-751827543
-750719639
-750707874
-749910317
-749761464
-749563501
-749286521
-749230080
-748903524
-748746954
-748365344
-747340545
-747232409
-746952563
-746721496
-746672103
-746562390
-746551109
-746370836
-746207390
-745403022
-744645486
-744618609
-744394072
-744361279
-744178925
-743821245
-743593223
-743500360
-743149098
-743021343
-742419985
-741966293
-741879163
-741755658
-741611741
-741524830
-741120693
-740618958
-740455492
-739583828
-739336951
-738527734
-738350690
-738208223
-737803416
-737576801
-737388995
-737330399
-737147697
-737050157
-736307002
-735813725
-735754560
-735407985
-735240864
-735206612
-735126681
-734863322
-734836688
-734240845
-733875559
-732757400
-731883430
-731741611
-731010931
-730866797
-730513499
-730259112
-730051323
-729979512
-729816349
-729478778
-728486755
-728328169
-727880721
-726873505
-726014877
-725780742
-724085257
-723805206
-723717257
-723419863
-722494718
-721617310
-721345874
-720852784
-719887750
-719496641
-719474441
-719431048
-719405555
-719180267
-718962623
-718867485
-718764614
-718076132
-718011036
-717863956
-717782198
-717722281
-717392395
-716944009
-716915268
-716279107
-715714766
-715587972
-715534658
-714438807
-714349387
-714347313
-713713553
-713441840
-713097718
-713028358
-712748058
-712360577
-712187393
-711333677
-710904955
-709700836
-709304823
-708857546
-708774607
-708624966
-708547398
-708374979
-708362913
-708132125
-707697146
-707562818
-707450133
-705850519
-705427658
-704864281
-704612280
-704322692
-703958564
-703829243
-703724726
-703654520
-703313827
-703252017
-703209229
-703193449
-702947067
-700761185
-700518485
-700511850
-700498234
-699967353
-699129653
-699088917
-698894670
-698767331
-697937372
-697927077
-697233323
-697192397
-696852280
-695998506
-695434354
-695297800
-695018744
-694634425
-692702582
-692699699
-692554855
-691941366
-691484415
-691252348
-688587181
-688139379
-688057063
-687024565
-686992660
-686604777
-686244789
-686093180
-684920902
-684881853
-683830723
-683335139
-682668132
-682653340
-682188338
-681860024
-681616397
-681499863
-680253490
-679954823
-678899031
-678231723
-677668629
-677651266
-677540001
-677336780
-677298353
-677041617
-676393113
-676072091
-675995406
-675759470
-675394718
-675293576
-674553113
-674218980
-674084858
-673856205
-673469594
-671942072
-671882060
-671608326
-671585133
-671160752
-670126281
-669742365
-669370308
-669272488
-668275869
-666546330
-666245014
-665776699
-665610085
-664942725
-663810145
-663803908
-663544983
-663433072
-663215652
-662921500
-662850829
-662495898
-662340214
-662176066
-662053611
-661393197
-661255694
-661128349
-660123456
-660114881
-659647429
-659331028
-659240772
-658724960
-658536067
-658132179
-657489814
-657325352
-657273754
-657144274
-657023203
-656642520
-656540086
-655150119
-655034031
-654857639
-654438021
-654393286
-653640697
-653472078
-652955144
-652879113
-652503673
-652373171
-651682969
-651562586
-651325947
-650636237
-650591251
-649966408
-649362586
-649306806
-649217706
-648452118
-647716368
-646354802
-646253688
-645644044
-645213080
-644695092
-644512304
-643260633
-643187291
-642311054
-642156090
-641720560
-641306097
-641185158
-641165402
-640619570
-640592799
-640444678
-640047636
-639937820
-639479978
-639178360
-638925335
-638745381
-637949604
-637886716
-637497621
-637256791
-636371777
-635179823
-634872881
-634854050
-634462897
-634441941
-634438652
-634163326
-634066757
-633837371
-633674782
-633005204
-632856278
-632163294
-631902760
-631851082
-631720685
-631446831
-630967902
-630452280
-629696535
-629432070
-629026435
-628087598
-627627106
-627566660
-626963215
-626801251
-626698961
-626017389
-625833573
-625532346
-625273257
-623506289
-623045382
-622935967
-622635994
-622583006
-621248500
-620894883
-620707186
-620582395
-620417093
-620310418
-620127061
-620080762
-619646488
-619593111
-619487294
-619299333
-618616927
-617167750
-617146096
-617045283
-616526796
-615773592
-615633242
-615571343
-615157660
-613997592
-613558797
-613510905
-613360599
-613274293
-612731294
-612352287
-611694184
-611620333
-611361552
-610956048
-610245422
-609914033
-609839991
-609491919
-609476434
-609353923
-609001004
-608128663
-607731473
-606595072
-606029806
-605924510
-605451620
-605327210
-604635612
-603950552
-603420859
-603312943
-603301146
-601535255
-601317150
-601242163
-600411016
-600280717
-600219717
-599870860
-599175933
-599029560
-597721064
-596527665
-595711376
-594908865
-594823556
-594775621
-594754647
-594587223
-594393946
-593960619
-593756437
-593322316
-593289579
-593268131
-592606654
-592440445
-591684699
-591671439
-591375586
-591282107
-590905757
-590531869
-590164233
-588738215
-588451379
-588071972
-587683903
-587080000
-586722405
-586633465
-586376437
-585567190
-585333218
-585001399
-584984596
-584586470
-584178527
-584062463
-583882417
-582469998
-582065995
-581580757
-581405060
-580749648
-579326070
-579055570
-578719774
-578114719
-576315421
-576293772
-575861610
-575635637
-575509601
-575332626
-575248278
-574654240
-574471061
-572975686
-572693140
-572287317
-571958605
-571713268
-571130953
-570848210
-570472602
-570136661
-570126042
-569649993
-568897695
-568435614
-568345843
-567930823
-567841263
-567649645
-567576148
-567437930
-566759547
-566440160
-565951059
-564619563
-563937605
-563763819
-563489333
-562896382
-562777706
-562768140
-562440500
-562439743
-562184094
-561927956
-560942531
-560287594
-559230679
-558732180
-558332362
-558317784
-558032934
-557595414
-557579983
-557533528
-556306996
-556194096
-555325307
-555246303
-555078142
-554913509
-554741474
-554632251
-554185180
-553217388
-552845963
-552727427
-552390718
-552056265
-551790368
-551341163
-550692514
-550463932
-549924790
-549902843
-549831520
-549647905
-549370600
-549345305
-549131368
-548324419
-548134184
-548130519
-547497134
-547320297
-547301340
-546968182
-545600850
-545581136
-545465393
-544892480
-544553910
-543202743
-542840705
-542450646
-541847396
-541626903
-541358970
-540936304
-540904384
-540763296
-540717427
-540435255
-540402502
-540306335
-539142125
-539006763
-538962469
-538767513
-538584934
-538002708
-535931526
-534680155
-534477931
-534079026
-533972756
-533522573
-533314763
-533171719
-532073466
-531424525
-531237176
-529949258
-529763850
-529733156
-529249057
-527151738
-527039324
-526923089
-526135444
-525764119
-525390536
-525205850
-524262494
-523992655
-522909710
-522862342
-522036667
-521930045
-521487182
-521234888
-520447454
-520294944
-520158814
-520079931
-519194741
-518529737
-518282236
-517883265
-516653421
-516407433
-515659001
-515526716
-514597556
-514519513
-514200710
-513578472
-513506282
-513338645
-512856341
-512848923
-512231004
-511937071
-511303173
-511016527
-510806583
-510521961
-510419332
-510241654
-510163180
-510143588
-510036953
-509793955
-509428808
-509391454
-509167885
-508549554
-508418063
-508252587
-508213031
-507874245
-507850051
-507571388
-507403266
-507172539
-507108243
-507057065
-507014735
-506975788
-506947779
-506866717
-506448346
-506225680
-506082982
-505265259
-504939492
-504444317
-503079061
-501974538
-501660651
-501190800
-501018603
-500392855
-499885854
-499687244
-499570476
-499111103
-498668501
-498040874
-498039715
-497962700
-497549605
-496770651
-496705255
-496520176
-495643712
-495209975
-495177218
-494597266
-494404748
-494145297
-494133634
-493983287
-493775421
-493373199
-493056770
-492867351
-492239347
-492091923
-491900239
-491427768
-491032916
-490321074
-489456262
-489130664
-488950717
-488898550
-488085999
-487819267
-487698436
-487537111
-486528922
-485481533
-485258206
-485111406
-484653374
-484198291
-483975150
-483621468
-483574549
-482400310
-482155032
-481181677
-481147152
-479779883
-479653151
-479521696
-479470667
-479397923
-479223162
-479053569
-478555731
-478111089
-477828338
-477808402
-477639703
-476848565
-476468094
-476112605
-476031079
-475940654
-475325428
-474657763
-473844226
-473829597
-473715350
-473668044
-473126583
-472338097
-472224420
-470876523
-470749224
-470205078
-469548069
-469310169
-468628793
-468611922
-467846681
-467479956
-466543202
-465876185
-465779459
-465099727
-464494572
-464444189
-462575005
-462525093
-462448184
-461053870
-460916000
-460858358
-459976129
-458229266
-458220678
-458098560
-457906322
-457680083
-457354230
-457240867
-457155904
-457104110
-457080021
-456693597
-456618741
-456267030
-455778523
-455620497
-455407608
-455097618
-454720399
-454325263
-454025399
-453693613
-453243171
-452810649
-452398070
-452286010
-452070962
-451646386
-451126256
-450230603
-450124258
-449369618
-448880657
-448277182
-448018361
-447908687
-447760400
-447698886
-447516040
-447462140
-446997068
-446992195
-446799131
-446053790
-445851982
-445024159
-445021381
-444742270
-444682260
-444574152
-444382522
-444290703
-443371474
-443066980
-442725841
-442562187
-441522292
-441501624
-441412751
-441263244
-441217516
-440950932
-440942727
-440391517
-440282960
-440175544
-440058177
-439158315
-437973699
-436924239
-436911127
-436612049
-436241808
-436103234
-434924640
-434156090
-434146259
-432777551
-432640166
-431828911
-431148590
-429753026
-429257793
-428270180
-428086619
-427872414
-427860689
-427608072
-427604816
-426825463
-426814273
-426503487
-426492883
-426261800
-425736701
-425715251
-425260612
-424993220
-424882727
-424642323
-424263111
-424007843
-423794611
-423594054
-423482551
-423011426
-422369225
-421518622
-421157028
-421027406
-420944893
-420857584
-420547080
-420472311
-420007397
-419618669
-419134148
-418930399
-418926778
-418584074
-418180363
-416921191
-416826779
-416695435
-416466613
-416353112
-416260703
-415904267
-415755447
-415543728
-415125941
-415062289
-414903447
-414428917
-414284518
-413570695
-413516656
-413412397
-413142851
-411513360
-411503571
-411472395
-411378360
-410289222
-409461707
-408706011
-408615297
-408294917
-408259159
-407945615
-407771954
-407612163
-407266872
-406803116
-406137596
-404760975
-404709067
-404685019
-404146573
-403817936
-403044301
-402577400
-402344680
-401955376
-401659807
-400500331
-400352526
-400200595
-399631186
-398463080
-398439180
-397641924
-397336775
-397126234
-396647609
-396439534
-396132107
-396043537
-395971105
-395552815
-394491967
-392784753
-392760975
-392611586
-392324209
-392153510
-391763341
-391519518
-390792313
-390166780
-389978969
-389732756
-389245128
-388819654
-388739272
-388341894
-387868959
-387225676
-387061879
-386965425
-386810259
-386322410
-385742504
-385085984
-385018668
-384915969
-384749844
-383937678
-383776084
-383282419
-383214730
-381715091
-381626535
-381037222
-380876301
-380351435
-380350010
-380204907
-380013950
-379877346
-379336660
-379247223
-378938447
-378653698
-378440187
-377888469
-377817202
-377388523
-376873906
-375901145
-375695034
-374524510
-374252074
-374143770
-373174599
-372371811
-371681850
-371487756
-371434682
-370835241
-370533291
-370501560
-369675122
-369342364
-368619344
-368351656
-368341981
-367988999
-367945904
-367790283
-367759250
-367359439
-367342196
-366902254
-366255538
-365959307
-365791911
-365133838
-365085472
-364360558
-363138046
-362963104
-362818748
-362215659
-362178757
-361897070
-361083180
-360253736
-359915946
-358683778
-358365606
-357916014
-357371284
-356763410
-356450886
-356141376
-356110925
-355947990
-354413842
-353718170
-353668857
-353300600
-352769526
-352728421
-352706092
-352422329
-351888065
-351095493
-350974095
-350847392
-350646591
-350267662
-349960102
-349180912
-349040217
-348995883
-348545277
-348150785
-348053481
-346623060
-346401935
-346332321
-345909718
-345018529
-344783122
-344294992
-344108100
-344045124
-342755359
-342293443
-341938370
-341463254
-341115299
-341110728
-340928763
-340793391
-340753421
-340696728
-340315386
-340242492
-339684709
-339439895
-338788160
-338646878
-337114384
-336989376
-335863769
-335720579
-335602854
-335536220
-334367164
-334262658
-333923418
-333577371
-333513264
-333033792
-332790271
-332455316
-331959880
-331558517
-330668092
-330086572
-330042992
-329705682
-328882810
-328869880
-328418089
-328202360
-326791415
-326677243
-326662670
-326167649
-324900332
-323938774
-323402811
-323138476
-322674831
-321795343
-321741817
-320653640
-320492023
-319702235
-319421325
-319338469
-318709213
-318676631
-318492901
-318230662
-317883475
-317759754
-316706641
-316245708
-316217600
-316175053
-315588841
-315364139
-314573710
-314281643
-314217876
-313902048
-313861664
-313550166
-312355514
-312003734
-311708994
-311462071
-311259922
-311075150
-310883093
-309769371
-309683582
-309331804
-308943955
-308825057
-308185869
-306956224
-306100361
-305461279
-305005083
-304504467
-304298714
-303950906
-303320603
-302693190
-301969050
-301887887
-301359884
-300819711
-300716140
-299499162
-298206020
-297813234
-297601099
-297189647
-296205947
-295850600
-295176930
-294572944
-293862385
-293684031
-293639442
-293428561
-291846148
-291795162
-291618499
-290994965
-290891378
-290807023
-290422911
-290061784
-288570066
-288397012
-288313624
-287926247
-286085174
-284951864
-284370804
-284148117
-283975589
-283801501
-283712067
-282783099
-281872936
-281758620
-281179318
-281115868
-280785748
-280693322
-280595015
-280377394
-280107931
-280054316
-279725259
-279719329
-279620208
-278880904
-277316975
-276953278
-276905625
-276579715
-276530945
-275454015
-275038741
-275012514
-274916787
-274701318
-274466340
-274418980
-274356459
-274282186
-274001950
-273874719
-273564672
-273189431
-273093526
-272801205
-272544565
-271779630
-271454682
-271052547
-270482440
-269994375
-269918296
-269533767
-269465891
-269417275
-268744069
-268544616
-268369863
-268358317
-268153480
-267980162
-267748120
-267565516
-267175932
-267117800
-266886243
-266628694
-266086693
-265479016
-265204890
-264827460
-264797374
-264518452
-263696984
-263508678
-263246690
-262771179
-262491106
-261493237
-261117302
-261067698
-260529553
-260225900
-259427332
-258984206
-258820356
-258398055
-258250017
-257866768
-257645668
-257555664
-257531160
-257085649
-256104625
-255050867
-254558513
-254353582
-254198339
-253453260
-253327039
-252810773
-251971435
-250682022
-249818951
-249792554
-249402360
-249037768
-248996393
-248782378
-248279345
-247670214
-246851045
-246615450
-246171203
-245870660
-245576883
-245425880
-244984318
-244497540
-244470886
-244321114
-244313356
-244155262
-243907535
-243811251
-243672982
-243499177
-243101312
-241730950
-241624596
-241536794
-241245853
-240174332
-239891469
-239322727
-239181806
-239034965
-238787529
-238438349
-237976581
-237727885
-237412116
-237393591
-237190123
-237112147
-236871534
-236643941
-236524894
-236444127
-235446268
-234936436
-234135989
-233292355
-232263402
-232200733
-231989484
-231327002
-230674755
-230550769
-229716915
-228920120
-228769800
-228422668
-228410500
-227926464
-227257055
-226859423
-226603854
-226483709
-225750554
-225703625
-225674469
-225615006
-225351801
-225215156
-225164664
-225061875
-224411107
-224013744
-223084791
-222670317
-221433106
-220942317
-220827464
-220709383
-220693583
-219665020
-219397212
-218901632
-218172629
-217338300
-216718511
-216581797
-216501508
-216496373
-216135247
-216131659
-215411745
-215268655
-215085907
-214087371
-213257201
-213216887
-212937136
-212283771
-212235546
-210902365
-210616309
-210545095
-210016277
-209958044
-209362690
-207306837
-206306565
-205938942
-205734486
-205135046
-204769508
-204292205
-203590559
-203386691
-203351197
-203216747
-202615111
-202523140
-202301966
-202227556
-201662503
-201535528
-201213396
-201211767
-200976870
-200254123
-199752841
-198791862
-198389527
-198015008
-197907200
-197837403
-197704655
-197339338
-197230570
-196965806
-196386107
-196292913
-195689429
-194888956
-194486064
-194451415
-194436178
-194212834
-194144449
-194078314
-193998967
-193606799
-193591359
-192546970
-192488188
-191952732
-191926750
-190695745
-190544182
-189212057
-188682134
-188561452
-187287068
-186912195
-186819952
-186416274
-185239650
-184928221
-184820832
-184817222
-184719325
-181352683
-181335868
-181265788
-181207282
-180739351
-180118626
-179751921
-179741496
-178450065
-178426464
-178359828
-178099560
-177685863
-177479619
-177299150
-176834276
-176812485
-175695812
-174514515
-174221073
-174022669
-172599631
-172516855
-171808976
-171628375
-170830712
-170603513
-170542899
-169578168
-168924795
-168330908
-168061897
-167927477
-167736349
-167305500
-167086324
-166625069
-166488090
-166359660
-165867850
-165579706
-164909640
-164501767
-161371759
-160676248
-159981419
-159068338
-158881898
-158748268
-157584460
-157235239
-157230512
-156604594
-155289588
-155020800
-154642560
-154510060
-153961563
-153702497
-153313057
-152862940
-152732932
-152461590
-151369437
-151115686
-150744378
-150299257
-150129050
-150109389
-149511826
-149095932
-148899441
-148532169
-148140188
-148014363
-147643363
-147195533
-146880662
-145885369
-145484174
-144987062
-144042449
-143964959
-143835356
-143815072
-142718397
-142294123
-142019546
-141780167
-141584972
-140869806
-140617500
-140559462
-140198683
-139832027
-139549373
-139298439
-139204166
-138611983
-137186792
-137148293
-136871677
-134906851
-134502782
-133808520
-133468722
-132771352
-132767675
-132025992
-131599921
-131341535
-129841898
-129159795
-128962132
-128945562
-128894016
-128608948
-127807788
-127385269
-127378159
-127305328
-127049706
-126999367
-126993706
-126159390
-126159074
-125676381
-125565220
-124674245
-124455234
-122785990
-122624085
-122507593
-121889869
-121559942
-118666131
-118643376
-118380870
-117309967
-116642845
-116572510
-116496590
-115737896
-115419832
-115249990
-114974193
-114667401
-113573814
-113159184
-113015958
-112970541
-112579703
-112071282
-111387462
-110636172
-110572424
-110544865
-110544176
-109335765
-108675199
-107270044
-107260661
-106621952
-106419911
-106290305
-106208650
-106076443
-105667122
-105623022
-105177313
-104975475
-104646343
-104453990
-104449777
-104046917
-103005760
-102231145
-102071757
-101170219
-101099956
-101081568
-100756794
-100587342
-100069435
-99796568
-98508301
-97432936
-96309336
-96152366
-95906078
-95074362
-94750525
-94632377
-94629841
-92678324
-92155713
-91748894
-91586926
-90962721
-90821561
-90482599
-88736393
-88717291
-88695784
-88195046
-87825003
-86797210
-86285830
-86249607
-85781015
-85738753
-85397438
-85376228
-85314660
-84103159
-83709502
-83509184
-82637258
-82155697
-81666332
-81465409
-81113336
-81109166
-80660591
-80658979
-80288011
-80104328
-79624890
-78874345
-78337474
-78043458
-77995730
-77574205
-76119638
-75964392
-75015231
-74818259
-74663662
-74468766
-73754008
-73666726
-73659124
-72001057
-71616935
-71590900
-71269017
-71259931
-70805878
-70302288
-69773114
-69136036
-68987178
-68818149
-68691939
-67228289
-66407630
-65100588
-64392060
-64053928
-64023397
-63880646
-63805943
-63209521
-62787204
-61358334
-61135009
-60774417
-60178112
-59933100
-59621518
-58910412
-58483373
-56005220
-55901931
-55704772
-55199811
-54933886
-54741838
-54566694
-54514951
-54117194
-52541608
-52264051
-52093285
-51361760
-51358507
-50995182
-50037453
-49405588
-49191584
-48875692
-48019865
-48004436
-46603151
-46101016
-45266708
-44459421
-43037644
-42119129
-41949509
-41740649
-41659849
-40329570
-40058958
-39507603
-39393854
-39049869
-37868961
-37762484
-37719917
-37100440
-37050933
-36729882
-36685911
-36273726
-35626383
-35470516
-35453940
-35288196
-34897870
-34862800
-33994797
-32588293
-32533841
-32491840
-32152089
-32148453
-30802303
-30605436
-29053639
-28502129
-28389552
-27344636
-27164733
-26505533
-25848472
-25326694
-24611781
-24128630
-23920169
-23814708
-23805001
-23293655
-22861370
-22768060
-22764484
-22230685
-21733268
-21589292
-21509556
-20043998
-18980670
-18275206
-17998156
-17818725
-17699914
-17359090
-17336350
-17286353
-17128764
-16671322
-15852650
-15365235
-14514075
-14410393
-13692412
-13481667
-13388015
-13264035
-13124260
-12814811
-11800681
-11351590
-9911358
-9823042
-9784220
-9511808
-8380032
-7817534
-7343850
-7315621
-7012845
-6376676
-5703757
-5515023
-5409479
-5307976
-4814623
-4811119
-4461488
-4096405
-4057385
-4035871
-3272515
-3237462
-3077798
-2861505
-2453820
-1839057
-1819606
-1322003
-732063
-304082
374582
406000
1004668
1058843
2018201
2030171
2650643
2717295
3540780
3617684
3994166
4271829
4945275
4967164
5783477
5808687
5997686
6244833
6586350
7919547
8470858
8560221
8619240
8679322
8880660
11172855
11624880
11888262
12555350
13649735
14452126
15181075
15190914
15355886
15621029
15800566
16022098
16388372
16732149
17204951
17346676
17771974
17789641
17816962
17995383
18033468
18533405
18879908
18992701
21146723
21264157
22670579
22850063
23474686
23742805
23744686
23809963
23903252
24054569
25121712
25289798
25592215
25845182
26341809
26366789
26745519
27453055
27484495
27712608
27788004
28448990
28549200
28576555
28576711
30061044
30207629
30299844
30316365
30918198
31667834
31958206
32000016
32182459
32699734
33653994
34014507
34442097
34646079
35900456
36201325
36345524
37319377
38197778
39045944
39428700
40458945
40490739
41743899
42351339
42811925
43502201
43907619
44171674
45450226
46328188
46957337
47033857
47172265
47323466
47408190
48380042
48502895
49208829
49286369
49352387
49353919
49422600
49465027
49681330
50409581
51489565
51823495
52257065
53612524
53885619
54184633
54235528
54728235
55548565
55591964
57130467
57293342
58694337
59386356
60240029
60976670
60992476
61401922
61913425
62024572
62210469
62533040
63081358
64227123
64485051
64807675
64912337
65307235
65491345
65895365
66346735
66437828
66593522
67564466
68067791
68371513
68538419
68631246
68650304
68798370
68845858
69275558
69417963
69424836
69495562
69759819
69965002
70344191
70660058
70790651
70800011
71025850
71883928
72171482
72349316
73326883
73707950
74003238
74197955
74203203
74242184
74443418
74495336
74572180
74862169
74924228
75247825
75493368
75792899
75844927
76227656
76839293
77331260
77344316
77489176
77490926
77779359
78611982
78867959
78983523
79151040
80368662
80759018
81243825
81518783
81568853
82877668
83405200
83802502
84227712
84297713
84324021
84572614
85336515
86784454
86990617
87060869
87293989
87416639
88174689
88413825
88638451
89268956
89919559
90218486
90228755
90269872
90902872
90929493
90994077
91546909
91728046
91763246
92586854
93950765
94034750
94174474
94388190
94744524
95283471
95470580
95614770
95627049
96578782
96606239
96628108
96966055
97299660
97348007
97741251
98185022
98311059
98483992
98500922
98985897
99040278
99153312
99217763
100339451
100716990
100910080
100949756
101211451
101451336
101616885
102737955
103128535
103224163
103705117
104178393
104273857
104574269
104723397
105178969
105270711
105399327
106476459
106722940
106995552
107602961
107664532
107999818
108253587
108789344
108802035
109675509
109824297
110771013
110786579
110880276
110997552
111373181
112061641
112238254
112516910
112795636
112801798
115333146
115702560
116025175
116136098
116500541
116762699
117126603
117440703
117867430
118465607
118550147
118887879
119232128
119248653
119700832
119942967
120025919
120788708
120986647
121278700
121283086
121348191
121516545
122375025
122956607
123030018
123650289
123966903
124738321
125243892
126900361
129145995
129186986
129297519
129322802
129388058
129801667
130251162
131670031
132160365
132211657
132392777
132622325
132854934
133864480
134184761
134456291
134686427
134942440
135055883
135226642
135351469
135415493
135619887
136563029
137213633
137346851
137531339
137769068
137891148
138214904
138813460
138961783
139461001
139827391
140511642
140767304
140978122
141631385
142279466
143011135
143224231
143583084
143783188
143913669
144174218
144413334
144513410
144856183
145272147
146191678
146217163
146342865
146393883
147028213
147566027
147700167
148572699
148697950
148709797
149443239
149907242
150479392
151128829
151161556
151637053
151642859
151664098
152315620
152723837
153189184
154159796
154389769
154453850
154585841
155634495
155889222
156023539
156565941
158781820
158905790
159138040
159158149
159694379
159990343
160587714
160870859
161280164
161311697
161468521
161720976
161921060
162081956
162287276
162360082
162904668
163677755
163978169
164232257
164416835
164826911
164898885
164907568
165765850
166573188
166978175
167547963
167621625
168169653
168529035
169067881
169415148
169903517
169978794
170543395
170635974
170840066
171947588
172148034
172796799
172997699
174892553
175465117
175601980
175649762
176162285
176301983
176494434
176538018
176721277
176721965
176774090
177263749
177718892
177859578
177995718
178308012
178334011
178355524
178572668
178946270
179051806
179222445
179333564
179918528
181316975
181553834
181558325
182279292
183010755
183583765
183860202
184707809
184905914
184912088
185016643
185633932
186671595
187479320
187492539
187787793
187919667
187930810
187930930
188795129
189794261
190298330
190724611
190979153
191132722
192083439
192605130
192730848
194357156
194569068
194775907
194893407
195181788
195789301
195969900
196020235
196483127
197003982
197020408
197071770
197183930
197683491
198613272
198833322
198982830
199237025
201345127
202359940
203257770
203288540
203321152
203479480
203555895
203871705
203934590
204743889
205310412
205563018
206003262
206173692
207164102
207256112
208487149
209632484
209664056
209823074
209914733
210132212
210810056
211010044
211036332
212131498
212709593
213088493
213222344
213587185
213689256
213943537
214385990
214730999
216164328
217059249
217936211
218727317
218912051
218927676
218930819
220702307
221438398
222166750
222725040
223543814
224275685
224689960
224835788
224903933
225074326
225552581
225676291
225756558
227125734
227144933
227212477
227454470
228165710
228620138
229151275
229338692
230654461
231611365
231663451
231825073
232165060
232288028
232678584
232959838
233665062
233815248
234019799
234411330
234584304
235204969
236230980
236849164
237292001
238431401
238777680
238894958
238918576
239063059
239861244
240226872
240679383
240721515
241053397
241217087
241232235
241470940
241664963
241712107
242374641
242522840
242634313
243375382
243488577
243598156
244020374
244730931
245144175
246058633
246331558
246503694
246745093
246805300
247234896
248349532
248367798
249442852
249891888
251338124
252622927
252707242
253104360
253868687
254274279
254605264
255110671
255235495
255328485
255735057
257130141
257492176
257734405
258113287
258336792
258539906
258952954
259192322
260198546
260377447
261168498
261324513
261620078
261659133
261793564
262374468
263253154
263693102
264369434
264465402
264498450
265452071
266898040
267085860
267185575
267778714
268714642
268754148
268874573
268939839
269278299
269420064
272574634
272742792
272906233
273895392
273907988
274583749
274668604
275624573
275718652
276015474
276243462
276273464
277541091
278704618
279186725
279375916
279500080
279696149
279795689
279872006
280113513
280885697
281638981
283188409
283554469
283668582
283703534
285243876
285607491
285731875
286392234
286881731
287278843
287578283
287624241
288223550
288310592
288479822
288735445
288974374
290022506
290076639
290079799
290453059
290529966
290737859
290853640
291120466
291697599
291717381
291908902
291949066
292737128
293888305
294069040
294429090
294492256
294504498
295383858
296168919
296538087
296573308
296620585
297038614
297384271
297517733
298148746
298149577
298307510
298582423
298842650
299054810
299236803
299550960
301159973
301226835
301288559
301589319
302565295
302631867
302650180
302655042
302716138
303616142
303834893
304394209
304514261
304869878
304977017
305182727
305645386
305748190
305828490
306617569
307269261
307699665
308154936
308607705
309647451
309683231
310320935
310344645
310390970
311017025
311321644
311560362
311874536
312355590
312487981
312659257
312982527
313058862
314137777
314980793
315819581
316344288
316973352
317370315
318347740
318502245
318582508
318698459
318848888
319181850
319249231
319281331
319305141
319338219
320261291
320422589
320626153
320983736
321196919
321805113
322007051
322531047
322536712
322606464
323827200
323849888
323870392
323972483
324676305
325030309
325131322
325173173
325875786
326695039
327234122
328310908
328572924
328635584
329336749
329824288
330299408
330357346
330448848
330946935
331071629
331266998
331412242
331554265
331665264
331789024
332105584
332413750
332596897
332932097
333164200
333401815
333558918
333786548
333980630
334602306
335442128
335869973
336144406
336636877
336992960
337081161
337165744
337270731
337466506
337973201
338102490
338114182
338177753
339337968
339572619
339781090
340248856
340351203
341140547
341698900
341847520
342255526
342426302
344601384
345200619
346975430
347652931
348403900
348623586
348865078
348991816
349081576
349359860
349433731
349467036
350180117
350207180
350215655
350994938
351141094
351380153
352233336
352454395
353010617
353894807
354044916
355012158
355414456
356294732
356368040
356712231
356962517
357089975
357407913
359484170
359889270
360691360
362248247
363766788
364100280
364321717
364756757
364883283
364940273
365502288
365617164
366295409
366949898
367313516
367555035
368032891
368110753
368513818
368566237
368694210
368886024
369031961
369263808
369993068
370590868
370987351
372083589
372161311
373274268
373626412
373773919
374149425
374765639
375581723
375623572
376480161
376607904
376639570
376905558
377131500
377640198
377963576
378285745
378382396
378858180
379304198
379312772
379756292
380017538
380139455
380247096
380998734
381432171
381499749
381811293
383201097
383254561
384084553
384925675
385125940
385621426
385693631
385868020
385949857
386538859
387245266
387260396
388180024
388543406
389030554
389384001
389480232
389646936
389801925
390097997
390848227
390982919
391563795
391746542
392171469
392375499
393644802
393878691
393925930
394157276
395422399
395748360
396365852
396462418
397504765
397647326
398010488
398014802
398808047
399572845
399863959
399933144
400202618
400338560
400463269
400710754
400976185
400980094
400983129
401445417
401471057
402460500
402803128
403525928
403698221
404354574
404945424
405523998
406972767
407091701
407700162
407812246
407841234
407922055
408417751
408428584
408982563
409062960
409147901
409442379
409464696
409567389
409832355
410635574
410684716
411032482
411218126
411619307
411690975
412378311
412975297
413617761
413640115
414102900
414383450
415226523
415652986
415688676
416521993
417006927
417008725
417241828
418987702
418991186
419254422
419521298
420585117
420780823
421901096
422080270
422550114
422917380
422968627
423664598
423889405
424025236
424919774
425331131
425492686
426603111
427157024
427290170
427309981
427452448
427598462
428029515
428151214
428685780
428711099
429138336
429858529
430017636
430072022
430613203
430718762
431424529
431620787
431880698
432249335
432304324
432768824
434593036
434638428
434739097
434829694
435584318
435750195
435878895
436202813
436594846
436676820
437494880
439422403
439871648
440543258
441173108
441178348
441297129
441455552
441766991
441995373
442347562
443021479
443638008
443877057
444352426
444648306
444747942
445147763
445289726
445518787
445607859
445743656
446165692
446647017
446971716
447041092
447189834
447280003
447723669
447829396
448104531
448407156
448559697
449137453
450177543
450212906
450881291
451569122
451653979
452006130
452105381
452313549
452471537
452599014
452676031
452812160
452863286
453112028
453168739
453634721
454212779
454539800
454695373
456735499
457417840
458066669
458121265
458499918
458670199
459474743
459905755
460008756
460256621
460340176
460345219
460369883
460601888
461212683
461346461
461487737
461713329
461992098
462249287
462383986
462432459
462441076
463267241
464510738
464859117
465149114
465303579
465417778
465483937
465512329
465885093
466863091
466912361
467035491
467110521
467128513
467433044
467436189
467812219
468298907
468354054
468412772
469211174
469407773
470342489
470482427
471125791
471881029
472114202
472626687
472851398
473211369
473307220
473870283
474974170
475498705
475593799
475768126
475794950
476409672
476478294
476640735
477415495
477533399
477679118
478716769
478766078
478843683
479683012
479916421
480462289
480595882
480640324
481327399
482192758
482625270
483110655
483133023
483181226
483195194
483983594
484137218
484570053
485108773
485157824
486808863
487052901
487236863
487312679
487713346
488081867
488432335
488497929
488980604
489083104
489089257
490511935
491340272
491424028
491425805
491653183
491660091
492295984
492514255
492559926
492955940
493086971
494542076
494834516
494974886
494978814
495228862
495692070
495877568
496685547
497088332
497478316
498078456
498447072
498617802
499048953
499118448
499684288
499962562
499999653
500273560
501281278
501283471
501636716
502262589
502313180
502417335
502719404
502865376
503238727
503269092
504629104
504824995
504987841
505094653
505617114
505676813
506023875
506074818
506693231
508965888
509063834
509391875
509908729
510144421
510235167
510514680
510802503
511142444
511178491
511941535
512136606
512557612
513422921
514649987
515062698
515643927
515733920
516206427
516663628
516859784
516911724
516916721
516968687
517758816
519060348
519066814
519129032
519173212
519272391
520332351
520680126
520774604
520795336
521185447
521214776
521262708
521268452
521857314
522023569
522036029
522611422
522632492
524109612
524300979
524347159
525294099
525834123
526251008
526982295
527010948
527026952
527160745
527197859
527315582
529367316
529654416
530010649
530272996
530612339
530671491
531226485
531933406
532470203
532509753
533085620
533666445
534011997
535139848
536111858
536351429
537118918
537976166
538374192
538766550
538808824
538836569
539130108
539391002
540161973
540284883
540684662
541291209
541650395
542568302
544125541
544238977
545981333
546179733
546483940
547830857
547841190
548363201
548420693
549015361
549414769
550659234
550919336
551405735
551622804
552043718
552550490
553639531
554024681
554320156
554421022
554471553
554980967
555089623
555216756
555468646
555600409
555821077
555867569
556122236
556211607
557215788
557775877
557956869
557977376
558309941
558514137
558840319
559985710
560381906
560556983
560872124
561475054
561586034
561742377
561778533
563851369
563976449
564237257
566449287
566689587
566931617
567659826
568012887
568383062
568447537
569375790
569792435
570588451
570698865
571447330
573977450
573985917
574250434
574607095
575508854
576003398
576376873
577340191
577387028
577609656
577968698
578264238
578503762
578802816
580092528
580282267
580340538
580565596
580680081
581344633
581373665
582605806
583680496
583814480
584163703
585098602
585248293
585638799
585652214
586084294
586230347
586256620
586328709
586754626
587639357
587858156
588296494
589468275
589752990
590278568
590990106
591947846
592106125
592497248
592965604
593334087
594580916
594596787
594650193
595182409
595471226
595665018
596972828
597534839
597618962
597747322
598219730
598413554
598882094
599010001
600270351
600288118
600572103
601029856
601395538
601614071
601921608
602774976
602888905
603359533
603710652
604973114
605109184
605461746
606143069
606370907
606522653
606724555
607059298
607187582
607328323
607637372
607855842
607872142
607981072
608123962
609040767
609414517
609507076
609756863
609819964
611543951
612087446
612479684
612634525
612878748
613081686
613103369
613200636
613892771
614270012
614336959
614360342
614387316
614779394
614887078
614906922
615298669
615645740
615773276
616179623
616222735
616424764
616447018
616589812
617280234
617780482
617918347
618934690
620112533
621873034
622163630
622859057
623241582
624929754
625880789
625937230
626019541
626071655
626379262
626481078
626564118
626725174
626846411
627803022
627982981
627994876
628400104
628500036
629530424
629955887
630386023
630511839
630616352
632015148
632335479
633126233
633805141
634255144
634390151
634645889
635197456
635317393
635472722
636073476
636095890
636283972
636667463
636777690
637238797
638168729
638420620
638985496
639076623
639235512
639551612
639643878
639767479
640580544
641114779
641304638
641394067
642103081
642305679
642407753
642649695
642685978
642816092
642908158
644162464
644309831
644866351
645156761
645748835
646027827
646082540
646319351
646938017
648475432
648527044
650306700
650433261
650505749
650544134
651077783
651410169
652640899
652748307
652863431
653072492
654096882
654226848
654487362
654609517
654749650
655571917
656794835
658000915
658174008
658567674
659796764
659854401
659899654
660155470
660288323
661200758
661641312
663049732
663700076
663845977
664186732
665146060
665196705
665521710
666390581
666472256
666616479
666715817
667035404
668170203
668619707
668743973
668835824
669008041
669270386
669294971
669429004
670605689
671114250
671332451
671452164
671926485
672381051
672449123
672549313
673385359
673556802
673930033
674342280
675059731
675904977
676129031
676351416
676715658
676915272
677269633
677386475
677520469
677540745
677737870
679050129
679440036
679568164
679628223
680406114
680475663
681158644
681409524
681449632
681725990
681801860
682197079
682219332
682881778
683404132
683766411
684237992
684276294
685030049
685504371
685550275
685559987
685601302
685937808
686243451
686866445
687497982
687532496
687800737
688060552
688310291
691933181
692040122
692475159
692698968
693239178
693571530
693711734
693714419
693843748
694250529
694325349
694585683
695085699
695172357
695328880
695476014
695546369
696208231
696490093
696555727
696641929
696731923
697059848
697190870
697481233
698232234
698377623
698760360
699131423
700871849
700913312
701616020
701873905
702197485
702711741
703708794
703833757
704146554
704411670
706002528
706160795
707589872
708627202
708905072
709538086
709575662
710000375
711128883
711562120
711832952
712480877
712768836
713435743
713806749
714762782
715060116
715494789
715655854
716082444
716535297
716739366
717164276
717201894
717290929
717607095
718120567
718996888
719047341
719404119
719474722
719719143
720186335
720208902
720242249
720698040
720813397
721496259
721619191
722541248
722871247
723002674
723418181
723419296
724647691
724753415
725059077
725133716
725247581
726578116
727043347
727808284
727849642
727960475
728295811
728386879
728455183
728774010
729188959
729323596
729358537
730078375
730264945
730293553
730502274
731475980
732136760
732258991
733143521
734247262
734288303
734558300
734825968
734931196
735649117
735663658
735844783
736470743
736801729
739290133
739526827
740136047
740357236
741364622
741463414
741476086
741789262
741830882
742041475
742641374
742845999
743615485
743779335
744087067
744462969
744809552
745006350
745196369
745761263
745996658
746003677
746263577
746340846
746357569
746778874
747647073
748066355
748231537
748249704
748273449
748611347
748780447
748985703
749870119
750007666
750134309
750242681
750449547
750472052
750624250
750785760
751443226
751466305
751579602
752023445
752571677
754613538
754736304
755030821
755114602
755904138
756078643
756203453
756589424
756604183
756762294
756772150
757105317
757489452
757798024
757816665
758568825
759554101
759603416
761281949
761751831
761757244
762008618
762331921
763429526
763903012
764444272
764479905
764527450
764751117
765700699
766389885
766964732
767361823
767521557
767874682
767894493
768255391
769739928
770094927
770116983
770187318
771772055
771838103
771999372
772376837
772445327
772585952
773117231
773428781
773443715
774405671
774653485
774823397
774894015
775023636
775225337
775278910
775724804
776445793
776491709
776659784
777221940
777382808
778067233
778837090
779544462
779766730
780681292
781171556
781263211
781371188
781482413
781712204
781733201
781769142
781822884
782037691
782199242
782403560
782708932
783595505
784381614
784392932
784399872
785436466
785944620
786010844
787208388
787814296
787948467
788072395
788126521
788552299
788649798
789227988
789646371
789647560
789743373
789907754
790174096
790808156
792041353
792404899
792410037
793227834
793256718
794115544
794647025
794908058
795597407
795667604
796209019
796483286
796622865
796874494
796905547
797450451
797476660
797858901
798672947
798772256
798939488
798977982
799352282
799728856
799771286
800542728
801089893
801176530
801251836
801674487
802174597
802217051
802574994
803204931
803735084
803738825
803837004
804078702
804528795
804880319
805779618
805838726
807032798
807803979
807876966
808071270
809169334
809264411
809638447
810298072
811021006
811452577
811514978
812006216
812620266
812769970
813416714
813621427
814321694
815181581
815380785
815629495
815829869
815882364
816368387
816566108
816778485
817010096
817010646
817403208
817745113
818214230
818278169
819800172
820469025
820811513
820897132
822230813
822316638
822411762
822531863
824430102
824592930
825150000
826000190
827859490
827969122
828216428
828253448
828837166
829027626
829498165
829720775
830875144
831083685
831143307
831187535
831623556
831931951
833237492
833681645
833736663
834028014
834716117
835068899
835498320
835796091
836020068
836237332
837888696
838198241
838624526
838731400
838823308
839414888
840618107
840748117
841177322
841827444
841841036
842326040
843345672
843479101
844182327
844492144
845012531
846637716
846947723
846983052
847169241
847973530
848691769
849337191
849727550
849861045
849877578
850005003
850342911
850373697
850693370
850704005
852942550
853248791
853587129
854182755
854560478
855378427
855651357
856144718
857281278
857398288
858206503
858325089
858620605
858961640
859529749
859711543
859790573
859802902
859858750
860256418
860596630
860902152
862047717
862215598
862317139
862412632
862425604
862780795
863162121
863418808
863860557
864048020
864301175
864410749
865711881
866384608
867206226
867794554
868051796
868605325
869137884
869312783
869918126
870573668
871665077
871741786
872277729
872849827
873191613
873246785
873599475
873709700
874372976
874373690
875260426
875498346
876102099
876146613
876186520
876637620
877031108
877131350
877200579
877304195
877331162
878345726
878518922
879134386
879202269
879698326
879872751
880056522
880191995
880702086
881232453
881874944
881998951
882872679
883068571
883344662
883992650
883997711
884502262
885152845
886286732
886410936
886449666
886540014
886737955
886908768
887153478
888546681
888981138
888994556
889134027
889286867
890553128
890693828
890980344
891186723
891225028
891379790
892324043
892586664
892938048
893078304
893697535
893999720
894325600
894386927
894646910
895040700
895121340
895132254
895831769
896509686
896671669
896798086
897489003
897711579
897939675
897969245
898023758
898645430
898666061
898949171
899255790
899461415
900131671
900169407
900759380
901724917
901808275
901835700
902515616
902722083
902965074
902987985
903264825
903913250
904449692
905033450
905733877
906025769
906108011
906811279
907362761
907435047
907732517
907949035
908476039
910513936
910715551
910911242
911341982
911795297
912615746
912620818
912791351
912929494
913378067
914030065
914143607
914398512
915356578
915843596
916087515
916144925
916525522
917175437
917718497
917778724
917963969
918136915
918853964
919113796
919201478
919289951
919735435
919739157
920163431
921204478
921420674
921807870
922197586
922381726
922456114
922663194
923935187
924824314
924957792
925297578
925879106
926358563
926864369
926990634
927160865
927432417
927478791
927599300
928357938
928576559
928676498
928679466
929943400
930063186
930343652
930567495
930642005
930696807
930870930
931310669
931528135
932004324
932095602
932383689
933223432
933317018
933508718
934087869
934156202
935039011
935420571
935452405
936440219
936651750
936787285
936833289
937218098
937901927
938516857
938565244
939575496
939844015
940370957
940866744
941195009
941274723
941497427
941699782
942003647
942335722
942471585
942804509
943018413
943115127
943134453
943498575
943645118
943870784
944257073
944440305
944677020
945183540
945758275
945973009
946092338
946546216
946587884
946731086
946816097
946859617
947107581
947181383
947739457
948275293
948337758
948423527
948554899
948563808
948699512
948875744
948981764
949099947
949181628
950846907
951139032
952074959
952244053
952380053
952657722
952811847
952838796
954004378
954309932
954497306
954504682
954605985
954719412
956623015
957227231
958182682
958336654
958395075
959095881
959340572
959583126
959657899
959937105
960045216
960367065
961569210
961803254
961817226
961994856
962828319
963189510
963658913
963871935
966483976
966699505
966826344
967022123
967036184
967295452
967613378
968311998
968370178
968609289
970502483
970549153
971315363
971485667
971542257
972654314
972850479
973415481
973741704
974114476
974193296
974526890
974741060
975562489
975632287
977060444
977334127
978504188
979461571
979967844
980814553
981349776
981499008
982416428
983944073
984390092
984725464
985051786
985189974
985655883
985951075
987616057
987977872
988025959
988331556
988575171
989349826
990009010
991516948
991558373
991658904
991769205
991921910
992075834
992351321
992974180
993287866
993369635
993606469
993967678
994140266
994179954
995037581
995147412
995504856
995657099
996490386
996964764
997872237
998035960
998221008
998882607
999249894
999666780
999928709
