7.080527067184448
17997000
6000
-999976328
-999766157
-999569919
-999500183
-999472061
-999338085
-999064886
-998903448
-998350430
-998178432
-998160491
-998150567
-997432359
-997423603
-997003316
-996589063
-996513005
-996458737
-996202936
-996111144
-995917569
-995789037
-995417209
-995080873
-994900311
-994576864
-994510320
-993916532
-993698748
-993383328
-992889289
-992787348
-992590518
-992348955
-992284468
-992194133
-991690982
-991522852
-991445345
-990499638
-990112967
-990032070
-989818997
-989548238
-989362540
-989338229
-989310859
-988731895
-988018705
-987685127
-987507324
-987401661
-986784265
-986635195
-986391971
-985853698
-985127118
-984179704
-983770334
-983507013
-983306784
-983132341
-982899788
-982833381
-982666781
-982268124
-982255973
-981190478
-980906260
-980779009
-980744728
-980252531
-980149099
-980145650
-979815178
-979621708
-979188769
-979041146
-978566199
-978379893
-978256052
-978229708
-978219900
-977754362
-977328979
-977273675
-977032227
-976606550
-976476950
-976091311
-975243426
-974779718
-974617833
-974130399
-973943628
-973849895
-973420180
-973099757
-972664219
-972447459
-971943156
-971570861
-971197495
-970831154
-970298046
-970288820
-969780358
-968620903
-968518273
-968306863
-968211425
-967930503
-967088117
-966074897
-965608527
-965290405
-965001517
-964755811
-964357988
-964301648
-964050270
-963042919
-962991406
-962856036
-962698259
-962635699
-962371869
-962306815
-962074397
-962052479
-961631364
-960938225
-960929861
-960872687
-960679242
-959715311
-959032598
-959002514
-957379395
-957348927
-957230465
-956963148
-956945272
-955940117
-955812253
-955661401
-955608733
-954661338
-954184830
-953793930
-953751920
-953638963
-953171599
-952559000
-952322696
-951456417
-951403178
-951018990
-950583053
-950216767
-950164241
-950084702
-949651706
-949491734
-949473665
-949191959
-949009709
-948720350
-948326003
-948186144
-947609941
-947361222
-947056599
-946921887
-946556547
-946503097
-946358448
-945864941
-945681942
-945665474
-945452467
-945369197
-945336516
-943830736
-943403639
-941851315
-941562093
-940544789
-940084845
-939516753
-938149305
-937644021
-937580754
-937539443
-937268223
-936903784
-936633068
-936471286
-936276463
-935819994
-935324939
-934966862
-934472806
-934154309
-933922346
-933440558
-933395931
-933330397
-932536787
-932149005
-932044377
-931861698
-931800747
-931647737
-931610763
-931300412
-931299298
-929885513
-929736681
-929652596
-929557667
-929555414
-929180664
-929170278
-929082077
-928747290
-928565757
-928006993
-926728739
-925721339
-925681611
-925551962
-925365478
-925086661
-924714516
-924277946
-924244137
-924098605
-923700616
-922989131
-922102871
-921263150
-920968636
-920967146
-920412210
-920332963
-919753390
-919567449
-919268526
-918165679
-917929745
-917739508
-917579814
-917421174
-917323705
-917224881
-917160286
-917019956
-916748163
-916639160
-916638954
-915720741
-915143522
-914999149
-914606984
-913888196
-913734402
-913690624
-913242559
-913002369
-912986096
-912959167
-912765710
-912375640
-912067044
-911962287
-910941122
-910762086
-910275150
-910027690
-909801411
-908934898
-908473641
-908296376
-907750153
-907728217
-907598251
-907236916
-906994453
-906965079
-906735688
-906673685
-906297571
-905851396
-905838727
-905210936
-905133139
-905030417
-904761810
-904317321
-903133950
-903114340
-903098949
-903071798
-902884156
-902550770
-901150358
-900461721
-898784508
-898272404
-898183697
-898142062
-897556945
-897263857
-896804973
-896630818
-896564661
-896544404
-895548205
-895373386
-894889001
-894575506
-893370561
-893339961
-893173150
-892861932
-892709867
-892105649
-891614253
-891556211
-891380967
-891352502
-890893184
-890558913
-890481557
-890172079
-889541675
-889515083
-889449964
-888711084
-888493797
-888192916
-887246428
-887223338
-886825472
-886751255
-886430987
-886323995
-886105237
-886103536
-885658603
-885573657
-884982177
-883618519
-883379470
-883309842
-883298799
-883207563
-883082555
-882491327
-882332184
-882326761
-881965825
-881965351
-881749768
-881435129
-881118655
-880867510
-880063210
-879960218
-879751100
-879558231
-879024888
-878942378
-878868425
-878306491
-877563934
-877144067
-877022248
-876789545
-876684346
-876670944
-876136398
-875914732
-875881361
-875705096
-875610973
-875601371
-875374644
-875113042
-874668054
-873844083
-873569838
-872623376
-872540864
-872356418
-872110908
-871420294
-871193083
-870711347
-870524154
-869897431
-869799911
-869741458
-869268956
-869097508
-869072373
-869000769
-868907531
-868807270
-868517116
-868124707
-867520102
-867313058
-866859208
-866506849
-866137335
-866114740
-865870336
-865847711
-865771425
-865693403
-865560598
-865374705
-864991991
-864928318
-864659589
-864247379
-863670833
-863599810
-863186810
-862918937
-862669314
-862622342
-862287542
-862216787
-862148952
-861235432
-860858411
-860519712
-860468924
-860197146
-859554041
-859152256
-859074376
-859025767
-858602219
-857713153
-857308489
-855625576
-854992107
-854925091
-854261206
-854047940
-853718031
-853404828
-852950519
-852842593
-852426195
-852242605
-851881575
-851803615
-850449649
-849964382
-849830940
-849537655
-849404243
-849321651
-848967582
-848269169
-847900241
-847548629
-847507571
-846792555
-846253034
-845450915
-845107290
-844572241
-844206815
-844200402
-844042266
-843496810
-843470594
-842891746
-842689045
-842533826
-842230352
-842200181
-842167593
-841930640
-841814265
-841657787
-840896460
-840807399
-840101236
-839733712
-839549863
-838871596
-838625315
-837807833
-837112425
-836816759
-836658001
-836241948
-836012079
-835963743
-835392368
-835298807
-834777050
-834752017
-834689377
-834535977
-834503815
-834168590
-833874521
-833611469
-833367355
-833030612
-832876008
-832710524
-831809301
-831349207
-831285810
-830753718
-830550030
-830160405
-830042783
-829579179
-828548511
-828383479
-827971326
-827882269
-827454362
-827439025
-826673712
-826581278
-825664965
-825524275
-825397412
-824784143
-824656113
-823933726
-823634348
-823550161
-823428670
-822638834
-822608427
-822544288
-822094027
-821720376
-820953193
-820940667
-820593129
-820451228
-820429205
-819479235
-819272099
-818495668
-818057503
-818024717
-818002104
-817843060
-817316462
-817222412
-817200622
-817111806
-816820966
-816429286
-815827333
-815518033
-815495684
-815248152
-814292206
-813449214
-813274976
-813191976
-812951186
-812668046
-812589713
-811759382
-811572353
-810153457
-810104673
-809978907
-809825860
-809643844
-808823765
-808474755
-808197230
-808026319
-807563006
-807427634
-807232498
-807070992
-806696365
-805884207
-805728107
-805208691
-804764052
-803513946
-802733023
-802193477
-801933158
-801304875
-801065286
-800371014
-800168767
-799843762
-799567108
-798838359
-798291878
-797516200
-797242655
-797013224
-796827417
-796614430
-796382348
-795908958
-795873007
-795772272
-795554438
-795546209
-795525656
-795411890
-794980289
-794965532
-794950517
-794688755
-794631584
-794006107
-793549858
-793537120
-793113409
-792866679
-792770612
-792335666
-792318528
-791623192
-791500650
-791220610
-790997793
-790986878
-790552208
-789820148
-789762597
-789315470
-789278386
-788752990
-788453709
-788396320
-788047190
-787910893
-787875554
-787819436
-787696761
-787030047
-786386429
-786132135
-786012870
-785316170
-784949145
-784133419
-783479457
-783370903
-782720371
-782328262
-782220411
-781773021
-781474882
-781350596
-781178858
-781045994
-780707782
-780666531
-780365934
-780053742
-779288652
-779165274
-778950141
-778473268
-778026201
-777942183
-777484832
-777257075
-774335018
-774200430
-773415183
-773406339
-773045823
-772716058
-772645120
-772501867
-772202279
-771908156
-771762201
-771739611
-771702206
-771566125
-771396437
-771315894
-770160990
-769942098
-769580423
-769528313
-769401352
-769283807
-769197968
-768198211
-767721518
-767669424
-767156746
-767005229
-766717911
-766645896
-766585622
-766538592
-764814874
-764322050
-764315880
-764210596
-764192659
-764039903
-763896709
-763832600
-763730947
-763300281
-763269746
-763132756
-762575197
-762563335
-762281483
-762078439
-761767438
-761704616
-761669260
-761514431
-761242453
-760244563
-759435688
-759253450
-758836498
-757938104
-757921730
-757575756
-757532256
-757158339
-757129465
-756225860
-756042846
-755702764
-755326215
-755267936
-755172182
-755168573
-754813418
-754799305
-753959804
-753838323
-753584253
-753572783
-753079829
-753043197
-752491946
-752281942
-752225923
-752002558
-751924595
-750653684
-750533068
-749955666
-749586123
-749329566
-749280206
-748638416
-747834246
-746626237
-746227418
-746046925
-745683175
-745356379
-744479166
-744158891
-743881717
-743695675
-742747618
-741834765
-741272936
-740230006
-739862360
-739328664
-739002677
-738783373
-738683529
-738348006
-738232805
-738005629
-737806158
-737218102
-737057462
-737005101
-736775294
-736450322
-736290825
-735779645
-735470421
-735469909
-735140553
-734664818
-733953486
-733804881
-733799207
-733554682
-733346096
-733233591
-732543972
-732306900
-732040120
-731972392
-731706562
-731564321
-731436080
-730191089
-730081673
-730003014
-729341115
-729162251
-729055509
-728970144
-728611733
-728449213
-728336184
-728192024
-727917181
-727274711
-726607705
-726567626
-726422623
-726337804
-724009872
-723860841
-723316238
-723313704
-723189012
-722911279
-722789367
-722727421
-722641582
-722533405
-722258223
-721767315
-721715541
-720487135
-719920677
-719537353
-719468389
-719259606
-719134704
-718913715
-718085106
-717783182
-717471144
-717314165
-717190766
-717073535
-717057565
-716616019
-716279897
-715314358
-715197080
-714628639
-714495976
-714343463
-714180291
-713948754
-713632654
-713367276
-713327853
-713326059
-712849172
-712452107
-712057801
-711903925
-711691447
-711430055
-711310631
-710998909
-710848991
-710838409
-710820524
-710379065
-709554355
-708981071
-708943598
-708559447
-708399051
-706573984
-706502649
-706157811
-705029326
-704554063
-704274241
-703484123
-702296798
-702058029
-700521676
-699556680
-699334326
-698469397
-698235538
-698143011
-698121646
-697928161
-697917140
-697543149
-697408037
-697364828
-697035035
-696644278
-696567231
-696120563
-696039704
-695970161
-695861082
-695686662
-695338576
-695299779
-694400649
-694021850
-693989104
-693956409
-693837476
-693089923
-692840944
-692754003
-692267564
-692256853
-692103096
-691927948
-691385448
-691156180
-690395315
-690374284
-690008418
-689983805
-689933060
-689673673
-688840722
-688572371
-688517172
-688481973
-688096021
-687298147
-686675290
-686527399
-686006314
-685703610
-685323132
-684911045
-684765196
-684762825
-684615981
-683763697
-683502870
-683418390
-683343901
-683124011
-682424607
-682347844
-682293688
-682266931
-681022854
-680770281
-680722247
-680672768
-680350013
-680030324
-679661828
-679655008
-679149654
-679031981
-678713790
-678319065
-677960324
-677873680
-677488500
-677432523
-676759184
-676660523
-676604335
-676255302
-675758853
-675687532
-675188585
-675188184
-675126870
-674975803
-674348919
-673956468
-673731286
-673646495
-673476636
-673184752
-672625380
-672113957
-672109291
-671561088
-671391745
-671213989
-670383991
-670357437
-670351115
-670235392
-670203801
-670023491
-669981328
-669582000
-669539233
-669312645
-669260556
-668430870
-667943745
-667786343
-667645312
-667413480
-667392731
-667210038
-667187121
-667159891
-667118195
-666620688
-666383604
-665688662
-665414216
-665091551
-665017801
-664296943
-663867798
-662369053
-661822654
-661432386
-661363527
-659973790
-658823349
-658458586
-658191084
-657185825
-656963567
-656880237
-656595145
-656514385
-654384457
-653769315
-653490352
-653410539
-652806102
-652354189
-652064691
-651879897
-651735715
-651707595
-651587434
-651280331
-651233087
-651193515
-651097426
-650364338
-649807963
-649674634
-649103597
-648876642
-648456394
-648246573
-648197001
-647928509
-647883545
-647599619
-647307285
-647266879
-646888192
-646726890
-646724692
-645601704
-645500697
-645101775
-644980695
-644875704
-644852592
-644793889
-644588028
-644457527
-644453136
-644382300
-643569745
-643200533
-642474378
-642205764
-641967783
-641930101
-641846743
-641610975
-641610269
-641347067
-641202234
-641138045
-640838000
-640540238
-640094819
-639865959
-639530848
-639328222
-638619300
-638523312
-638434755
-637183941
-636591717
-636581499
-636503174
-636212857
-635962092
-635290494
-635075591
-633820802
-632676036
-632651484
-632500309
-632203130
-631962849
-631708959
-631378051
-630875563
-630819154
-630762624
-629493914
-628989493
-628791161
-628771398
-628645610
-628156533
-628034776
-627815405
-627552470
-627488695
-627102027
-626640794
-625734575
-625457762
-625429517
-625206400
-625046960
-623465661
-623394332
-623237938
-622989913
-622838974
-622623273
-622610826
-622044435
-621400081
-621339130
-621332276
-621180928
-621136704
-620328392
-620147407
-620135227
-620053805
-619737036
-619552844
-619431654
-619314529
-619183439
-618914541
-618891443
-618879247
-617874590
-617470127
-617219048
-616656459
-616615994
-616569502
-616380021
-615757325
-615598106
-615339552
-615296129
-614787630
-614185962
-614111507
-613914027
-613786986
-613654784
-613240015
-613082434
-612601951
-612541874
-612155715
-611275159
-611260180
-611011770
-611003370
-610028567
-609940014
-608982418
-608655001
-608060976
-607561948
-607264780
-606953886
-606827888
-606692344
-606347663
-606027638
-605934536
-605656354
-605407930
-604912608
-603742475
-603435076
-603408295
-603343966
-602462013
-602371855
-601674141
-601450489
-600810865
-600491579
-600242594
-600157543
-599584206
-599398212
-599390718
-598828340
-598738579
-597290535
-597031479
-596461495
-596150740
-595347039
-595252019
-593779913
-592931226
-592704097
-592673140
-592324937
-592321611
-592030546
-591808822
-591356203
-591236089
-591083747
-590817789
-590722393
-590516666
-590303685
-590115281
-589961592
-589829275
-589696998
-589392049
-588794695
-588564058
-587951984
-586959324
-586541618
-586534026
-586342114
-586335554
-586167453
-586125193
-585969951
-585920820
-585760229
-585576181
-584623838
-584584273
-584247333
-584198948
-584162523
-584124188
-584076125
-584003227
-583847122
-583430520
-583203092
-583150378
-583124936
-582919395
-582633050
-582377531
-582059082
-581848697
-581235886
-580756934
-579366820
-579183925
-579164149
-579066105
-578416802
-577614404
-577059340
-577057177
-576600807
-576541840
-576360051
-575893102
-575738274
-575661937
-575641310
-575422159
-575319194
-574260754
-574208696
-573571144
-573438111
-573396533
-573195050
-573015133
-572709171
-572107053
-570794139
-569502873
-568960193
-568484340
-568465013
-567773633
-567551889
-567253335
-567216176
-566678464
-566604694
-566085076
-565105887
-564827697
-564232327
-564039881
-563968296
-563933911
-563403280
-563067175
-563060721
-562921619
-562623748
-562119808
-561612587
-561211581
-560322482
-560275744
-559987031
-559894722
-559557429
-559499708
-559401462
-558913009
-558783065
-558296497
-558012443
-557903287
-557866895
-557288294
-557048002
-556562693
-556492050
-556283149
-556209471
-556088579
-555694351
-555655665
-555451298
-555348835
-555156120
-554657083
-554600146
-554169987
-554111022
-553888350
-553688658
-553104145
-552052851
-551819213
-551686883
-551544641
-549902410
-549900341
-549611141
-549481445
-549426737
-549258718
-548712813
-547566157
-547259872
-546905732
-546850156
-546592827
-545918723
-545898575
-544134470
-543906532
-543699607
-543632762
-542504740
-542363054
-541781483
-541700804
-541689374
-541633811
-541558854
-541308669
-541176475
-541036558
-540746966
-540218388
-539117034
-538977631
-538956325
-538861955
-538814166
-538584341
-538445205
-537901861
-537778401
-537773246
-537683903
-535880522
-535506124
-534736326
-534720629
-533938864
-533754444
-533582495
-533555901
-532979200
-532826563
-532613114
-531875644
-531793538
-530390588
-530257901
-530020628
-530007025
-529562533
-529521207
-529461699
-529429300
-529049443
-528463378
-528017897
-527843098
-527205429
-526568188
-526343538
-525875293
-525737299
-525529550
-525333718
-524833429
-524800875
-524415431
-524337497
-524279651
-523764739
-523697020
-522619622
-522539635
-521858950
-521043452
-520843167
-520729663
-520586113
-520263258
-519869909
-519866559
-519696353
-518946562
-518808263
-518541377
-518530075
-518307799
-517843638
-517615300
-517507660
-517427455
-517262267
-517089986
-516989984
-516348874
-516301268
-516006282
-515927405
-515865661
-515071974
-514679771
-514594805
-514509933
-513899158
-513691209
-513178870
-512902165
-512700544
-512646539
-512644204
-512533450
-512156566
-512087023
-511140807
-510943296
-510893845
-510566513
-509998498
-509116193
-508983725
-507705309
-507701872
-507664055
-506001308
-505883399
-505140984
-504785909
-503765838
-503044172
-502960993
-502775673
-502215688
-501917221
-501598058
-500846710
-500780805
-500638756
-500035479
-498896023
-498102614
-498054529
-497640849
-497417184
-497395812
-497323366
-497165775
-496713218
-496050175
-495860084
-495835752
-495795284
-495712899
-495698815
-495671848
-495587792
-494288192
-494273221
-494181290
-493789482
-493413453
-493035829
-493012160
-492975831
-492480168
-492228131
-491175995
-490457952
-490400250
-488537074
-488533185
-487796532
-487249265
-487173361
-487007546
-486802308
-486619821
-486452602
-486423247
-486082391
-485191023
-484708145
-484413640
-484323495
-484227565
-483950922
-483787168
-483349177
-481043756
-480755340
-480675543
-480603805
-480568759
-480488346
-480047350
-479393376
-479248536
-478944553
-478926176
-478913285
-478593299
-478450846
-478020058
-477411518
-477407993
-477278455
-476836639
-476722731
-476247544
-475982360
-475630884
-475585673
-475158435
-474492265
-474245887
-473899901
-473798442
-473107491
-472845259
-472752410
-472691972
-471870522
-471672876
-471456861
-471274953
-470726788
-470658630
-470631342
-470398532
-469879489
-469848234
-469652500
-469482403
-469380018
-469340887
-468141353
-468087245
-467981997
-467333672
-467119006
-466752234
-466626946
-466359991
-465923759
-465247198
-464842449
-464720638
-464691324
-464416678
-464061605
-463726073
-463618596
-463334741
-463157850
-462713886
-462331215
-462179061
-461598456
-461525403
-461331692
-461195016
-458904833
-458460460
-458240831
-457847154
-457784337
-457453483
-456534773
-456404292
-456233022
-456136128
-455945255
-455567038
-455463563
-455294617
-455053895
-454952903
-454686619
-454685965
-453991851
-453712338
-453475010
-453327902
-452639682
-452406840
-452045383
-451991189
-451806628
-451452453
-450968880
-450433433
-449934830
-449917854
-449856825
-449672114
-449530863
-449088158
-448744335
-448378156
-448355075
-447920071
-447577419
-447516785
-447503351
-447402960
-446730749
-446728086
-446270725
-445796108
-445367600
-445233648
-445222323
-445042274
-444271957
-443828631
-443803311
-443725743
-443336636
-443323108
-443278804
-443255749
-442960049
-442305594
-441575110
-441538884
-441521595
-440971544
-440019401
-439874294
-439044248
-439043669
-438482681
-438426562
-438346253
-438154447
-438004744
-437861601
-436847175
-436732399
-436505945
-435786072
-435373949
-435351613
-435191805
-434735944
-434690510
-434543290
-433916841
-433343824
-432798553
-432370782
-432043800
-431815008
-431507005
-431453798
-431342921
-430276385
-428634644
-428584518
-427819340
-427320391
-426990480
-426658168
-426337106
-426295131
-426001861
-425510362
-425298752
-425142771
-425043835
-425039260
-423876464
-423835679
-423166067
-422325851
-421972259
-421506444
-421421241
-420901695
-420841064
-420737813
-420417817
-420352406
-420310008
-419696700
-417774888
-417746713
-417346942
-417088146
-417049410
-416787999
-416241774
-415854562
-415748896
-415742479
-415619018
-415485590
-415307388
-415289354
-414639709
-414587680
-414583936
-414542653
-414443154
-413804367
-413582965
-413465193
-413381117
-413165331
-412916195
-412737121
-412501492
-412160135
-411965798
-410612321
-410342276
-408756691
-408513929
-407929098
-407675613
-407110140
-406996774
-406768572
-406568561
-406463689
-406377466
-405519667
-405420147
-405270534
-404889090
-404727748
-404668748
-404619537
-404579035
-404558472
-404239635
-403766052
-403520105
-403242945
-402923895
-402632934
-402431994
-402239369
-401886261
-401639732
-401243850
-401057313
-400939337
-400584801
-400483063
-399495423
-399461889
-399452611
-399284726
-399205908
-399165135
-398842673
-398166819
-397178854
-396828687
-396641954
-396198399
-395364259
-395349310
-395195151
-395180704
-395089750
-394880762
-394381273
-394037535
-393785624
-393287946
-393206766
-392666095
-392631235
-392312120
-392101246
-392095438
-392003531
-391996093
-391828238
-391712405
-391434652
-391260783
-391106006
-390024199
-389956258
-389767997
-388855307
-388734132
-388730460
-388724649
-388497109
-388223668
-387931342
-387709859
-387613617
-385223813
-384943583
-384844665
-383920027
-383733569
-382465149
-382268786
-382041288
-381868353
-381704853
-381436811
-380262368
-380188880
-379578453
-379348009
-379198544
-379160115
-379043162
-378209128
-378162449
-377650687
-377290885
-377267938
-377248168
-377008508
-376585735
-376266856
-376155310
-376151560
-375780136
-375595638
-375075310
-374746394
-374568096
-374506664
-374297971
-374162664
-373684326
-373461773
-373347909
-373312438
-373049165
-372597815
-372017830
-371358543
-370604244
-370321003
-369396131
-368905792
-368822889
-368589127
-368254198
-368063870
-367828685
-367706617
-367364850
-367195180
-367139755
-366130398
-365950626
-365773686
-365232739
-363509142
-363114006
-363082888
-362961764
-362680065
-362349093
-361942036
-361832257
-361630530
-361602839
-361594206
-360775173
-360670147
-360409450
-360370918
-360326003
-359639613
-358659794
-356904591
-356867822
-356611223
-355975895
-355822213
-355348205
-355166028
-355040383
-355040251
-355014908
-354978625
-354858963
-354197815
-354151299
-353687454
-353657122
-353606396
-353441859
-353046161
-352491637
-352471835
-352190084
-352090334
-352017239
-351068844
-351054378
-350950250
-350462233
-350160817
-349861997
-349692216
-349381991
-349357808
-349286882
-348741449
-348345074
-347857301
-347156074
-346533040
-346191446
-344607386
-344324057
-344253025
-344229078
-344122032
-343108924
-343084043
-342872009
-342837220
-342274719
-341645423
-341333144
-341016290
-340534713
-340144689
-340090328
-340028424
-339693922
-339692045
-338856608
-338107335
-337203629
-336252525
-336222564
-335487643
-335333296
-335213313
-333963439
-333916704
-333781705
-333768763
-333709847
-333695207
-333624285
-333498635
-333463406
-333373562
-333077074
-332469395
-331810648
-330686974
-330525293
-330234972
-329989765
-329500553
-329160817
-327980498
-327850241
-327749703
-327308538
-327090870
-326957500
-326876079
-326776700
-326383233
-326279266
-325840071
-325784418
-325234427
-324940110
-324658623
-324403957
-324224537
-324171877
-324114600
-323055946
-322196910
-322060720
-321758807
-321614709
-321466531
-321338692
-320805113
-320427527
-320166225
-319791747
-319086745
-318815120
-318479280
-318208913
-318013736
-317737000
-317521548
-316459031
-316141458
-315807101
-315337382
-314720368
-313390155
-313132649
-312976460
-312967142
-312930774
-312809683
-312421855
-312330396
-312193794
-310491486
-310391840
-310213169
-310103863
-309989503
-309934706
-308828084
-308626769
-308429285
-308035745
-307570909
-307368343
-307299341
-307161227
-307049108
-306893716
-305959477
-305680721
-305527452
-305273704
-303620173
-303482335
-302658082
-302431502
-301800813
-301665769
-300898459
-300711758
-300678515
-300393458
-300012372
-299429728
-299006145
-298372375
-298265397
-297714147
-297579389
-297069197
-296718259
-296588103
-296470599
-296319783
-296000036
-295814331
-295746146
-295093428
-294871914
-294792226
-294472954
-294115756
-293911418
-293825817
-293713575
-292884377
-292604234
-292328228
-291704114
-291610559
-291179445
-290817272
-290721378
-290716038
-290569303
-290333753
-290142591
-289920140
-289662766
-289420035
-289359538
-289274100
-288727834
-288662532
-287957364
-287231095
-287149341
-286954202
-286871046
-286627035
-286593616
-286592619
-286456128
-286233204
-286212362
-285406672
-284584665
-284337271
-284218996
-284054675
-283815812
-283463325
-283316491
-283147636
-283006205
-282954723
-282942806
-281950919
-281817231
-281390657
-281242311
-281114216
-280849353
-280528603
-280064850
-278423066
-277987429
-277958106
-277881174
-277494571
-277489025
-277299396
-277185896
-277133391
-277115764
-277100890
-276224344
-276192733
-276159164
-276060115
-275898718
-275809109
-275551887
-274763714
-274552481
-274037583
-272671058
-272317744
-272135021
-271897124
-271641641
-271067202
-270636556
-270165893
-269912069
-269628686
-268915220
-268691380
-267614966
-267363289
-267331137
-267066104
-267054642
-266076470
-265021342
-264690159
-264509495
-264449822
-264444717
-264383944
-264349133
-263675985
-263552367
-262606380
-261917744
-261791044
-261785476
-260958710
-260362702
-260345246
-259255728
-259211296
-259131768
-257851301
-257636858
-257480001
-256998542
-256938706
-256315144
-256061060
-255744687
-255546484
-255048599
-255007529
-254900653
-254834498
-254387140
-254316837
-254283784
-252476031
-252030454
-251772197
-251378421
-251174694
-251137987
-250658690
-250533731
-250314494
-250204249
-250151422
-249750928
-249713791
-248860541
-248546271
-247845250
-247839273
-247757422
-247636616
-247413151
-247119790
-246509050
-246451126
-246377027
-246282586
-246093320
-245614805
-245163470
-244338456
-244210357
-244174704
-244108885
-243959542
-243206092
-242770057
-242203300
-242188506
-241900076
-241833689
-241461630
-241002578
-240778975
-240076950
-239943798
-239625746
-238991617
-238980669
-238582185
-238211289
-238058400
-237523538
-237293539
-236877157
-236510738
-236384601
-236309202
-235828004
-235719069
-235127951
-234530874
-234429971
-234152052
-233906214
-233709481
-232826756
-232716337
-232400030
-232034826
-231969342
-231957964
-231575363
-231514845
-231304151
-231297693
-230949841
-230355125
-229966951
-229768815
-229727974
-229698183
-229631277
-229428465
-228700615
-227627982
-227385537
-226802291
-226500306
-226445547
-226349383
-226130632
-225134605
-225104704
-224576180
-224463448
-222504583
-221627505
-221492521
-221431177
-221081329
-221051227
-220821173
-220814762
-220792325
-220718238
-220499645
-219725746
-218785102
-218695276
-218586958
-217245633
-216556575
-216071241
-216002099
-215096127
-215060047
-214972296
-214587135
-214369562
-213533369
-213371172
-212795126
-212729292
-212223318
-211931970
-211497860
-211475616
-211280581
-211153699
-210562976
-210505652
-209598932
-208499156
-208498468
-208249129
-208062892
-207080560
-206750097
-206614408
-206474831
-206059465
-206010107
-205492167
-205474778
-205201727
-204684688
-204680937
-204481125
-203023200
-202889512
-202832481
-202299047
-202264223
-201226554
-200908888
-200790648
-200497555
-199494358
-199202670
-198695242
-198547465
-198433088
-198269164
-197984428
-197759888
-197546667
-197508717
-197380450
-196754496
-196746334
-196255638
-195999580
-195911629
-195123650
-195007714
-194924541
-194811948
-194268549
-193938310
-193765195
-193403300
-193241688
-192976085
-191938168
-191551132
-191538035
-191454577
-190348416
-189475406
-188968999
-188209678
-188075473
-188066486
-187847132
-187605693
-187264798
-187259762
-186565723
-186477120
-186383765
-186057221
-185732974
-185240670
-185172370
-185091281
-185004481
-184741362
-183866317
-183787296
-183597803
-183368838
-183215553
-182521596
-182506498
-182292120
-182138031
-181392471
-180771929
-180682200
-180642222
-180170244
-179776746
-179499566
-179323490
-179318566
-178861175
-178778318
-178613714
-178191037
-178070967
-177515877
-177454029
-175757933
-175389549
-175299734
-175119581
-174003953
-173893258
-173785593
-173556244
-173303422
-173129558
-172874749
-172617459
-172370336
-171890993
-171183773
-170899400
-170520886
-170190375
-168829337
-168520113
-168495036
-167345887
-165908545
-165586001
-164958133
-164593139
-164522330
-163287459
-163263849
-163194716
-162644278
-162610859
-162375655
-162207606
-162008481
-161866209
-161428991
-161311938
-160041179
-159574115
-158958086
-158406156
-158244748
-158090170
-157910107
-157525918
-157458572
-157428608
-157394781
-157018096
-156997507
-156989570
-156788144
-156787147
-156533080
-156222409
-155823518
-155821411
-155701387
-155450542
-155287797
-154734521
-154107874
-152975488
-152571956
-152515595
-152281888
-151593086
-151567863
-150316910
-150289592
-150166244
-150134217
-149805543
-149623198
-149529862
-149225034
-148874978
-148831266
-148118878
-148043792
-147084894
-146986552
-146883803
-146514645
-146340958
-146225005
-145965120
-145332121
-144738342
-144464126
-144261940
-143795205
-143169568
-142990155
-142891726
-142821670
-142543759
-142156610
-141395401
-140982479
-140786992
-140579911
-140092644
-138843149
-138499070
-138285627
-138176547
-137857041
-137790779
-137557024
-137517717
-137329690
-136918051
-136523943
-135884799
-135832020
-135814046
-135287163
-135183491
-134517244
-134340875
-134188368
-133344433
-133109616
-133077701
-133034710
-132758506
-132526412
-131909657
-131818327
-130432652
-129965305
-129861901
-129740801
-129374644
-128203846
-127857709
-127501212
-126994651
-126945874
-126633459
-126438007
-126282910
-125839292
-125571198
-125348366
-125258671
-124142685
-124123875
-123778249
-123496464
-122829357
-121695429
-121290064
-120891467
-119854373
-119577032
-119554406
-119414403
-119123214
-117837637
-117563718
-117447057
-117300023
-116306400
-116073124
-116044387
-115820815
-115745843
-115497150
-113764355
-113537110
-113179799
-112983068
-112589853
-112346075
-112267288
-112241877
-111956669
-111731940
-111260561
-111063368
-110531441
-110446778
-110151748
-109903930
-109370298
-109248860
-109096479
-108981293
-108771302
-108755525
-108263984
-108025345
-107660377
-107138749
-106991568
-106852194
-106563530
-105988975
-105877553
-105549262
-105099715
-104506482
-104481295
-104052489
-104037874
-103943605
-103745759
-103531811
-103440548
-103223077
-103056490
-102375453
-101467941
-101114367
-100840499
-100350587
-100084045
-99528547
-99408185
-98919051
-98149526
-97971013
-97362855
-97326178
-97278261
-97142329
-97121674
-96825327
-96127838
-96023072
-95693171
-95490839
-94042267
-93758817
-93227867
-92377634
-92092565
-91327118
-91245618
-90707939
-90273245
-90113496
-88778481
-88354381
-88308563
-87891807
-87198113
-87001867
-86942584
-86756013
-86578337
-86298798
-86139629
-85877507
-85559071
-85423668
-85351212
-85187610
-85151213
-84585371
-84184162
-83835441
-83525157
-83323434
-83281296
-83000960
-82794991
-81590871
-81537867
-80780662
-79927064
-79452307
-78620105
-78521358
-78355968
-78160398
-77420087
-77105277
-74962967
-74898751
-74001979
-73955177
-73829471
-73062251
-73008706
-72453636
-71725902
-71518446
-71448244
-71436634
-71288053
-70805375
-70439273
-70286335
-70180279
-70064723
-69955694
-69481765
-69096081
-68692789
-68374207
-67911566
-67517827
-67119054
-67083490
-66991724
-66671432
-65486029
-65267806
-65171379
-64753923
-64684708
-64493986
-64203788
-64154450
-64035366
-63993039
-63348975
-62875588
-62807813
-62452059
-62368265
-62118706
-61884189
-61623477
-61430928
-61060481
-60953824
-60887768
-60851940
-60844563
-60626902
-60561555
-60377799
-60346300
-60219145
-60211298
-60184443
-59809293
-59468446
-59254426
-58580806
-57845827
-57633389
-57525792
-57461584
-57272675
-56157632
-56051824
-55584498
-55148682
-54965439
-54648567
-53945172
-53901839
-53490905
-53073670
-52959684
-52752437
-52469784
-51669675
-51625234
-50953894
-50449203
-50308318
-50078775
-49883383
-49286908
-48833741
-48712154
-48556816
-48376011
-48283379
-48094829
-47413119
-47007181
-46865676
-46816107
-46164803
-45985540
-45975035
-45596230
-44464008
-44338223
-44293613
-43823561
-43729765
-43622133
-43247927
-43103624
-42823663
-42434043
-42289929
-41920899
-41850676
-41574328
-41263652
-40822485
-40716015
-40693938
-40097629
-39940501
-39772664
-39272152
-39057534
-38610370
-37276653
-36774778
-36006811
-35446459
-35408925
-34517207
-33879916
-33789582
-33411969
-33247182
-32926958
-32359847
-32137673
-31959421
-31750110
-31669785
-29569649
-29539685
-29028786
-28370500
-27543251
-27408291
-27134712
-26554431
-26503659
-26239222
-26082072
-24836727
-24373163
-23738643
-23731286
-22945454
-22929462
-22331833
-22327540
-22193274
-21538132
-21353751
-20641996
-20633496
-20220826
-20182433
-20106934
-19788281
-19707253
-19330079
-17808484
-17639045
-17401296
-15565446
-15522076
-15183483
-14923656
-14754117
-14320788
-14175305
-13906780
-13794892
-13344651
-12618710
-12383887
-11685609
-11660389
-11236259
-11089786
-9966734
-9315828
-9306957
-8890990
-8844457
-8784828
-8561323
-7937190
-7868908
-7755884
-7482730
-6509341
-6269827
-6164148
-6157459
-5926657
-5886049
-5855863
-5732650
-5553326
-5298183
-5276040
-5267178
-4479348
-4288033
-3876922
-3092704
-3081523
-2990708
-2866816
-2831705
-2805605
-2661586
-2510980
-1960905
-1480629
-726843
-544285
-310123
361496
908928
1160096
1618649
2305651
3117818
3295165
3583809
4001583
4095813
4741725
4820142
4985864
5057855
5982226
7137826
8410582
8499616
9181305
9240380
9502557
9567967
9609398
9981645
10096281
10726140
11965841
12043978
12269842
12644402
13983693
14357273
14825401
14885492
15762041
15896773
16226850
16234820
16379259
16752096
16888165
17301393
17465149
17854479
18223494
18294155
18651196
19528529
20038365
20146834
20181426
20423795
20523102
20583465
20644013
20931425
21225303
21276589
21486218
22467724
22891142
22920499
22928528
23586534
23947260
24031359
24228397
25286523
26538732
27013374
27823819
28191482
28681828
28995300
29008172
29023725
29226746
29261761
29283167
29386871
29816723
30116768
30429473
30457161
31095189
31265036
32042986
32140155
32230076
32311883
32637570
32664654
32666500
32766470
32998404
33233423
33459446
34394535
34739892
34813675
34921499
35077960
36190613
36260559
36317829
36333315
37268625
37452251
38259711
38284070
38678404
39078780
39239096
39767649
40305348
40652234
40778081
40892743
40964279
42077469
42173062
42514075
42537972
42544155
42595431
42839595
42874624
43430998
43975973
44849925
45056283
45144636
45356732
45410568
45470781
45505738
45936438
46665926
46789214
46959015
47145076
47190122
48072861
48101337
48331553
48378856
48426756
48971209
49023980
49901056
50420268
50963724
50993798
50997137
51095224
51657598
52069420
53001107
53054456
53131131
53793169
53978769
54492308
54590149
54924803
55289536
55291962
55856416
57212958
57972725
58324550
59442317
59572632
59704014
59723560
59927516
60133270
60311816
60483815
60753996
61074636
61395680
61727422
61940835
62030951
62059155
62615151
62818551
63113651
63334120
63851620
64148576
64481800
64722803
65071678
65417364
66162726
66200647
66419823
66827921
66862151
66876276
66911450
67274351
67623801
67929668
68590408
68871889
69181239
69474539
69841615
70087544
70283293
70509435
70983561
71004221
71005867
71374119
71643483
72380099
72679728
72830076
72836840
72914192
73068533
73264296
73496075
73499560
74040514
74438337
74767946
74854113
75289272
75387550
75724193
75724407
75756586
75820210
75942826
76695120
76968916
77308460
77960013
78662120
78744851
79258680
79908872
80792408
81674497
82043440
82124172
82127606
82441930
83153300
83931650
84754058
85445300
85478941
86085879
86692397
86769050
86881374
86884288
87306892
87747829
87814272
88641101
88751688
88799549
89446404
89898184
90072647
90310688
90625874
91295927
91964097
92074474
92297161
92963500
93254818
93684406
94023913
94283531
94304413
94333617
94385279
94480703
94803925
94806655
94847730
95548952
96407981
96431455
97276437
97630057
97645644
97932419
98125177
98538060
98788044
98809703
99735186
100017297
100580004
100988030
101201129
101407506
101977642
102247831
102397617
102712167
103444862
103951293
104041376
105078576
105290093
106003189
106052756
106320990
106579197
106667394
106679247
107120471
107739978
108042328
108549248
108953375
109134122
109142112
109156666
109281634
110165257
110517370
111045802
111178456
111834368
112053086
112153773
112257995
112399751
112692180
113060405
113829777
114062962
114289586
115228120
115257961
115913868
115940512
116659779
116800193
117039791
117591716
117604679
117643470
118445600
118759545
119234286
119237252
119237684
119286541
119374751
119374811
121199145
121689866
121694203
122040973
122206037
122325051
122538062
122966869
123173870
123179384
123189498
123757219
124289913
124291114
124367815
124740056
125018319
125082035
125110024
125126633
125229565
125529752
126378015
126671357
127009882
127196352
127304820
127613232
128351089
128598589
128888441
128940745
129157660
129826817
130109726
130112495
130274573
130972215
131396374
131512827
132774252
133249746
133350230
134399421
134671079
135819278
136159006
136764667
136875748
137127568
137768599
137852851
137870458
137872006
139612679
139616222
139735988
139866471
139916910
140030645
140379421
140553175
141392893
141465477
142505352
142516247
142653842
142658309
142673442
143208783
143433640
143611119
143696294
143907843
143964589
144125289
144201541
144305493
144548916
144860979
144877602
144901123
145474589
145486121
145914793
146203242
146389237
147139548
147254272
147367706
148252954
148280750
148344376
148689559
148708896
149188663
150108205
150372648
150500217
151109309
151588967
151598021
152299744
152636876
152659533
153212113
153468506
153767722
154219833
154258219
154281659
154292739
154958296
155107361
155685561
155742910
155760137
156020900
156178244
156317832
157275732
157535598
157560730
157629387
157870297
158018871
158673557
159199444
160207426
160323793
160750210
161040853
161041174
161088958
161335486
161514017
161642846
162066101
162120965
162191071
163168142
163194278
163335608
163517015
163938199
164284031
164498720
164756755
164821601
165471143
165482086
165598408
165629686
165827973
165995486
166250665
166575039
167021711
167440178
167981330
168005419
168510621
168604103
168668215
168676435
168865900
168867519
168911068
168944667
169149447
169192359
169426095
169468419
169924340
171632506
171978514
172624407
173247417
174105673
174742163
175124534
175251648
175263097
175271835
175572737
175718941
176519189
177911496
178060520
178303523
178575587
178818245
179095301
179941503
180076495
180769834
180995474
181080870
182036330
182483317
183014292
183715530
183916083
183989939
184050237
184638282
184743633
184832385
184840666
185007719
185046960
185108915
185383469
186026061
186166802
186275429
187163420
187324687
187988605
188391893
188539860
189091807
189111494
191019793
192809788
192857909
193001563
193311997
193754514
194180128
194371678
194380169
195154876
195601046
195775404
196031706
196034488
196150454
196384232
196581743
196592512
196609098
196995449
197258230
197700444
198077696
198434348
198686901
198891171
199019640
199034653
199317754
199534892
199565451
199873397
200412239
200767444
200959345
200999328
201416910
203704398
205205221
206178891
206788955
206958306
206982587
207016409
207745764
207765908
207806967
207907235
208136116
208291979
208400000
208499565
208601121
208806203
209302739
209463841
209540893
209787148
210885306
211078204
211365895
211668311
211815132
212139249
212149515
212157570
212274133
212513608
212630477
212678190
213022172
213644028
213904423
214423745
214811536
215199652
215372293
215689542
216570262
216713405
216745033
216747189
217122854
217137745
217161563
217707530
218071063
218377208
218741327
220056508
221071218
221599892
222413464
224009456
224031496
224168654
224335769
225070204
225116678
225606170
225878255
225936996
226217361
226578301
226733537
227278926
227849982
228489234
228614125
229009026
229498965
229799642
230362894
231183119
231380631
231627840
232305289
232363208
232937793
233463208
233522292
233561663
234178473
234595207
235007322
235327291
235480461
237066751
239036352
239385725
239911141
240039199
240200061
240688735
241144283
241709718
241718551
242441186
242521655
242617709
243190911
244035121
244227452
244508175
244546651
244876816
245286616
245583490
245846924
246966501
247056310
247077127
248024546
248299980
248525434
249229867
249707040
249921677
251041909
252068195
252274240
252463930
252785450
252831064
252953523
253312168
255100671
255650481
256261764
256432948
257706478
258409361
258678982
259405602
259429724
259483436
259582399
260112788
260626944
261351301
262191528
262328024
263273291
263485423
263706971
264304983
264525535
264534412
264752934
264805755
264930623
265378864
265408929
265605331
265625027
265722357
266451985
266901884
267331343
267405265
267468671
269221268
269313654
269567400
269915136
270101568
270664726
270896040
271374411
271749325
272302513
272382371
272799984
272843215
273036579
273214901
273432335
274476879
275314272
275646333
276488025
276642247
276763560
277302701
278117005
278465522
279009072
279332273
279365936
279398295
280374388
280838127
280902654
281001608
281027578
281590054
282647067
282871230
283142374
283251870
283497313
283679048
284076958
284101993
284122510
284203501
284207853
284266257
285376315
285591740
285973873
287447262
287753434
287838324
287854543
288880248
289242063
289362942
289391968
289894966
289973204
290183227
290537105
290589583
291329298
291828404
291970229
292597772
293056266
293511768
293625958
293819915
293846948
293967472
294309501
294478778
294833975
295265982
295769922
296041507
297234067
297236750
297299267
297465234
298215452
298477852
298542620
298656007
299311707
299662236
299820178
300345189
301324317
301509768
301600057
302061845
302183625
302399314
302916262
303117441
303263258
303272693
304224159
304501032
304726599
305323017
305448083
305509677
305735922
305789655
305799604
306006986
306331295
306590177
306660879
306705578
306832327
306899718
306934261
307171495
307904362
308509049
308601034
308601942
308722029
308943601
310054756
310430332
310569908
311128868
311581638
311714529
311765433
312186606
313466596
314000890
314012454
314096811
314873605
315389933
315463564
315493896
315791207
315803969
316297180
316304538
316565921
316759137
317133670
317174444
317318845
317628453
317695112
318075937
318109299
318568970
318586470
318684604
318710124
318820862
319075171
319587464
319830379
320244738
320310450
321022982
321572127
321589833
321699230
321759992
322300647
322767628
322813616
323468691
323841544
324207427
324475592
324519403
324768352
324796433
324881196
325180505
325765801
325766373
325941962
326567456
326962678
327429094
327940056
328010734
328344035
328824359
329680904
330648825
330694116
332010625
332334833
332388950
332534688
332815755
333083548
333215636
333633213
333922979
335187457
335548280
335552026
335706254
335796312
336010104
336283867
336300023
336698412
336818017
337027568
337152738
337290175
337455707
337507334
337518858
337528233
337546076
337832915
338499802
338899997
339253335
339344537
339367209
339622449
339822540
339967176
340071636
340173535
340277514
340521733
340700107
340704291
340959046
341152068
342091240
342125478
342422124
342544226
342732920
343348904
343746571
343748326
343873114
344927915
345005410
345019092
345143552
345238062
345586868
345862412
345977408
346711256
347511795
347571459
347897463
348257314
348723826
349189320
349326564
349621852
349679169
349835320
349906519
350723623
350761342
351008874
352455348
352524384
352839555
352956995
353860793
353969441
354115980
355193719
355468793
356491502
356563123
356580437
357664409
357856258
358198991
358542208
358909987
359550292
359657205
359896828
360192746
360500404
360652069
360786525
360975150
361436298
361516393
361595789
361848166
361870346
362264853
362398092
363856222
364937839
366441355
366558635
366612878
366968457
367542153
367822434
367925975
368424666
368863134
368992606
369842437
369875186
370148932
370249885
370573501
370865992
371171044
371553926
371608953
372065708
372850785
373504506
373589795
373596098
373671181
374225693
374742597
374832642
375900280
375992489
376027261
376342643
376523680
377179778
378042677
378162374
378199470
378583125
378671388
379206424
379449904
379860201
379984395
380288276
380413773
380650201
381042392
381221863
381294249
381584415
381706782
382170057
382307928
382729140
382954783
383163409
383724348
383783901
384123532
384385222
384807309
384952203
384963045
385100357
385195435
385377521
385827340
385827687
385944022
386448587
386487744
386631428
387973841
388045311
388622836
388793013
389958733
390647417
390893104
390990297
391002393
391444442
391500179
391643752
392610883
392959149
393790466
394383329
394662897
395405657
395416116
395421662
395506003
395546042
395559346
395768830
397960554
397976299
398064845
398315902
398589777
399098914
399457059
399771849
399978782
400278652
400431937
400541734
400842363
401255084
402593211
403561945
403881757
404262843
404343068
404413558
404833159
405227694
405325352
405382666
405647176
405864840
407677635
407980460
408269482
408307336
409212489
409624720
409723965
411086105
411122533
411563681
412154307
412204305
412297767
412468961
412751631
412819431
412896366
414345565
414632662
414890107
415013054
415480911
415721584
415877860
415893831
416328159
416901943
416992404
417152864
418095726
418208641
419461039
420133394
421175703
421346741
421682472
422023708
422234259
422317396
422357142
422390573
422838573
422978030
423063588
423877703
424054934
424395637
424587975
424874915
425706785
426106214
426257024
426885266
426957663
427889322
428065699
428412999
428433968
428677957
429418740
429863231
429863877
429869306
429878982
430733877
430821513
431987636
432477867
432778349
433067204
433322311
433529609
433727262
433773822
433965519
434170689
434474746
434590068
436232261
436423578
436596151
437163481
437201319
437277690
437339736
437500650
437542290
437551311
437996585
438333527
438444212
438707979
438833726
439011529
439149364
439225945
439540198
440074894
440503924
440902329
440933441
441705336
441924030
442170717
442550936
442588042
442902210
442942777
444442944
444674534
445269459
445383614
445670958
445806865
446064559
446121125
446468273
446491839
446693094
446798157
447074724
447560121
447687098
448052877
449163698
449344476
450963594
451311002
451439907
451809812
452755498
453104303
453304498
453618617
453802762
453856844
454249061
454307456
454478091
455088533
455206379
455323708
455325340
455770549
455854654
456184969
456530859
457360910
458413048
460797527
461294334
461468014
461717775
462141804
462153052
462198689
462329958
462458589
463020852
463064852
463444642
463588751
464355877
465096181
465387142
465676756
466082543
466243686
466311200
466337079
466471618
466894522
467270926
467921794
468257000
468500469
468634585
468756841
469028711
469061761
469909006
470035405
471348875
473298500
473900610
474572312
474718005
474993689
475746545
475774397
476134624
476404761
476705230
477199025
477228738
477270907
477678094
477704236
478060994
478290850
478390757
478725135
479083443
479195617
479380846
479976652
479997035
480181080
480868931
480947491
481474971
482171263
482257880
482337841
483096523
483130949
484135929
484252912
484361651
484561307
484956472
485283660
485766133
485937683
486982245
487360525
487744220
487942172
488123634
488553753
489051212
489222392
489267883
489533979
490558958
490864962
491481213
491729411
491999808
492952548
493220397
493541701
494532583
494671613
494845035
494926363
495409434
495605278
495698236
496699723
497166965
497313955
497868575
498328168
498582311
499199258
499573293
499776751
500046894
500161774
500756942
501111568
501479833
501500153
501683742
501743758
501784653
501800562
501858315
502041825
502753050
503197910
503563819
504450949
505046821
505211204
505323751
505368644
505427711
505619012
505821388
506147505
506149396
506265451
506495358
506566768
506613745
506926635
507210819
507681010
507717109
510088630
510113682
510135545
510634199
510679450
511022408
511194673
511738805
512790680
512821541
512979562
513086831
513219498
513541411
514012206
514429392
514633071
515711856
516027863
516179886
516474920
517400246
518086054
518113937
518541042
518589931
519538405
519742205
519765185
519790252
519798875
520069127
521380351
521980353
522202039
523041749
523564355
524403053
524797430
525659689
526381307
526399091
526479183
526878791
527183459
527257194
527419434
527562506
527564338
527728227
527895492
528215428
528375080
528948000
529351557
529684248
529879622
529992349
530127733
530508956
530652303
530835947
530939797
531168792
531226815
531711769
532229134
532364019
532459447
532579229
532823358
533990651
534000705
534090504
534353733
535083374
535329821
535534397
536100099
536324933
536352344
536615737
536922448
536926470
537223481
537705496
537784561
538294138
538301989
538537582
538743181
539478563
539657683
539954575
540551403
540822943
540892644
541643432
542088645
542461322
542703107
542882802
543229265
543387521
544517225
545019163
545160663
545864215
546176684
547006700
547073067
547108114
548160640
548228692
548279112
548907044
548988405
549132774
549322616
549742432
549767275
549874510
550240608
550294182
550391421
551046891
551079798
551108701
551152449
551240504
551981027
552028372
552423172
552713363
552835232
554056442
554102245
554999339
555012312
555130647
555267856
555366856
555522799
555580101
555595648
555711301
555744234
556156143
557327345
559284555
559801292
560105983
561027640
561815470
561957160
562785624
563257111
563553091
563561146
563630294
563647940
564133070
564209915
564269886
565427753
565684206
565755298
566828604
566907392
567300238
567800318
569009586
569530497
569563982
569637175
569758574
570306823
570578347
570830679
571143808
571154718
571620499
572022625
572338912
572599823
572806133
574505724
574539587
574630485
574633772
575589470
575967591
576010568
576374313
576511319
576777792
576851351
576899567
577053369
577217077
577409532
577426055
577849850
577941216
578331730
578762655
578793725
578961215
579008183
579138906
579139776
579168200
579258431
579292621
579318927
579439835
579684839
579746949
579834854
579998267
580615062
581912992
582070612
582985208
583028806
583161876
583455252
583456220
583502323
583571439
583826774
584689922
585524237
585623292
585992162
586461165
586620231
586766727
586819939
587472634
587498194
587848737
588411890
588437998
588696349
588731116
589247715
589890641
589892779
589971142
590210110
590214683
590246666
590325840
590364973
591445221
592267677
592442083
593112811
593158807
593305279
593398369
593514030
593673687
594106660
594629246
594850558
595119860
595466531
595964068
596193674
596301821
596451451
596900679
597947408
598371292
598737247
598827387
599681193
600019328
601361656
601690828
601752558
601776683
601875788
601910251
602403235
602509716
603072835
603378545
604256141
604349504
605092768
605405519
605934189
606115511
606174210
606753765
607465006
607797646
607919157
608523436
608531378
608819754
609270451
609353413
610314738
610416250
610985075
611615270
612249994
612591672
612871057
613210573
613502369
613653082
613786017
613886070
613911964
614110955
614209959
614503048
614948305
614986397
615369758
615808127
615870500
616131842
616142766
616470692
616716137
617209308
617414672
618129998
618135681
618258145
618278629
619061444
619105425
620269368
621912700
622575727
622883490
622955781
623376841
623391696
623685833
623929306
624301857
624314597
624738182
624798186
625518051
625657655
626065673
626358644
626419627
626430643
626735586
627302984
627387710
627668705
627729479
628192076
628453724
628722481
628777628
629153637
629213900
629324016
629561704
629676543
630164093
630383651
630600284
630884647
631050590
631130047
631257755
631281536
631338901
631396483
631461370
632951911
633016918
633145389
633159888
633652023
633922854
634512093
634563338
635255008
635404442
636815707
636863902
636873681
637007846
637295348
637457462
637632594
637657682
638199924
638219122
638401683
638461134
638611690
638832282
639107867
639219980
639668043
640226747
640735510
640760013
640788222
640866240
641624519
641876518
642479606
642501732
642884653
643407460
644284083
644350830
644403030
644757492
645371442
645649713
645685175
645718542
646443393
646720962
647448488
647674121
648087699
648339966
648425728
648455174
648494068
648616481
649184324
649258536
649322771
649878638
649909187
650035821
650718319
650881695
650962793
651060324
651286151
651374350
651434304
652093537
652415630
652527794
652680551
652795545
653176846
653682365
654126598
654260283
654340323
654788750
656404316
656450140
656914107
657243607
657795036
658012063
658153483
658442086
658800401
659025666
659373742
659477196
659807362
659930549
660316619
660930416
661287947
662179248
662678796
662848666
663113589
663202120
663699585
663834183
665010077
665722101
665917671
666274765
667288652
667567441
667604839
667727051
668071183
668652560
668744184
669252914
669270613
670190696
670603881
670767640
671026883
671297428
671439968
671562182
671614357
671852280
673272910
673395488
673912411
674208974
674338947
675032597
675118016
675134783
675505776
675546992
675612714
675751503
675916651
676151416
676933714
677549462
677850605
678428048
678580124
679231883
680130435
680192473
680308990
680516421
680565043
680822617
680878218
681090491
682104134
682117495
682481973
682937051
683152433
683165454
683253994
683811584
684346915
684491392
684763857
684918372
684948219
685682165
686079373
686164940
686475917
686540254
686542628
686630658
686696782
687278124
687408394
687834431
688074209
688447405
688746766
688986537
689273431
689448105
689718462
690449812
691402099
691437527
691863178
692291461
692362063
692581991
692749186
692873422
693124007
693304694
693830175
694383880
694649531
694752719
695226436
695231459
695587452
695762658
695839347
695993535
696480197
696568808
696992983
697002411
697623830
698055483
699223704
699319037
699419408
700135621
700208364
700357119
700923740
700926107
701053904
701686544
702170664
702579107
702588836
702609585
702979720
703854516
704406414
704458280
705043191
705306576
705898599
706298830
706918886
707075210
707724773
707849003
708008828
708814526
709106027
709139129
709221685
710086194
711927840
712407020
712482897
713794073
714322149
714326116
714569396
715999526
716492519
716658517
716894378
717012152
717110142
717312835
718400587
718802234
719180231
719187872
719323450
719380704
719391336
719430450
719810389
720202790
720277186
720757352
721388013
721509088
722030801
722035450
722935830
723375383
723383243
723646768
723857045
723880211
725610722
726424369
726497023
726530020
726599069
726676348
726748223
726893993
727105365
727175720
728070220
728486389
728603995
729055288
729426429
729589787
729932499
730062699
730486978
732195643
732571207
732852246
733012785
733123748
733295505
733748163
733830604
734125749
734157472
734213079
734311336
734772937
735385294
737015815
737072102
737122043
738123995
738448851
738683385
738936137
739537164
739695581
740248516
740716428
740777158
740892270
741317437
742770909
742848059
743218107
743768606
743919423
744071994
744751367
744913750
745417451
745734895
746020496
746183256
746783895
747238449
747633000
747690438
748141129
748388487
748609407
748711671
748775427
749280513
750007016
750876131
751352058
752052112
752119307
752420158
752766661
753118707
753380896
753580523
754707243
754826589
755245429
755578353
755979104
756155079
756977322
757026703
757310044
757569038
757861176
757984238
758167559
758211394
758634569
758666630
759382715
760021185
760457004
761714154
762049233
762211506
762720051
762726382
763387299
763595758
764204363
764481575
764797157
764863955
765169508
765522429
765541741
766084860
766102687
766128051
766570443
766720352
767703754
767722016
767803378
768033721
768149442
768208287
768539212
768630241
769830080
769919160
769960745
770481544
770722674
770831270
771983537
772420002
772435800
772532621
772542698
773002122
773046981
773428035
773471741
774074939
774357567
774527155
774659007
774679228
775157515
776213793
776396344
776610821
777352183
777571087
777712114
777879798
778989470
779230724
779289136
779354387
779460164
779507531
779619222
779793654
780153719
781178711
781725125
782084180
782323302
782454019
782863325
783192687
783265580
783904632
783974362
784002694
784663253
784997219
785086985
785446659
785854554
785899894
785929058
786066665
786446371
786955135
787200151
787369470
787588852
787727651
788973399
789162603
789177774
789512238
790059627
790154642
791005642
792369525
792435885
792886989
793976799
794068889
794712799
794737828
794860385
795397965
796114215
796318406
797472984
797729821
798678217
798867567
799078921
799403359
799434095
799660866
799743880
799861678
800562022
800707073
801693034
801916391
802046126
802143270
802320316
802374787
802722821
802929877
803117532
803247137
803313365
803486849
803510482
803670185
804100241
804361190
805094758
805256731
805271149
805470349
806080125
806258770
806339146
806367389
806811332
806820090
807052594
807157485
807783844
807791970
808706703
809013054
809594091
809620745
810589234
811100842
811717592
811769283
812217333
812327345
812518781
812526991
813359956
813853872
813890956
814069255
814802945
814803123
815661291
816711042
817198781
817314929
817359709
817537020
817685524
817932168
818772375
818853240
819259031
819597827
820371274
820769933
821312550
821578578
821895215
822255164
822783029
822929093
822964483
823156743
823254869
823633194
823844477
824650408
825067654
827058932
827278473
827415513
828209894
828880098
828960443
829390094
829872353
830225388
830464778
830774814
831427910
831472408
831944333
832606589
832875461
833315688
833443008
833542698
834432071
834520126
834558505
834640355
834793916
835046672
835200201
835639009
835663620
835712104
835764553
835990662
836132671
836285457
836432445
836635222
836661062
837268459
837771216
838033182
838113888
838327496
838479370
838847328
839182860
839458185
839508316
839510269
839799167
840601384
840857059
840934296
841100735
841138555
841955575
842043624
842088032
842480962
843012302
843076240
843108199
843496179
843853907
844354769
844990110
845316164
845384538
845486989
845666233
845696496
845772974
845801437
845987372
846325786
846485423
846997360
847023462
847155314
847214936
847469095
847796190
848002853
848545981
849414649
849439893
849495041
849669987
849723464
850789902
851386273
852383497
853369648
853757102
854151900
855316930
855390256
855406202
855406609
855514095
855772060
856330382
856666082
856730842
856872702
856896709
857442701
857481803
857764846
858426005
858427936
858511884
858828617
858913533
859054925
859155105
859380307
859552288
859598442
860166393
860845010
860859988
861034874
861737926
861978229
862307072
862311256
862324387
862517492
863374373
863538803
863643470
863750144
863781562
863882014
863936839
864140416
864235938
864904812
864933034
865237481
865693827
866903000
867785862
868238098
869436508
870107979
870551883
870771393
871114154
871645370
871786773
872130671
872312523
872417780
872631339
872673184
872961529
873026085
873458858
873858465
873912908
874111990
874586910
874678534
874920365
875139758
875245380
875341087
875682996
876209180
876563198
876650493
876837189
877161305
877177104
877654649
877814061
877955798
878108012
878130733
879060838
879813843
880503007
881399275
881640648
881836872
882116062
882444385
883845030
883976464
883979214
884918284
885379835
886007119
886325486
886782450
886826585
887214903
888573140
889411897
889520469
890027320
890767579
891024100
891103660
891422775
892325569
892533967
892699946
893187740
893554659
895404764
895920412
896062233
896235220
897021010
897580758
897916506
898068198
898181585
898493587
899195062
899402163
899985315
900179247
900328769
900637971
900639393
900857084
900966393
901602433
901692585
901959667
901968172
902207902
902259933
902305814
902608624
903233183
903337252
903500287
903670317
903726043
903822899
904334920
904347017
904637580
905149601
905505101
905829657
906471894
906543842
906964234
907332573
907610018
907834475
908158859
908538387
909090346
909123938
909176277
909743097
909749455
909751485
910266318
910775948
911291908
911702547
911986382
912244747
912465009
913102209
914865971
915315499
916801603
917296164
917435221
917708693
917758542
917798207
918207985
918458381
918957165
919041848
919803437
919961003
921705396
922754483
923030696
924004832
924880925
925145163
925280252
925536164
925697948
926460168
926750403
926811730
927272314
927467992
927702092
927920735
928443277
928835290
928968305
929264583
929344576
929491589
929542188
929889366
929951271
930631795
930897353
931148573
931317592
931879013
932019931
932303636
932435935
933265187
933350053
933457846
933710791
934272917
935059578
935577236
935605857
936199728
936204907
936232593
936952092
937057777
937401315
937646364
937711641
937870701
937990119
938085556
939148242
939574200
939837311
940340440
940503229
940633772
940773209
940992132
941178194
941436975
941771858
941966036
941987240
942108993
942367682
942430781
942851909
943075729
943373464
943442676
943772881
944229778
944246538
944352535
944433593
944611836
945089050
945315431
945872505
946311543
946868518
946874141
947696223
947737372
948531151
948752040
948833892
949426181
949675239
949807009
950043978
950632333
951314124
951921495
952184779
953027736
954373673
954525336
954546444
955341423
956445682
956668201
956852890
956908545
957102046
957527560
958179933
958737960
958812545
959219533
960180274
960490513
960975410
961509313
961723740
962290043
963055357
963068130
964222141
964222606
964497227
964815842
965918586
966423786
966526346
966569596
967078256
968057249
968455129
968508685
968585562
969180126
969239273
969595726
969708667
969736518
969951513
970198435
970859858
971260634
972003013
972198782
972731413
973535225
973703938
973718421
973768625
973809777
974146122
975370334
975413173
975689925
975816405
976404112
977694350
977933315
978492946
979689139
979750829
980204951
980481054
980922796
981350039
981372670
981424872
981505184
981744272
981904233
982110841
982330037
982834651
982973684
983137915
983592010
983841394
983862312
984172558
984540587
985007806
985026547
985040244
985675914
985862453
986295355
986823700
986994902
987000540
987068525
987117227
987220539
987387189
987694902
987976078
987999215
988090273
988486979
988931210
989687271
989846444
990425246
990981373
991221037
991296387
991603677
991659277
992105808
992126788
992685216
993056652
993215742
993279844
993844674
994335691
994555768
994725788
994850866
994979048
995113776
995134121
995301684
995443850
996190742
996501481
996608010
997166786
998195022
998420379
998754982
999331420
999379710
