14.929809331893921
40495500
9000
-999931608
-999653650
-999408082
-999295217
-998737040
-998614467
-998597722
-998398543
-998232034
-997974704
-997900241
-997556436
-997529180
-997487360
-997485982
-997264220
-997203884
-996931081
-996858933
-996792621
-996655267
-995564112
-995547452
-995173897
-994420182
-994164593
-994019941
-993113368
-992727101
-992691927
-992688819
-992554399
-992138250
-992009768
-991542783
-991497229
-991486901
-991444918
-991425259
-991362183
-991192352
-990839253
-990759998
-990665803
-990525522
-990192964
-990026146
-989666690
-989555339
-989413526
-989142226
-989072915
-988929038
-988546738
-988482779
-988397421
-987878110
-987668038
-987527524
-987485652
-987468536
-986730485
-986525160
-986295929
-986175917
-985489379
-985329199
-984956716
-984881937
-984505810
-984401087
-984145849
-984062646
-983628936
-983580196
-983314105
-983114976
-982959811
-982572720
-982372380
-981912576
-981321373
-981228927
-980551890
-980167190
-980101181
-980072727
-980054823
-979726759
-979421999
-979115660
-979045204
-978921672
-978856144
-978755259
-978597840
-978302438
-978142099
-977987502
-977883342
-977880548
-977707447
-977685130
-977415191
-977193186
-977155576
-977120049
-977053563
-976424952
-976283124
-976180150
-975650530
-974932521
-974781915
-974661343
-974356135
-973966469
-973276753
-973128287
-973072944
-973055578
-972823360
-972761840
-972702052
-972583046
-972278777
-972077614
-971867143
-971746375
-970943132
-970680226
-970424147
-969649811
-968799202
-968578792
-968443850
-968430720
-968035966
-968030202
-967487622
-967407282
-967378781
-967359979
-967199549
-966808821
-966557949
-966359967
-966340624
-966207399
-965920135
-965774971
-965192671
-964901576
-964703506
-964307526
-964120279
-963930057
-963922138
-963606128
-963592936
-963588461
-963163529
-963133441
-962984639
-962941077
-962927924
-962566564
-962128336
-961941232
-961903402
-961752659
-961525209
-961301559
-960989712
-960930319
-960584677
-960520904
-959743054
-958967367
-958019901
-957614383
-957566981
-956544961
-956088114
-955872948
-955699214
-955465413
-955453544
-955411899
-955128965
-954968896
-954863360
-954423369
-954372078
-954153711
-954011176
-953817186
-953748183
-953585646
-953542380
-953406537
-953232417
-953040123
-953038471
-952403294
-952300988
-951819825
-951022502
-950901052
-950734816
-950660027
-950559086
-950522408
-950459203
-950285486
-949929753
-949878754
-949808591
-949588555
-949208975
-949145978
-948827141
-948127820
-947397371
-947348956
-947334037
-946746740
-946350871
-946184767
-945953360
-945898184
-945865086
-945773030
-945619300
-945512291
-945478600
-945378900
-944922815
-944519735
-944237566
-944209955
-944195033
-943020495
-942877348
-942793895
-942786423
-942674102
-942552150
-942434440
-942342267
-941841431
-941823838
-941774313
-941772241
-941683232
-941428787
-941211802
-940922950
-940720417
-940610018
-940566561
-940365839
-940246290
-939969897
-939942135
-939677343
-939623262
-939258200
-938831934
-938509079
-938495998
-938426538
-937913575
-937344683
-937285519
-937174831
-936727391
-936670783
-936180629
-935965004
-935879288
-935811744
-935376582
-934863609
-934246564
-934181106
-933531455
-933407030
-932994734
-932470066
-932463929
-932360465
-931571894
-931219866
-930775254
-930679382
-930330266
-930195838
-930132812
-930017656
-929735575
-929275784
-929185905
-928591100
-928373773
-928253487
-927959764
-927866795
-927776816
-927677905
-927564843
-927334688
-927267187
-926940811
-926920935
-926230794
-926012567
-925902228
-925634275
-925190868
-924792406
-924676063
-924606005
-924431448
-924185560
-924035063
-923987665
-923861798
-923858259
-923824383
-923791188
-923474504
-923287356
-923256612
-922802059
-922736938
-922649095
-922329120
-922295467
-921223428
-921205637
-921114377
-919356443
-919200726
-919199764
-918772137
-918387262
-918355024
-918345085
-918003061
-917694798
-917404202
-917205833
-917087637
-917003706
-916831364
-916648299
-916322537
-916266424
-915712869
-915374321
-915264934
-914856980
-914843898
-914810714
-914787160
-914736549
-914479179
-913675409
-913609777
-913453421
-913428673
-912977206
-912871168
-912843740
-912833708
-912776484
-912306312
-911641169
-911633599
-911602128
-911458507
-911346477
-910696871
-910481041
-910475689
-910186755
-910064274
-910053126
-909982054
-909448947
-909182702
-909129139
-908930450
-908891035
-908813518
-908699880
-908619828
-908462243
-908338457
-908197282
-907749408
-907453087
-907191138
-907144850
-906516886
-906493569
-905889778
-905622514
-905322306
-904769690
-904733717
-904607437
-904579429
-904275049
-904176470
-903996013
-903499468
-903389624
-903294050
-903166086
-903103556
-902846664
-902817149
-902511432
-902301208
-902126144
-902066168
-902055114
-901482962
-901357363
-901348839
-901313414
-901206477
-901176637
-900857431
-900706055
-900002155
-899986905
-899903429
-899827401
-899478272
-899398956
-899317005
-898607698
-898535721
-898448835
-898334052
-898179476
-898080284
-897990964
-897937569
-897502449
-897230647
-897204925
-896717661
-896684308
-896441268
-896087594
-895958278
-895079446
-894818146
-894519897
-894301780
-893595365
-893592909
-893332083
-893238114
-893120669
-892889988
-892212097
-892182725
-892107011
-891939378
-891862298
-891697905
-890477626
-890370129
-890254316
-890102715
-889972429
-889663336
-889563032
-889497765
-889429007
-889253946
-889045808
-888612578
-888478389
-888472624
-887810582
-887479473
-887033806
-886987658
-886733163
-886243394
-886102053
-885938960
-885866204
-885840861
-885716629
-885665319
-885073835
-885047347
-884984686
-884963357
-884747097
-884334884
-884011062
-883862685
-883715055
-883515734
-883497308
-883431344
-883045195
-882861555
-882514744
-881992643
-881832711
-881778191
-881662108
-881557091
-881308778
-881138962
-880307596
-880148139
-879948150
-879836444
-879627574
-879152764
-879118448
-878881443
-878771635
-878708158
-878296182
-878034216
-877934696
-877914014
-877861129
-877497369
-877265327
-877181711
-877148112
-877131284
-876935241
-876811705
-876707036
-876642706
-876638333
-876033722
-875845361
-875631472
-875489928
-875465468
-875116015
-875114342
-875034218
-874893141
-874683730
-874419071
-874307357
-874228847
-874079741
-873874874
-873496934
-873120892
-872983384
-872631238
-872321420
-872121858
-871952713
-871948185
-871664635
-871515731
-871463903
-871347493
-871154239
-870874506
-870562297
-870490652
-870427999
-870287579
-870206590
-870129816
-869853633
-869695469
-867941271
-867800116
-867131234
-867088318
-866982200
-866881524
-866581140
-866579038
-866489498
-866400947
-866069302
-865837002
-865628182
-865584196
-864838368
-864836292
-864765133
-864496125
-863948027
-863685790
-863473431
-863211386
-863181148
-862855147
-862596632
-862241304
-861593574
-861553163
-861400671
-861397092
-861140930
-860479600
-860443040
-860063809
-859929218
-859860454
-859181781
-858172755
-858090170
-857387520
-857332186
-856871319
-856724054
-856691425
-856604959
-856462186
-856362450
-856173141
-856136427
-855952354
-855837440
-855621310
-855507190
-854887878
-854765496
-854642903
-854596312
-854445121
-854247247
-854086222
-853678564
-853601998
-853486872
-853335341
-853091522
-853041829
-852869238
-852779606
-852703066
-852464033
-852257711
-852132550
-851910254
-851896559
-851355203
-851111959
-850787800
-850293944
-850069896
-850062450
-849956370
-849891551
-849890582
-849801274
-848480536
-848236734
-848067027
-847903415
-847696787
-847471757
-847438987
-847413628
-847283895
-847209865
-846900894
-846603470
-846126726
-846005923
-845222524
-844909825
-844523018
-844391841
-844366759
-844276042
-844074560
-843933211
-843731678
-843458440
-843273250
-842056884
-842038625
-842033775
-841545011
-841420041
-841227760
-841107524
-841002094
-840622230
-840420725
-840368625
-840011920
-839858623
-839812415
-839742758
-839652409
-839396311
-839246699
-839172442
-839151135
-838829076
-838435542
-838017439
-837429099
-837049766
-836966013
-836890333
-836765896
-836681851
-836584197
-836571898
-836447117
-836416971
-836185385
-835879605
-835347303
-835341607
-835254085
-835023855
-834948210
-834196970
-833780988
-833426581
-833390816
-833229761
-832999754
-832499251
-832372313
-832149886
-831748181
-831729143
-831538877
-831150446
-831130919
-830951746
-830882185
-830293652
-829742617
-829625194
-829613404
-829609853
-829346517
-828918613
-828569430
-828347854
-828222822
-828061093
-827959714
-827893612
-827793775
-827652288
-827565680
-827054941
-826945332
-826849846
-826802658
-826670680
-826538820
-826509559
-826416249
-825639232
-825570058
-825341165
-825091973
-824640463
-824494427
-824457163
-824177738
-823886744
-823839912
-823471109
-823099139
-822868533
-822822084
-821867945
-821521771
-821289409
-820210652
-820147297
-820049756
-819931300
-819568574
-819419314
-819213407
-818956255
-818924674
-818703600
-818517073
-818388310
-818068944
-817692631
-817317396
-817317064
-817249189
-816827181
-816688834
-816305485
-815840050
-815292621
-815255656
-815216479
-814871725
-814720957
-814617758
-814484464
-814092023
-812804117
-812694339
-812544084
-812138158
-812108954
-811784360
-811728444
-811015836
-810184608
-809651504
-809596530
-809543703
-809357304
-809309895
-809235152
-809103648
-809074434
-808602880
-808072888
-807743300
-807635641
-807372522
-807275331
-807169611
-807077813
-806897752
-806839164
-806684655
-806433607
-806255448
-806086738
-805960122
-805839590
-805525416
-805188629
-805131374
-804728232
-804698075
-804654966
-804440180
-804386404
-803725034
-803276479
-803097037
-802659055
-802330827
-802130794
-801901229
-801397169
-801328194
-800966812
-800700696
-800480347
-800118581
-799966184
-799813796
-799629176
-799536934
-799427006
-799425873
-799245886
-799139119
-798977786
-798888674
-798513519
-798463747
-798445600
-798018382
-797780686
-797720139
-797567706
-797105469
-797102956
-796793301
-796414931
-796201420
-796199485
-796132613
-795818932
-795741570
-795522240
-795496980
-795146117
-795097320
-794699392
-794639906
-794535325
-794329064
-794240522
-794036660
-793663304
-793550530
-793392401
-793123084
-793080106
-793037461
-793005054
-792917990
-792826924
-792616433
-791762100
-791643856
-791499644
-791225797
-791164950
-790230607
-790121186
-789948179
-789531464
-789187342
-789146395
-788921260
-788920281
-788475843
-788073218
-788028186
-787961345
-787764890
-787741913
-787656046
-787456766
-787350632
-786815386
-786674770
-786432962
-786192306
-785936258
-785692037
-785677960
-785365013
-785340623
-785145617
-784741009
-784459534
-784195413
-783909360
-783528503
-783436631
-783281655
-782761800
-782496987
-782442587
-781963399
-781625346
-781087087
-781048476
-780998063
-780953739
-780212540
-780157588
-779872491
-779696252
-779648822
-779522910
-779443020
-779211542
-779106836
-778972060
-778684726
-778338214
-778162205
-777725225
-776931310
-776857672
-776585124
-776380459
-776333872
-775765645
-775670679
-775580499
-775540748
-775540140
-775471256
-775434811
-775316365
-775268242
-775026556
-774766157
-774486125
-774426345
-774031501
-773689349
-772742705
-772658908
-772593252
-772223831
-771863626
-771828512
-771764915
-771708441
-771645695
-771242993
-771045697
-770938748
-770842118
-770707627
-770247236
-770213144
-769854240
-769697965
-769659011
-769264262
-769174737
-769013619
-768706988
-768518614
-768485957
-768216843
-768216439
-768046861
-767925171
-767647110
-767356526
-767351515
-767251691
-766994202
-766571919
-766027824
-765849778
-765554938
-765263310
-765246944
-765151178
-765138320
-765036420
-764694884
-764124534
-764010034
-763908376
-763419995
-763225649
-763086896
-763085979
-763069064
-762849313
-762484587
-762223493
-762139256
-761865849
-761456234
-761368463
-761127014
-760689535
-760549860
-760458390
-760191888
-759703036
-759411146
-759319304
-757945161
-757523480
-757374282
-757173157
-756914606
-756467826
-756453039
-756303153
-756213067
-755639776
-755414224
-755408323
-755253843
-755101116
-754918405
-754819769
-754792052
-754555021
-754403607
-754273573
-754067828
-754050501
-753627447
-753443690
-753293772
-753117285
-752944695
-752724752
-752597831
-752580057
-752574363
-752338499
-752256905
-752169551
-752088052
-751662554
-751539244
-751200130
-751166109
-750825676
-750766893
-749939876
-749767924
-749485969
-749296997
-749114904
-748266931
-748202812
-748170284
-748132121
-747925860
-747296329
-746635699
-746603112
-746564142
-746487875
-746390175
-746049462
-745987898
-745477767
-743986744
-743765184
-743436008
-743252000
-743195351
-743102784
-742989562
-742893696
-742528782
-742175189
-741618521
-741426340
-741275748
-741267208
-741061356
-740963299
-740850306
-740589103
-740535001
-739103127
-738935171
-738530292
-738445650
-738219685
-738194150
-738031049
-737797639
-737618910
-737503263
-737498251
-737400964
-736967174
-736859506
-736629607
-736558310
-736380477
-736150841
-735875220
-735373836
-735307373
-734954818
-734889203
-734755778
-734551149
-734505348
-733986465
-733735716
-733678592
-733245663
-733211015
-732903744
-732462322
-731847805
-731800800
-731418542
-730715225
-730314959
-730292771
-730176670
-730052260
-729951614
-729590433
-729478875
-729450560
-729272410
-729131700
-729097390
-728990622
-728965283
-728092454
-728047875
-727812632
-727316260
-727271430
-726722045
-726638538
-726391488
-726141283
-725784853
-725625605
-725324123
-725136216
-724724384
-724670153
-724545936
-724451715
-724413402
-724024336
-723650461
-723589351
-723578446
-723514326
-723311764
-723023564
-723017472
-722672147
-722660732
-722500593
-722188656
-722166149
-722054496
-721947391
-721939521
-721871566
-721755972
-721713758
-721686393
-721475783
-720329206
-719728131
-719683252
-719627910
-719325394
-718794608
-718734737
-718690334
-718272310
-717639623
-717539827
-717177353
-717080217
-716850204
-716521542
-716404008
-716396963
-716048788
-715673184
-715421543
-715293761
-715179028
-715171804
-715031458
-714739767
-714594135
-713917472
-713516697
-712773158
-712697116
-712600630
-712518204
-712263846
-712219587
-712161855
-711462557
-711427429
-711154545
-711103983
-711101743
-711034689
-710926932
-710514291
-709782682
-709639029
-709400363
-709354520
-709278638
-709223286
-709222736
-708867686
-708764575
-708761067
-708714422
-708658118
-708502968
-708386672
-707771562
-707146192
-706776990
-706747190
-706455890
-706136068
-706094725
-705769715
-705691048
-705469559
-705359459
-705189572
-705097648
-704907140
-704693135
-703614186
-703263732
-703175587
-702509313
-701967779
-701907502
-701804499
-701192271
-701160942
-700999267
-700672590
-700649434
-700598286
-700588016
-700555279
-700549771
-700521976
-700172591
-700162468
-700114813
-700105334
-700042650
-700040864
-699799910
-699532766
-699530023
-699136904
-698530881
-698349562
-698346890
-698074973
-697984359
-697728545
-697711119
-697702130
-697318474
-697286824
-697238108
-697070596
-697069409
-696947222
-696818281
-696783951
-696664973
-696286455
-696285354
-696206259
-695925381
-695819078
-695755537
-695545573
-695199329
-694958632
-694842466
-694781976
-694368698
-693903631
-693699093
-693367921
-693265904
-692720107
-692545460
-692412571
-692045371
-691967212
-691775678
-691396913
-690801624
-690553157
-690086948
-689789823
-689766216
-689723042
-689614848
-689613969
-689008441
-688883920
-688831421
-688648044
-688602065
-688402385
-688056246
-688048612
-687990405
-687681899
-687639633
-687615901
-687288971
-687192472
-687173224
-686865592
-686741679
-686720934
-686619800
-686483945
-685820578
-685643319
-685409338
-685142555
-685018972
-684594389
-684429470
-684311045
-684279319
-684259258
-684146581
-684144072
-683931142
-683745269
-683616863
-683076364
-682595718
-682585291
-682415660
-681868800
-681843025
-681784821
-681243783
-681056392
-680661036
-680595102
-680524488
-680343170
-680321062
-679970789
-679794767
-679793234
-679725802
-679476838
-679462025
-679405537
-679403512
-679387628
-679376070
-678938134
-678685724
-678353003
-678005941
-677458190
-676768294
-676722377
-676680636
-676602604
-676083527
-675737867
-675687421
-675451948
-675404849
-675074184
-674986295
-674903662
-674465886
-673919872
-673827134
-673463718
-673295022
-672658947
-672610633
-672513339
-671583823
-671381091
-671179147
-670200126
-670051039
-669798554
-669675032
-669662913
-669415550
-669370498
-668805892
-668678152
-668216169
-667914465
-667755051
-667005361
-666851915
-666850778
-666757366
-666515244
-666199422
-665968402
-665780153
-665686401
-665588084
-665435352
-665283544
-665231556
-664604511
-664554239
-664419022
-664114504
-664075272
-664071692
-663998301
-663822971
-663616966
-663575123
-663331452
-663317491
-663249370
-662768065
-662604082
-662092272
-661739250
-661692243
-661649423
-661641784
-661315678
-661095325
-660644375
-660369443
-660022820
-659780742
-659766118
-659749790
-659463361
-659413041
-659356144
-659319776
-659026925
-658830792
-658798130
-658412975
-658204573
-657979281
-657839347
-656865350
-656775590
-656748539
-655540323
-655537199
-655505854
-655481534
-655457636
-655078323
-654756040
-654711959
-654030987
-653702236
-653684770
-653250406
-653167317
-653050475
-652991846
-652963886
-652751451
-652715272
-652426806
-652334343
-652278219
-652195651
-651905239
-651822377
-651573169
-650935582
-650844844
-650576599
-650370757
-650317092
-650238981
-650205390
-650198948
-650116038
-650085271
-649970684
-649728881
-649443912
-649368730
-649265926
-649051994
-649044648
-648916170
-648910315
-648853101
-648656787
-648457248
-648104637
-647949754
-647829339
-647294316
-647157351
-647108013
-646831671
-646697249
-646619051
-646574338
-646556006
-646538418
-646459114
-646208735
-645946844
-645781366
-645718235
-645703698
-645472451
-645356138
-644749680
-644627200
-644620475
-644260987
-644223522
-643615377
-643516467
-643289608
-643141702
-642877924
-642829576
-642576258
-642477471
-642305040
-641982294
-641838522
-641619965
-641260459
-641069061
-640577534
-640457639
-640376292
-640252369
-640226743
-640178766
-640088101
-639644318
-639520270
-639014258
-638837358
-638792702
-638575426
-638497765
-638437336
-638054653
-638026277
-637845585
-637540490
-637530373
-637173283
-637142168
-637094376
-637052586
-637004550
-636982272
-636865544
-636454045
-636124794
-636084744
-635983266
-635957688
-635657476
-635190743
-635188016
-634735514
-634189801
-634106561
-633551868
-633533249
-633525536
-633375961
-632662286
-632610160
-632460606
-632273960
-632254937
-632146408
-632125999
-632076388
-632005678
-630997135
-630790106
-630651538
-630381380
-630378826
-630374569
-629944815
-629623252
-629534218
-629467854
-629272880
-629082465
-628931212
-628929674
-628813760
-628799647
-628545611
-628537532
-627874760
-627542216
-627432772
-627079113
-626737350
-626700823
-626606346
-626415690
-626302764
-626086618
-625977098
-625698443
-624731266
-624124429
-623985080
-623839495
-623811210
-623403837
-623246542
-623169816
-622766167
-622702718
-622306749
-622138548
-621956030
-621876424
-621568395
-621452539
-621386583
-621104605
-620643937
-620625966
-620610997
-620377643
-620228126
-619993468
-619965339
-619316444
-618543145
-618212554
-618194141
-618028402
-617972628
-617842556
-617775242
-617724028
-617500729
-617395539
-616734877
-616692081
-616686531
-616162355
-615388471
-615182162
-614844962
-614789675
-613890029
-613853218
-613740093
-613481948
-613085336
-612768855
-612346230
-612262232
-612196001
-611721584
-611373537
-610896590
-610437299
-610273536
-610016469
-609836883
-609553887
-609296253
-609182214
-609133433
-608941956
-608699138
-608467170
-608313203
-608185108
-608167444
-608045131
-607655567
-607566237
-607104967
-607081881
-607068510
-606915343
-606674667
-606641989
-606543738
-606305911
-606280900
-606269735
-605572147
-605438200
-605408473
-605375849
-605315386
-605228192
-604602366
-604335666
-604213689
-603780864
-603702727
-603129357
-603118107
-602796373
-602413205
-602214799
-602185962
-601576389
-601347401
-601056414
-601013725
-600938270
-600027823
-599611390
-599562114
-599547762
-599463969
-599457170
-599247042
-598942403
-598557780
-598498422
-598240036
-598012338
-597635664
-597376974
-597315408
-597103045
-597077742
-596751802
-596727731
-596681644
-596628661
-596503148
-596463701
-596336441
-596251833
-595977762
-595938157
-595915518
-595400358
-595121507
-594820003
-594795899
-594412923
-594208950
-594038666
-593850917
-593554206
-593412366
-593333032
-592899011
-592306998
-592255024
-592208102
-592182065
-591786593
-591429026
-591307820
-590225594
-590222311
-590146873
-590053903
-589955085
-589857152
-589826562
-589752154
-589385657
-588395803
-588045455
-588018740
-587963784
-587487235
-587399421
-587151817
-586834463
-586825194
-586507400
-586086620
-586071952
-585547787
-585409637
-585319346
-585149763
-585112643
-584940774
-584447386
-584436666
-584403209
-584170355
-583956277
-583574123
-583422437
-583221312
-582897332
-582730414
-582677837
-582185633
-581966430
-581775721
-581756685
-581695813
-581633839
-581286764
-581115252
-580844030
-580777315
-580654794
-580601187
-580419269
-580357090
-580334772
-580308742
-579958655
-579711966
-579482265
-579428528
-579358300
-579132464
-578611952
-578607154
-577787962
-577709174
-577519984
-577490599
-577397583
-577036070
-576184337
-575680844
-575252143
-575238224
-575178006
-575149494
-574724488
-574163491
-574074216
-574054737
-573914513
-573898246
-573881793
-573707029
-573566658
-573216781
-572609495
-572576156
-572530623
-572470088
-571828754
-571794646
-571790530
-571694323
-571687883
-571345939
-571054931
-570957587
-570905668
-570589190
-570509922
-570481098
-570293019
-570237974
-570165285
-570139959
-570015444
-569285982
-568698312
-568691852
-568647102
-568458741
-568349831
-568227838
-567476705
-567452925
-567067259
-566861486
-566226193
-566013893
-565908098
-565780365
-565702974
-565699912
-565327959
-564932696
-564724165
-564582061
-564404001
-564235032
-564045772
-563855714
-563526365
-562462433
-562438441
-562177312
-562151649
-561803229
-561722591
-561686870
-561495662
-561443926
-561058749
-560990963
-560982485
-560919518
-560915717
-560839822
-560829455
-560430565
-560390061
-560245874
-560241171
-559574764
-559445558
-559416088
-559200939
-558979265
-558890591
-558644803
-558620768
-558131724
-557868887
-557287164
-557143340
-557039843
-556842638
-556729429
-556489895
-556133356
-556107073
-554736638
-554667181
-554549248
-554454925
-554423546
-554416503
-554356768
-553823742
-553814039
-553687373
-553683780
-553615635
-553428993
-552371178
-552009662
-551780157
-551763012
-551629093
-550993537
-550930772
-550845564
-550576804
-550223111
-550111710
-550013283
-549353580
-549276001
-549257454
-549220404
-548887712
-548838307
-548692565
-548265639
-547970046
-547928466
-547927508
-547900233
-547804881
-547602818
-547491590
-547410306
-547144659
-546906982
-545882941
-545317116
-545073844
-544410918
-543570722
-543066439
-542491970
-542424713
-542415231
-542054516
-541271736
-540763122
-540671356
-540665706
-540632723
-540579853
-540332344
-540211809
-540129463
-539713807
-539457780
-539441600
-539320808
-539142108
-539005361
-538780188
-538382280
-538053109
-538016219
-537903222
-537692556
-537109830
-536639621
-536396078
-536118096
-535978078
-535361989
-535281596
-535188783
-534770558
-534716234
-534612446
-534148455
-533942521
-533777719
-533279806
-533232442
-533200555
-533198562
-532957724
-532759469
-532556861
-532516548
-532499065
-532310365
-532094529
-532025277
-531693757
-531374347
-530631071
-530618249
-530356918
-530018934
-529617323
-529567961
-528980934
-528650327
-528320899
-528298495
-528127068
-527820759
-527753664
-527567097
-527467622
-527315036
-526933952
-526860521
-526853033
-526848308
-526470426
-526461513
-526395228
-526287259
-526188891
-526155911
-525894010
-525858382
-525654583
-525605910
-525431600
-525365160
-525226616
-524994030
-524953045
-524386032
-524090322
-523880072
-523533965
-523395698
-523387280
-523047551
-522432575
-522423220
-522419444
-522301137
-522228603
-522016372
-521462639
-521426435
-521385935
-521209802
-521138219
-520984269
-520665572
-520440530
-520373977
-520372007
-520174504
-519795748
-519419374
-519349888
-519044773
-518745408
-518677923
-518658138
-518321215
-518234378
-518217942
-518169326
-517613371
-517452768
-516292756
-515894272
-515722858
-515097574
-515058909
-515003932
-514601614
-514502109
-514444805
-514413440
-514359918
-513882041
-513750959
-513115873
-513033569
-512811028
-512549420
-512154683
-511782395
-511741184
-511697386
-511457757
-510844805
-510173578
-510148086
-509234834
-508865073
-508672066
-508603984
-508460280
-508191245
-507984371
-507103453
-507026241
-506954555
-506605364
-506566024
-506551014
-506244969
-506189682
-506103631
-505971951
-505366181
-505364054
-504829778
-504657758
-504539335
-504528193
-503795840
-503687891
-503238958
-503102586
-502983706
-502938500
-502842351
-502389635
-502182536
-502116589
-501799162
-501671582
-501662870
-501660032
-501585882
-501470753
-501413097
-500984636
-500669274
-500488424
-500081767
-499932012
-499694733
-499577398
-499447304
-498249022
-498169292
-498131977
-497655153
-497460135
-497405049
-497300551
-497144933
-496551573
-495691408
-495612453
-495515294
-495455314
-495308947
-495166012
-494335962
-494200069
-493510072
-493228901
-492875084
-492745938
-492679476
-492480194
-492462866
-492247187
-492187594
-492045281
-491960861
-491743300
-491622366
-491481078
-491277021
-491272327
-491159660
-489734047
-489428825
-489414507
-489360311
-489198167
-489166600
-489034288
-488670072
-488401884
-488313009
-488030732
-487981706
-487894210
-487881971
-487828019
-487588296
-487487915
-487353488
-487243519
-487175876
-487148085
-486752428
-486647748
-486231261
-485976637
-485682400
-485358413
-484821366
-484611431
-484533813
-484373902
-484219428
-484092966
-484028989
-483717098
-483428715
-483418631
-483184950
-483157647
-483066097
-482711214
-482447911
-482056108
-481901916
-481826568
-481769491
-481741379
-481739922
-481627532
-481612830
-481140710
-480819077
-479907549
-479595226
-479480313
-479300395
-479173979
-478959077
-478546611
-477976015
-477883870
-477702698
-477396973
-477130271
-477092593
-476918341
-476747936
-476515850
-476322242
-476243283
-476071629
-475884692
-475861012
-475792970
-475435181
-474461575
-474368466
-474172050
-473807262
-473764767
-473318932
-472982933
-472831196
-472786008
-472581243
-472343211
-472245885
-472219940
-471883430
-471619084
-471463940
-471035857
-470975010
-470841162
-470602946
-470566766
-469004594
-468988729
-468583318
-468227099
-468101833
-468066798
-467864688
-467430276
-467125118
-467036452
-466834819
-466327801
-465580660
-464975863
-464856015
-464799279
-464798010
-464542268
-463956858
-463939062
-463706099
-463209789
-463097116
-463086788
-462726667
-462526595
-462472911
-462229148
-462127751
-462109671
-462039592
-461984541
-461929296
-461627075
-461532255
-461406803
-461386814
-461281810
-461133633
-461101702
-460970057
-460652026
-460618939
-460146363
-460053648
-459820746
-459152964
-458807082
-458639797
-458352008
-458198351
-457959968
-457292870
-457227834
-457167460
-457088876
-457052306
-456931935
-456747109
-456378215
-456068017
-456058445
-455917400
-455525898
-455182029
-455128359
-454708742
-454544494
-454395146
-454300572
-454186935
-454105921
-453815854
-453239783
-453006900
-452935607
-452820653
-452791044
-452617650
-452324420
-452278609
-452164646
-452146655
-451093409
-451065761
-451027384
-450922573
-450803764
-450447522
-450089851
-449911603
-449875096
-449813825
-449081528
-448716750
-448298706
-448094996
-447755487
-447665507
-447270216
-446906380
-446769153
-446736431
-446565290
-446485098
-446367943
-446314189
-445398741
-445237960
-445200205
-445132946
-444839383
-444714785
-444501492
-444492883
-443729585
-443689758
-443453260
-442533023
-442531265
-442530303
-442395221
-441915906
-441878154
-441577388
-441536912
-441449955
-441407077
-441075668
-440975360
-440864519
-440346534
-440231022
-440102938
-439770775
-439116291
-438941100
-438906527
-438854279
-438837434
-438792551
-438657064
-438484678
-438341505
-438327751
-438087766
-438074482
-438032491
-438006733
-437085833
-436882105
-435937650
-435806172
-435758736
-435516067
-434829554
-434827286
-434764279
-434751178
-434364782
-433969607
-433911524
-433396683
-432269795
-432024946
-431927499
-431662227
-431018678
-430980037
-430778554
-430722455
-429769465
-429508124
-429346100
-429229735
-429119882
-429090527
-428966675
-428919210
-428418224
-427948545
-427612599
-427549087
-427384943
-427323256
-427082008
-426415686
-426396340
-426081970
-425938423
-425575073
-425514751
-425318458
-425258761
-425166711
-425112746
-424770961
-424703948
-424646559
-424182658
-423957159
-423920829
-423791542
-423105775
-423045037
-423030390
-422786311
-422441172
-422422550
-422407385
-422020512
-422004614
-421585052
-421325177
-420382811
-420377298
-420350969
-420159261
-419417575
-419376670
-419200068
-418541750
-418256185
-418229833
-417999989
-417639049
-417489257
-417328196
-417327219
-417073068
-416769241
-416749890
-416443799
-416409416
-416405178
-416161532
-416148143
-415719807
-415653542
-415584307
-415540592
-415417026
-415399039
-415267602
-414873558
-413842171
-413749338
-413508910
-413330692
-413316505
-412314029
-412269239
-412113668
-411872196
-411725462
-411644005
-411577324
-411507693
-410772517
-410391348
-410097861
-409173084
-409075491
-408725308
-408022751
-407851559
-407677536
-407159607
-406476481
-406362879
-406228188
-406111877
-405706421
-405355272
-405150188
-404825386
-404775013
-404517008
-404479139
-404280985
-404084012
-403824432
-403396764
-403351384
-402883525
-402741140
-402263294
-401942025
-401904485
-401862821
-401842083
-401536433
-401359639
-401182677
-401075447
-400943869
-400862613
-400802142
-400497505
-400464682
-400361999
-400007910
-399880934
-399545395
-399222484
-398845099
-398344384
-398269082
-398177863
-397777535
-397496751
-396876645
-396768506
-396715238
-396535917
-396313207
-396296584
-396252262
-396093981
-395723461
-395398353
-394757143
-394669134
-394537812
-394535698
-394506619
-394305161
-394297916
-394088999
-393745091
-393205055
-393110706
-393053713
-393031740
-393006017
-392699782
-392685853
-392483845
-392209911
-392103832
-391973125
-391200939
-391190727
-390595303
-390558842
-390109899
-390049890
-389917747
-389827181
-389649206
-389325077
-389277860
-389039236
-388983647
-388752652
-388564228
-388557401
-388242258
-388210291
-387873684
-387708314
-387412946
-387332929
-387105874
-387044867
-386988309
-386907892
-386856136
-386787050
-386420807
-386347851
-385632565
-385438289
-385412432
-385364430
-384953854
-384824078
-384760915
-384423601
-384409857
-384193346
-384092165
-384030546
-383820148
-383820026
-383254333
-383103797
-383100190
-383034961
-382816426
-382572903
-382071060
-381704397
-381588684
-381427407
-381187298
-381087458
-380865286
-380842052
-379571028
-379371266
-379183198
-379001843
-378821881
-378296010
-378172346
-378025016
-377930517
-377842843
-377815244
-377743389
-376809534
-376711344
-376648781
-376632774
-376244093
-375840300
-375828817
-375715236
-375676139
-375476615
-374763370
-374513228
-374330342
-374296517
-374011609
-373921488
-373722502
-373288450
-373028076
-372919108
-372381985
-372285091
-372154744
-372103763
-372037180
-372016386
-371646197
-371482343
-371475840
-371462144
-371425462
-371365248
-370864684
-370797727
-370609161
-370285577
-370261792
-370085248
-369799832
-369625342
-369581069
-369396687
-369259796
-369246586
-369201768
-369182414
-368918498
-368738406
-368341098
-368312095
-368251502
-368018358
-367885006
-367599171
-367442340
-367048067
-367028238
-366493969
-366187040
-366114908
-366052169
-365837952
-365779368
-365257041
-365200655
-364671060
-364372949
-364316707
-364095301
-364020041
-364001489
-363976118
-363878179
-363595886
-363594534
-363222176
-363183867
-363077150
-362853089
-362789639
-362459585
-362362725
-362208230
-362141081
-362096530
-361602434
-361449189
-361264101
-361106711
-360796686
-360614257
-360289803
-360288811
-360123870
-359915034
-359848098
-359714657
-359633193
-359539865
-359231844
-359204357
-359117519
-359074310
-358919187
-358875251
-358721429
-358398395
-358165498
-358071773
-358064784
-358046494
-357675247
-357625974
-357398556
-357389383
-356936728
-356800224
-356759866
-356496324
-355712693
-355580375
-355551332
-355538768
-355483293
-355321744
-355259146
-355083931
-354385599
-354261084
-353617357
-353399875
-352943884
-352896789
-352765023
-352609409
-352483383
-352382578
-351841727
-351308540
-350921631
-350812821
-350703381
-350576479
-350104001
-349654178
-349547300
-349406257
-349397081
-349334096
-348515851
-348420036
-348198066
-348091035
-347681421
-346784289
-346693703
-346575510
-346523477
-345964519
-345896190
-345492977
-345315306
-344734939
-344477914
-344163630
-344154411
-344024871
-343920916
-343873473
-343869047
-343277814
-343254434
-343193661
-342983915
-342859993
-342798254
-342649482
-342645649
-342631454
-342605358
-342329423
-342305421
-341853902
-341331290
-341323086
-340652244
-340559916
-340398024
-340225676
-340205448
-340193086
-340176038
-339889787
-339818928
-339762393
-339604701
-339439141
-339172139
-338925276
-338736012
-338661856
-338515868
-338480576
-338078614
-337996699
-337728829
-337441584
-337365126
-337312331
-337210474
-337055005
-337028818
-336944628
-336864665
-336076309
-336034824
-335986511
-335507766
-335504121
-335243447
-334984200
-334938927
-334528658
-334515825
-334481963
-334290648
-334271402
-333471086
-333262582
-333219998
-333118368
-333012520
-332659311
-332610628
-332516791
-332329859
-332161075
-331907669
-331896123
-331831746
-331762639
-331685655
-331634008
-331377530
-330887670
-330711564
-330650059
-330396615
-329969299
-329957932
-329434887
-328797415
-328724070
-328643193
-327833318
-326679578
-325963643
-325726470
-325720904
-325634042
-325157112
-324702820
-323195438
-323102069
-323080762
-323042134
-322960663
-321433393
-321121199
-321048525
-321028777
-321020178
-320744116
-320682102
-320555803
-320483898
-320396924
-320368549
-320314047
-320241777
-320122639
-318974899
-318821219
-318711879
-318394713
-318162330
-317964549
-317836109
-317816123
-317560580
-317461076
-317393555
-316887353
-316747635
-316228384
-315373455
-315346876
-315345663
-315108093
-314731051
-314220316
-314197171
-313745948
-313358964
-313090842
-312496343
-312355283
-312074164
-312004937
-311959259
-311747757
-310719910
-310522227
-310520571
-310401759
-309995444
-309786928
-309648824
-309607295
-309532034
-309472437
-309346752
-309253091
-308690710
-308608526
-308211823
-307577998
-307539698
-306939203
-306935871
-306925355
-306815982
-306681700
-306430634
-306142386
-306000385
-305999015
-305765730
-305689253
-305565490
-305524936
-305517762
-304854306
-304845794
-304587090
-304356566
-303453729
-303103486
-302912013
-302621181
-302616320
-302391066
-301966023
-301904488
-301817323
-301376271
-301243736
-300753150
-300660900
-300476743
-300458576
-300201896
-300101367
-299990850
-299943134
-299878507
-299746867
-299598946
-299247116
-299049243
-298902679
-298526959
-297846905
-297813716
-297700012
-297427252
-297213140
-297193197
-297169656
-296930675
-296518109
-296516768
-296434076
-296216799
-296202039
-295412727
-295304320
-295216365
-295048667
-294871748
-294587811
-294575902
-294198389
-294161753
-294024775
-293884819
-293719604
-293209383
-292778925
-292729628
-292425396
-292312057
-292276137
-291953742
-291942565
-291780550
-291773571
-291719985
-291412111
-291361588
-291273500
-291227967
-291162936
-291155288
-290646788
-290490697
-290028011
-289766435
-288961992
-288919352
-288898036
-288850413
-288312501
-287786918
-287773389
-287768615
-287655611
-287439762
-287280996
-287268086
-287173412
-287053879
-286993855
-286941416
-286908506
-286871102
-286694631
-286285829
-286282595
-285818619
-285807126
-285771417
-285324446
-284923496
-284714240
-284322509
-284287604
-284269223
-284212024
-284088237
-283734255
-283598194
-283586158
-283515587
-283270385
-283117754
-283059589
-282846288
-282444903
-282436522
-282136032
-281998158
-281930354
-281563792
-281047643
-280766085
-280758343
-280639215
-280464849
-280279183
-280214661
-280181081
-280078074
-279947034
-279597783
-279241155
-278251055
-278074285
-277853113
-277640452
-277269992
-276883268
-276739572
-276541877
-276258203
-275761483
-275617246
-275607903
-275601952
-275456309
-275383265
-275342366
-274907490
-274829463
-274588461
-274057877
-273911527
-273747270
-273608045
-273584177
-273488376
-273229800
-273226456
-272428758
-272198560
-271895738
-271892443
-271131936
-270908585
-270761064
-270249807
-270244442
-269601094
-269163410
-268704082
-267984039
-267939361
-267158336
-267151181
-266870787
-266731772
-266434883
-266264231
-266145962
-265449601
-265287614
-265102487
-264978512
-264914214
-264717825
-264425796
-264314958
-263696984
-263618615
-263616469
-263173147
-262998605
-262903981
-262799838
-262561264
-262510113
-262445748
-262217485
-262087037
-261953584
-261821748
-261398593
-261147022
-261026493
-260852374
-260675778
-260615375
-260573356
-260438541
-260129421
-259800614
-259759493
-259431816
-259057151
-258894925
-258498580
-258498236
-258213765
-258124739
-257936535
-257739859
-257539173
-257009033
-256997070
-256275261
-255737201
-254999689
-254982478
-254730468
-254507138
-254374588
-254159032
-254155597
-254005851
-253851503
-253697088
-253629325
-253350170
-253090687
-253075193
-252831324
-252711268
-252407316
-252006180
-251999148
-251768875
-251596217
-251536731
-251133609
-250953456
-250583774
-250130028
-250124799
-249229397
-249197239
-249083183
-248977225
-248717544
-248551996
-248442127
-248343138
-248314742
-248266738
-247992341
-247741656
-247226201
-247072843
-247000608
-246758958
-246684040
-246630182
-246091459
-245619007
-245197003
-245111597
-245065314
-245057444
-244937220
-244923303
-244424578
-243649890
-243323318
-243238309
-242994598
-242954588
-242883562
-242724105
-242715909
-242661275
-242553809
-242488505
-242350483
-242031026
-241879327
-241759502
-241567557
-241532631
-241394086
-241380608
-241337063
-241179917
-240897489
-240796228
-239560309
-239553377
-239400631
-239353070
-239311926
-238977763
-238669079
-237765443
-237580723
-237460874
-237446443
-237360677
-237304042
-236910065
-236501335
-236167847
-236054851
-235992173
-235983349
-235770166
-235373662
-234763620
-234569391
-234563567
-234117166
-234083723
-234067940
-233825225
-233596991
-233548788
-233398660
-233321437
-233169380
-232993070
-232651853
-232565521
-232004893
-231523604
-231166225
-231004950
-230919356
-230881864
-230872432
-230666517
-230311143
-229934993
-229557868
-229518005
-229222835
-228841518
-228828527
-228202800
-228191064
-227987729
-226534953
-225997837
-225920733
-225906050
-225077596
-224949171
-224851765
-224804008
-224715395
-224597820
-224554807
-224435147
-224353725
-224183457
-223531987
-223438599
-223234575
-223049723
-222650805
-222575261
-222490753
-222046928
-221926430
-221853285
-221825409
-221756768
-221551730
-220930941
-220542723
-220510487
-220078828
-219933290
-219770486
-219690263
-219536765
-219186553
-218485352
-217999451
-217921555
-217550927
-216723362
-216701737
-216659269
-216303007
-216131733
-215580862
-215378027
-214938870
-214905481
-214837353
-214751360
-214626185
-214441355
-214341559
-213900672
-213530481
-213262442
-213232746
-213074272
-212641174
-212259161
-211850208
-211696517
-211696049
-211667390
-211348593
-211289335
-210819066
-210740761
-210610379
-210469741
-210391273
-210239612
-210116459
-210091295
-209583223
-209489978
-209432115
-209108917
-209025596
-208887510
-208657793
-208316304
-208121950
-207547970
-207478595
-207460489
-207428172
-207064569
-206475209
-206215163
-205951398
-205936226
-205231641
-205205063
-205138645
-204929748
-204872247
-204605320
-204531562
-204487013
-204455626
-204197446
-202708312
-202544734
-202479438
-202209418
-200507202
-200319914
-200269763
-199790498
-199772375
-199603582
-199367732
-199156282
-198967238
-198819815
-198241797
-198107361
-198043911
-197741168
-197313241
-197126403
-196977139
-196955212
-196537298
-196128477
-196022699
-195892913
-195826759
-195791135
-195285079
-195150634
-194905018
-194886084
-194768835
-194232012
-193700147
-193298370
-193139087
-193056651
-192840600
-192791818
-192566633
-192430658
-192351504
-192020386
-191717540
-191524620
-191503362
-191438424
-191153106
-190794017
-190050716
-189950022
-189130454
-188805843
-188740360
-188672970
-188457697
-188249639
-188094179
-187722984
-187166896
-186797087
-186645770
-186355102
-186223788
-185840731
-185516165
-185452886
-185167831
-185071164
-184906750
-184794274
-184480249
-184444350
-184138125
-184008402
-183934761
-183822852
-183758792
-183752949
-183639636
-183192440
-182914909
-182611102
-182530565
-182460048
-182456513
-182338051
-182166298
-181517423
-180986420
-180782722
-180742137
-179428879
-179339506
-178812682
-178288084
-178057082
-177674577
-177487129
-177299606
-177295939
-177048787
-176929098
-176807684
-176629743
-176629545
-176201063
-176177533
-175949433
-175908984
-175893045
-175604305
-175584915
-174396750
-174093362
-173899897
-173856136
-173793333
-173666397
-173599312
-173400952
-173210152
-173140620
-172932521
-172744834
-172388905
-172383229
-172236436
-172158492
-171725363
-171310452
-171070524
-170305963
-170295683
-170254241
-169823462
-169336613
-168970882
-168800406
-168766999
-168637696
-168487854
-168425311
-168162968
-167958033
-167919610
-167106951
-166743788
-166588149
-166264969
-166231785
-166177144
-165874858
-165860146
-165384867
-165239227
-164794896
-164703770
-164605537
-164587058
-163612463
-162984869
-162693883
-162275679
-162096829
-161970555
-161734415
-161430239
-161291668
-161033910
-160427707
-160395082
-160377772
-160223000
-159828211
-159531831
-159470591
-159337379
-159098296
-159048539
-159019860
-158816957
-158709124
-158423443
-158363807
-158346082
-158273310
-157995890
-157911815
-157445782
-157170577
-157060493
-156849939
-156831778
-156797434
-156705559
-156666478
-156615457
-156400577
-155905517
-155889311
-155794604
-155735467
-155257659
-154700095
-154409955
-154263511
-154022691
-153957069
-153760321
-153197060
-153023653
-152439670
-152415631
-152366659
-152343689
-152223046
-152180124
-151876572
-151864237
-151794213
-150950322
-150869253
-150697871
-150118129
-150091441
-150000998
-149993653
-149952236
-149916410
-149891653
-149817487
-149815516
-149613407
-149328182
-149259960
-149200050
-149015038
-148769073
-148747380
-148662824
-148327391
-148311445
-148209682
-147930158
-147872067
-147851566
-147752669
-147451610
-147023036
-146999173
-146763303
-146425947
-146359877
-146305413
-146263135
-145685638
-145593109
-144640581
-144199118
-143777193
-143730019
-143604581
-143506997
-143246541
-143172861
-143024954
-142759543
-142495765
-141763203
-141676759
-141383623
-141273563
-141185921
-140982356
-140931882
-140856245
-140808558
-140597956
-140372992
-140313354
-140239931
-139410072
-138661160
-138280123
-138273955
-138249640
-138233421
-138223325
-138112966
-137960047
-137821865
-137347342
-137269237
-137126961
-136997819
-136900028
-136569484
-136444367
-136436795
-136332084
-135938441
-135708875
-135598790
-135518831
-135145480
-134687698
-134528796
-134366318
-134298543
-134076462
-133729301
-133597759
-133315334
-133060154
-132869656
-132716122
-132653329
-132594520
-132568889
-132119175
-132095166
-131856364
-131580569
-131433344
-131376069
-131231636
-131136079
-130750149
-130363962
-130242105
-129644867
-129482867
-129177273
-128393594
-128346515
-128198238
-128056622
-128005509
-127808896
-127720488
-127633411
-127116462
-126239076
-126135058
-126049407
-125815200
-125765955
-125629729
-125373091
-125360022
-125279192
-124482926
-124399998
-124272856
-123965339
-123958102
-123534488
-123078359
-123001842
-122854202
-122266185
-122121585
-121936815
-121927203
-121885590
-121591340
-121458185
-121249607
-121146232
-121109174
-120869038
-120540834
-120477073
-120285888
-120047147
-119692350
-119213715
-119108744
-118575107
-118537115
-118198625
-118082721
-118059054
-117927310
-117719507
-117278078
-117173492
-116834723
-116832945
-116666633
-116472596
-116176415
-115844847
-115554106
-115197256
-114187255
-113826004
-113686320
-113624471
-113600847
-112939384
-112654263
-112607099
-112341841
-112143839
-111816948
-111693946
-111361934
-111177227
-111160121
-110762022
-110575026
-110110696
-109544518
-108968263
-108558396
-108493619
-108317014
-107977133
-107914561
-107513347
-106921684
-106685200
-106533617
-106518156
-106027383
-105952957
-105899968
-105745090
-105343869
-104797599
-104621591
-104600464
-104287474
-104133593
-103252497
-103060885
-103022038
-102807687
-102695432
-102614775
-102301115
-102279817
-102078590
-102031988
-102029761
-101830774
-101604614
-101502873
-101261616
-100868301
-100448346
-99993272
-99839667
-99692127
-99258432
-98899002
-98867619
-98690866
-98271232
-98006850
-97913516
-97365793
-97238023
-96201326
-96178495
-96165603
-95641139
-95623002
-94964989
-94399458
-94190278
-94114573
-94084176
-93559418
-93302988
-93169617
-92918098
-92580220
-92369701
-92367502
-92112692
-91289113
-91114237
-90996895
-90649451
-90334373
-89798939
-89363076
-89186351
-89124160
-89069160
-88051332
-88022996
-87768674
-87612579
-87277491
-87229146
-86849216
-86790319
-86748270
-86342056
-86030990
-85775124
-85201729
-84915465
-84870123
-84826633
-84583936
-84268951
-83992522
-83183308
-83046286
-82908866
-82250097
-81739949
-81316779
-81293793
-81284306
-81170369
-80996437
-80983457
-80170664
-80026999
-79743265
-79398114
-79363315
-79228763
-79022759
-78827181
-78390033
-78332678
-77995469
-77665104
-77144807
-77118081
-77042221
-76750211
-76573458
-76346621
-76131590
-76027310
-75121634
-75038646
-74372962
-74145762
-73531889
-73507943
-73426214
-73398644
-73078880
-72752479
-72505221
-72272630
-72199588
-72167485
-72143327
-71970362
-71856368
-71690355
-71386262
-71125267
-70702770
-70517606
-70311303
-70302516
-70101572
-69900274
-69696610
-69458387
-69010799
-68907544
-68569995
-68525109
-68498961
-68409698
-68301243
-68296680
-68146591
-68144950
-67980089
-67575556
-67493527
-67347488
-67159652
-67117033
-67100021
-66793722
-66744218
-66310665
-66232248
-65929801
-65833552
-65275106
-65192390
-64753731
-64606934
-64600707
-64567196
-64037040
-63829527
-63664018
-63219676
-63067047
-63057800
-62911388
-62709618
-62642422
-62117741
-61966159
-61915411
-61762948
-61440846
-60819655
-60244605
-59649675
-59340644
-59292999
-59175152
-58967291
-58964875
-58486643
-58472651
-58158022
-58092752
-58063344
-58062812
-58047297
-57427949
-57415066
-57318434
-57131280
-57128375
-56958739
-56738865
-56658691
-56213972
-55151118
-54744273
-54403587
-54304138
-54212634
-54135874
-53951431
-53830457
-53604354
-53585222
-53296613
-52836465
-52567617
-52355890
-51699305
-51393344
-51289016
-51270253
-51029889
-50785522
-50775601
-50438310
-50348968
-50299822
-50165031
-49607054
-49488704
-49449928
-49167951
-49057786
-48981236
-48398245
-48314911
-48257624
-48057101
-47786961
-47559204
-47043770
-46931413
-45725740
-45231664
-44822011
-44637878
-44403461
-44158749
-43796726
-43777805
-43384692
-43307695
-42986616
-42916896
-42595356
-42581191
-42541873
-42519232
-42332068
-42084841
-41855227
-41765122
-41549076
-41542140
-40381668
-40173727
-40052337
-39942902
-39236553
-39148541
-39142694
-39052100
-38783422
-38773825
-38528819
-38497542
-38435035
-38434449
-38353607
-38149623
-38146629
-37781868
-37615248
-37422009
-36389221
-36139850
-35856984
-35352645
-35351581
-35289134
-34752124
-33606196
-33213096
-33089009
-33073293
-32469014
-32214277
-32125208
-32083459
-31874722
-31794339
-31524543
-31348158
-30810039
-30803190
-30644078
-30302275
-30183917
-30022966
-29938515
-29767959
-29616743
-29565663
-29281646
-29196361
-29060405
-28832613
-28719224
-28603614
-28579398
-28527659
-28422622
-28412867
-27738305
-27640421
-27559356
-26755155
-26653911
-26581581
-26505277
-26059729
-25937243
-25873446
-25807688
-25784300
-25679330
-25423888
-25366242
-25291744
-25287027
-24429471
-24205136
-23914400
-23330266
-22975505
-22691263
-22575511
-22564257
-22530709
-22371254
-21978675
-21599982
-21469007
-21345877
-21138059
-20983248
-20902558
-20749612
-20692559
-20364349
-19919072
-19829955
-19645012
-19467316
-19363709
-19199029
-19146853
-19126410
-19074230
-18345386
-18264250
-18076880
-17952753
-17165815
-17083392
-17073801
-16485762
-16470803
-16093151
-15782220
-15770785
-15631444
-15544906
-15520021
-15504142
-15365088
-15062470
-14860599
-14700255
-14293800
-14162823
-14127207
-13973715
-13968209
-13747668
-13725681
-13537229
-13478577
-13328705
-13318341
-13246523
-12851338
-12788891
-12766947
-12410890
-11944714
-11914667
-11890156
-11266342
-11044957
-10833451
-10780265
-10679019
-10487960
-10455617
-10359769
-9918150
-9914014
-9817300
-9611235
-9473249
-9472042
-9223653
-9118157
-8886251
-8193633
-7924612
-7917560
-7834443
-7590122
-7474512
-7458599
-7353139
-7207167
-7088346
-6880545
-6177291
-6120218
-5466567
-4880113
-4800245
-4764856
-4617215
-4601970
-4462481
-4355021
-4106071
-3930897
-3463714
-3052473
-2764929
-2390977
-1947893
-1868237
-1779179
-1615027
-1226401
-1099700
-1030671
-537715
-307369
26403
39855
459971
465686
521932
564565
596808
636443
796529
1196366
2093255
2176619
2790987
2961250
3016730
3109261
3256261
3399257
3652410
5101367
5284911
5339478
5543855
5615535
6796699
7066546
7676946
7876441
7950330
8481623
8605101
9008474
9174080
9212657
9370153
10087887
10121599
10203680
10277321
10340968
10688790
10800589
10926991
11407729
11499037
11523458
11742609
11822516
11972206
12510043
12983131
13049090
13336936
13429056
14538908
14771949
15518906
15831195
15926406
15926639
15940535
15983198
16245694
16335376
16563730
17382012
17387590
17402991
17596958
18035497
18057208
18276392
18301671
18346876
19045977
19174081
19261394
19475558
19562803
19586386
19748256
20277157
20907233
20940925
20955855
21119469
21123731
21267719
21279141
21361969
21418597
21612685
22204867
22206472
22401037
22483789
23061949
23283075
23643933
23996986
24131154
24200959
24284528
24304975
24317999
24716964
24739275
25030350
25294974
25340054
25923406
26028358
26914772
27348174
27616071
27748638
27884273
27963347
28492922
29070151
29158678
29294677
30282546
30346012
30376865
30408713
30437458
30992582
31079590
31131383
31534659
31761646
31950598
32733546
32945583
32962296
33396928
33475251
33779196
34208517
34299992
34605143
34803846
35011784
35395349
35558919
35746729
36342137
36610015
36670045
36802002
36824470
37268402
37500085
37585723
37617279
37860042
38124184
38283849
38563254
39101939
39345918
39414669
39509648
39531084
39693095
39966151
40214769
41082201
41158847
41165971
41178318
41231525
41348312
41481409
41743676
41753600
42188311
42312893
42384014
42645985
42846024
42859255
42900608
42911598
43552909
43886855
44032177
44134583
44268297
44320820
44460213
44564461
44796289
45097661
45540160
45659707
45677024
45873802
46091173
46534341
46637150
46741844
47050495
47404538
47430241
47463565
47481963
47565236
48009920
48067119
48503809
48724763
48734323
49480556
49668507
50005802
50196825
50291696
50317671
50932107
51498809
51558974
51980670
52466843
52736778
52837391
53214533
53528463
53643652
54476115
54648543
54967986
55244161
55868262
55897809
56174916
56212751
56246846
56253325
56443939
56600836
56908329
57285917
57331579
57881143
58241968
58415661
58743339
58932817
59351826
59508080
59887787
60030786
60071008
60256849
60378532
60997597
61423860
61564852
61603419
61604428
61712446
61957975
62110648
62220676
62442577
62984595
62987154
63498313
63546006
63670481
63829604
64136233
65032518
65453864
65880211
66380999
66561113
66704795
67192455
67193540
67284905
67879966
68063666
68125442
68300722
68555228
68817931
68907298
69043656
69067250
69438765
69458880
69521871
69660390
69726088
70621683
70796136
70975526
71157329
71185319
71250062
71658211
71769945
71795836
71899899
72428253
72551226
72719311
72873074
72914368
72956681
73599821
73666477
73687440
73823307
73998456
74257306
74691198
74976986
75221111
75409924
75454899
75566458
75749335
75776153
75808287
75832205
76100323
76104883
76123839
76254369
76313846
76429748
76430773
76499374
76834976
77362542
77590277
77633127
78150121
78298442
79163926
79422228
79772379
80090850
80744954
80950815
81201873
81227736
81375826
81397606
81920039
81937664
82303104
82385572
82678446
83045781
83117947
83501884
83582738
83645832
83933353
84179928
84208413
84318147
84371389
84960594
85018634
85321484
85322508
85390057
86509994
86725638
86931331
86958796
87201441
87480601
87632262
87668159
87786988
87977092
88124092
88463796
88485388
88663469
88866070
88914433
89050203
89334131
89346750
89579674
89702074
89830165
89929314
90194668
90793924
90872124
90908672
91129894
91477374
92032855
92056750
92057952
92140454
92386436
92784806
92797108
93320536
93512521
93622770
93922271
94004537
94033320
94084805
94682654
94850993
95327254
95912646
96313592
96519906
96849796
96906380
97083851
97294992
97301511
97927484
98412964
98526950
98652501
98686394
98792217
98829074
98905965
98959624
99002426
99229339
99311070
99680946
99753689
99893168
100284632
100899823
101033616
101133005
101219829
101229950
101265120
101324263
101711546
101988857
102193931
102237830
102279719
102475289
102494704
102722913
102917752
103173408
103484557
103664627
103951982
103974488
104348091
104844191
104844743
105062245
105165440
105429231
105608603
105667209
106369257
106464954
106648044
106825218
106968597
107460849
107927421
108053478
108118994
108648914
108963298
109045092
109283796
109626084
110076939
110145692
110226248
110333437
110412843
111124387
111229204
111392272
111466524
111993855
112182333
112432389
112498565
112530660
113167762
113377892
113642944
113998336
114186309
114246224
114772210
115055785
115389548
115602732
115903876
115974374
116091428
116378154
116665527
116678583
116785989
116795911
117209020
117290126
117567237
117611128
117640313
117672740
118075689
118137448
118572975
118607537
118628369
118744400
119093065
119185044
119235525
119266578
119361423
119769854
119986671
120070252
120406901
120579901
120797726
121644663
121894125
122580105
122867223
122983850
122995089
122996352
123080903
123104419
123848808
123886119
124105320
124292635
124381140
124811326
125293267
126385553
127074813
127164433
127406689
127758622
127812566
128018504
128405484
128440581
129133935
129397404
129427471
129456087
129893262
130125491
130619703
131242290
131264867
131589214
131895525
132426068
132707073
132746865
132929337
132965065
132992677
133141903
133303788
133606244
133840430
133862687
134227402
134502555
134658752
135661314
135697534
135859920
136406845
136525352
137049346
138001529
138102873
138163487
138170863
138270577
138384511
138708075
139552806
139642965
139775517
139821897
139904792
140049414
140324163
140678345
140721858
140763158
140784199
140981064
141055733
141577906
141695746
141790579
142026885
142375106
142380382
142464564
142682090
142873437
143001040
143137613
143172636
143219102
143267874
143269720
143423631
143472217
143783220
143993158
144445246
144472834
144588830
144621823
144623332
144973832
145157814
145781103
146137131
146201150
146266589
146310431
146354038
146685213
146793104
147018099
147325900
147490209
147536794
147779924
148053456
148192967
148506496
148627968
148997485
149479470
149853999
149962593
150231959
150328080
150563584
150724939
150863159
151112231
151372467
151517161
151684258
151865247
152596267
153507625
153604185
153707482
153775544
154080578
154238913
154397095
154708810
154889310
155774773
156543703
156690644
156752228
157083420
157146880
157205005
157276525
157652066
157770630
157925867
157985313
158072047
158101667
158205414
158486080
158723814
158814438
158872243
158901687
158949426
159344150
159418292
159708667
159723005
160125114
160154393
160283033
160910361
161006234
161311756
161765019
161820665
161897677
161931996
161934153
162543427
162877517
163490730
163730586
164114423
164236008
164486991
164512823
164552951
164610150
164619541
164662165
164966661
164977997
165003777
165010823
165054215
165122785
165150288
165188871
165546843
165573897
166317402
166326750
166347253
166420475
166446320
166546880
166750323
166785075
166797354
166935768
167163276
167192208
167335488
167633722
167759047
167855196
168099664
168244094
168771358
168846593
168913283
169058598
169062153
169516991
170138790
170313490
170372830
170400149
170546555
170686811
170692182
170716946
171339720
172384132
172509185
172582423
172758204
172925957
173132728
173171474
173269905
173592636
173624621
173716800
173918572
174158763
174311746
174809699
174858166
175251886
175279031
175387154
175841369
176351624
176458232
176621924
177649317
177679466
177773322
178431808
178463364
178535406
178724643
178955309
179039234
179161494
179593416
179632554
179719952
180016328
180831758
180890154
181321454
182556663
182739026
182806419
182866926
182911050
183147568
184074147
184480926
184862390
185132731
185319307
185523983
185558230
185601068
185881185
186032589
186194782
186574897
186581766
186706781
186811673
186875600
186904746
187047340
187268086
187284660
188109423
188163133
188482937
188755098
188815655
189025091
189412618
189631605
189892834
190179953
190684039
191270633
191510366
191533718
191566421
191827212
191848914
191960662
191970843
192580622
192812117
193401661
193506778
193567545
193695926
193749829
193755227
194154421
195003960
195165710
195266844
195943486
196551175
196958344
197134909
197207216
197209346
197345197
198665795
198740687
199028004
199422766
199435649
199707448
199753035
199898362
199974265
200080631
200276624
200470352
200930313
201254958
201466313
201548659
201846629
202314179
202506195
202627626
202785106
202940107
203166135
203579687
204532788
204654800
204691370
204846628
204927959
205378563
205481638
205676040
205819718
205830788
205957982
206123778
206361989
206430045
207650473
208261329
208271917
208328240
208518977
208651804
208685199
209086536
209205578
209645731
209669601
210096008
210199599
210216202
210422270
210707126
210881468
211086316
211105293
211410137
211526312
211709652
211965743
212045304
212573101
212839696
213141109
213169700
213273019
213875180
214279323
214433422
214503575
214714788
215102363
215488256
215583266
216028201
216152516
216214923
216859113
216872847
216899560
216917454
216927067
217198200
217198472
217256789
218101988
218321166
218346110
218376018
218567079
218692992
218720179
218966103
219306319
219633452
219985348
220648893
221014777
221456760
221563592
221605039
221701239
222238438
222293177
222344404
222521605
222578299
222990820
223254227
223275989
223352855
223543373
223932379
224156504
224625884
224714664
225123758
225369677
225814970
225984427
226183127
226605337
226656905
227683998
227761683
227806393
228095995
228126209
228296949
228351561
228687331
228729842
228883001
229080152
229239040
229268389
229622294
229668527
230192245
230270464
230336603
230393786
230771830
231096483
231527354
231593876
232720364
233220433
233434420
233460986
233615850
234119466
234400564
234755967
235161576
235206471
235485753
235530020
235667280
236344991
236356561
236397014
236763823
236792086
236924376
236938123
237360349
237595322
237596757
237758723
237782180
237807845
238153075
238181090
238198611
238531097
239166463
239321549
239500115
239547362
239690491
240000760
240169722
240188325
240452928
240615417
241119621
241399164
241399553
241424752
241454416
241587991
241642997
242033409
242167168
242316880
242327371
242448902
242752978
242771561
242779197
242853703
243255176
243916424
244384804
244464940
244491129
244573732
244717692
244957366
245264159
245967083
246346700
246507768
246750414
247213435
247724555
247801697
247818784
247856248
247926681
248086928
248133261
248495113
248528806
248778270
249073240
249137957
249771947
249871523
249911747
249963674
250216796
250561775
250760097
250790454
250808383
250851402
251027706
251160319
251181412
251215777
251233584
251538359
251746190
252172310
252289482
252304230
252420754
252455080
252956137
253489546
253677156
253783518
253823082
253991869
254581678
254850561
254920020
255303979
255696652
255956178
256010116
256095880
256181797
256604061
257238734
257565579
258003746
258366997
258478369
259365196
259439802
259485155
259575695
259606694
259903535
259939842
259988382
260093531
260141036
260733579
261318020
261432399
261543257
261910966
262127750
262135247
262189902
262877794
262977133
262994719
263115762
263222204
263599197
263656831
263823786
264046964
264089155
264244871
264307774
264542579
264594324
264633977
264865274
265070773
265214322
265404948
265693627
265885363
266151633
266228139
266915474
266977227
267587134
268139604
268281640
268289400
268403967
268560759
269214879
269292557
269415094
269514224
269637506
269671855
269936738
269972749
270356474
270434763
270480255
270646605
270680495
271647072
271653398
271875385
271916804
272112067
272323000
272366602
272868016
272906919
272924962
273035289
273341890
273422970
273669551
273864863
274045710
274101870
274221727
274297836
274345771
274414688
274535979
274969922
275497521
275550280
275609278
275721621
275727176
275891657
276051840
276159899
276428385
276552584
276661657
276786737
276859544
277136917
277318596
277803325
278292262
278303733
278591092
278593922
279208381
279245936
279583084
279660395
279711892
279846018
280032507
280072047
280510945
280702624
281196842
281873736
282154806
282208182
283084934
283229757
283335141
283605533
283640228
283704803
283800067
283837507
283874126
284182718
284196785
284369789
284566142
284970379
285133617
285373825
285635973
285695007
285793847
286942187
286970723
287202849
287315566
287334948
287513971
288062780
288283749
288522256
288844286
289453882
289621746
289686404
289758644
290039173
290251001
290395523
290555024
290592380
290735583
291143858
291281585
291303044
291333757
291674763
291757128
292525875
292601365
292664429
292685792
292919779
293033029
293129495
294107072
294286091
294369847
294807646
294868603
295162482
295219607
295388540
295509256
296229191
296381987
296695922
297124747
297371190
297809871
297811353
297889013
298090664
298533249
298677054
299254927
299463260
299513693
299589893
299626635
299863632
299933651
300142183
300582075
300589846
300618067
300712859
301612883
301634378
301692417
301759117
302386506
302515521
302517118
302846183
302902922
302980477
302990546
303281718
303291884
303661443
304329819
304343814
304373491
304822370
304990023
305343037
305357912
305377582
305445963
305489275
305529025
305692393
305910955
305931166
306071993
306346371
306565324
306644729
306747026
306959650
307575606
307652926
307767961
307878321
308092872
308329065
308402173
308618949
309414022
309777223
310112677
310120741
310286985
310463062
310529325
311041705
311179180
311311833
311402787
311480582
311501602
311841387
311949228
312015853
312446770
312452998
312528615
313006429
313304037
313476409
313577777
314230459
314463624
314533573
314730371
316018341
316026006
316343843
316844487
317135725
317929887
318048904
318259605
318723914
318909825
319086437
319138207
319498466
319998309
320334581
320462048
320482848
320605901
320791590
320821153
321288385
321533721
321978355
322075603
322260739
322372409
322743870
322863468
322958607
323221041
323496391
323694721
323743932
323928225
324544933
325035244
325249571
325811812
326137529
326171374
326216483
326354477
326816627
327307426
327351748
327902007
328174615
328264924
328577575
328919245
329092337
329307123
330115579
330208591
330406455
330635970
331532950
331790153
331826585
332737275
333179387
333187509
333349231
333427524
333435082
333465638
333840024
334038677
334409091
334421578
334641621
334649081
334750421
334752273
334792317
334813819
335283735
335517666
335824205
335839339
335862918
335891105
336009811
336161506
336584481
336712804
337026681
337046686
337134977
337218733
337303554
337500334
337505565
337844427
337993268
338240721
338456685
338477821
338603433
339070584
339236689
340711875
340878260
340932340
341002931
341022897
341030624
341507652
341809780
341882746
342186469
342403015
342687957
342825277
343199749
343228381
344033971
344086521
344109603
344129382
344554233
344618888
344620918
344656526
344991214
345389984
345783118
345944183
346574269
346601253
346614044
346718998
347304889
347806079
347917001
347956251
348078260
348204480
348512906
349111544
349654800
350115915
350302861
350872484
350894264
350998492
351125506
351246577
351331295
351609802
351829193
352110284
352350980
352637102
352837694
353099862
353496043
353519943
353550391
354164767
354331059
354367018
354967179
354991302
355155827
355330982
355685832
355886533
356114508
356126046
356539403
356808494
356981744
357172930
357822781
358335021
358495630
358585472
359436484
359456838
359630164
359803402
359996818
360096029
360412684
360702332
360782738
360921303
361583575
361798283
362009900
362104786
362397375
362607047
363158308
363745316
364341435
365291539
365542400
365595360
366004215
366260433
366778095
367375256
367412857
367602164
368013946
368099639
368282326
368423725
368614764
369089455
369161611
369270448
369277299
369308330
370085826
370144150
370413665
370945573
371011771
371064263
371121997
371165222
371340630
371574118
371731261
371771113
371866594
371966727
371994481
372252457
372395419
372557205
372662246
372712668
372907534
373152513
373345978
373825471
373937798
374128778
374503167
374538991
375031022
375244367
376092885
376203627
376207771
376210979
376632026
376665983
377005506
377191249
377623141
377801731
377898291
377939230
378155580
378756513
379107429
379117335
379364150
379723790
379815208
380011460
380137737
380225057
380302564
380907751
380940156
380984640
381184080
381248331
381956476
382175989
382356202
382393259
382464093
383431145
383677872
383840648
383911040
384150475
384412771
384646720
384671052
384723628
384837844
385185305
385366200
385465841
385878626
385945617
385980904
386816293
386874382
386924294
386937129
387224889
387425826
388167589
388279449
388287027
388448307
389007161
389348844
389892894
390009769
390038939
390145089
390909104
391010549
391044154
391069715
391154960
391358466
391376721
391574666
391622755
391628500
392487544
392711168
393046157
394515931
394548331
395044583
395044816
395151057
395250294
395251334
395359740
395453740
395856112
395995996
396048646
396219532
396346202
396788796
397223075
397245622
397315388
397751755
397806643
398329735
398842020
399164868
399450313
399460556
399606642
399626819
399671374
399820508
399978416
399989247
400256602
400463137
400494289
400583362
400703540
400798811
401168603
401392400
401669495
402642832
403579437
403621885
403695605
403889877
404120615
404430861
404469762
404915173
405107473
405149144
405164540
405377513
405457770
405990983
406077617
406256527
406286294
406291187
406312318
406431953
406506206
406560456
406793291
406937813
406972409
407234339
407418751
407430553
407486226
407925713
408744931
408807093
408875009
408941776
409218591
409250618
409580866
409907385
410163485
411530600
411609533
412196876
412287096
412347232
412498792
412507331
412691805
412871386
413607053
413732920
414049923
414076346
414230627
414367406
414490930
414606745
414730457
414882154
415881035
415945475
416290641
416712903
417252790
417329311
417483837
418421331
418950389
419010308
419283642
419412829
419749166
419773783
419865832
420190012
420830898
421075002
421085148
421731467
421786322
422393969
422610463
423271862
423351431
423376588
423799351
425066955
425267128
425384226
425390717
425500646
425814802
425917500
425953487
426362588
426566017
427044504
427254376
427470153
427555113
427852413
427860767
427989964
428119181
428182196
428428694
428678231
428724662
429177170
429273413
429726912
430122633
430528748
430749492
430770562
431303685
432082699
432863400
433158488
433287755
433382617
433729619
433805768
434066762
434110925
434859238
435304116
435469485
435921074
435995893
436228809
436360629
436667730
436895889
437068778
437092228
437335550
437412776
438147720
438309498
438681704
438911310
439195535
439584892
439729514
439907521
440142741
440457463
440726561
441082470
441831503
441845027
441894811
442148758
442268865
442593894
442744389
442911952
443257040
443397177
443446292
443576056
443771530
444159904
444703439
444914438
445164987
445422674
445457429
445460815
445735623
446015775
446156301
446660720
446759494
446851916
446980879
447079565
448047565
448098432
448139270
448627874
448777291
448988771
449411837
449662226
450007203
450310496
450535149
450818898
451029845
451084470
451353719
451445147
452331188
452438642
452545675
454264186
454318684
454552445
454580137
454769956
455144160
455275699
455979410
456234379
456474639
456787362
457196069
457418358
457439580
457540654
457879326
458168058
458534514
459194950
459895970
460163840
460276484
460336532
460384410
460440950
460570264
460623629
460748114
460923021
461575372
462078142
462199820
462276079
462545458
462632675
462776054
462840584
462944359
463280648
463344657
463404730
463449740
464063677
464079801
464395887
464660277
465194335
465362005
466433332
466717712
466858083
466997057
467242296
467409200
467433356
467532930
467784306
467807575
467869666
467899965
467951626
468023459
468033265
468646895
468999633
469148467
469248787
469307254
469821814
469888414
470676919
471434156
471629678
471958936
472075550
472193830
472261148
472307325
472600931
472661217
473043164
474484025
474796459
475085562
476223394
476315444
476514731
476698310
476985295
477147032
477180924
477263306
477394260
477454943
477846829
477890334
478535618
478930403
478970090
479048650
479314686
479379374
479417229
479514024
479636135
480014633
480175363
480211561
480801446
480863614
481712978
482122274
482626061
482757916
482826469
482883523
482965089
483145031
483775273
483993231
484143088
484487286
484521365
484594896
485013642
485078814
485137435
485849538
486094466
486109668
486309022
486313931
486378856
486755595
486905515
487111552
487379257
487494421
487600357
488577104
488727386
489298865
489309288
489332786
489479585
489842923
489851400
490175735
490306223
490729931
490899861
490996507
491041800
491707064
491780576
491828684
491910621
491965455
492341873
492468831
492517715
492542963
492744364
492908531
493033794
493196300
493264114
493274034
493287538
493544838
493694218
493721008
493731014
493876685
494311888
494520702
496218990
496258207
496856678
496939373
497203588
497224559
497764361
497889560
498019836
498591746
498627370
498667493
499072494
499087247
500027363
500169654
500430403
500567070
500772907
501018163
501420742
501829042
502125094
502246670
502965126
502988810
503417814
503736371
503921284
504291186
504639321
504745647
504786250
504904284
506102067
506155550
506205683
506624160
507037518
507043042
507062103
507062910
507159038
507189987
507262366
507620853
507844584
508630670
510417789
510468414
510471119
510891409
510947209
511011490
511233515
511293612
511303970
511387659
511566409
512009982
512281134
512302992
512365410
512893108
513086253
513202912
513238099
513325633
513653639
514005856
514491041
514599729
514604457
514847040
515138197
515326312
515345799
515528070
516349003
516526892
516669643
516737520
516942175
517170528
517823132
517954603
518182571
518320215
518557199
518756856
519569124
519665080
520481308
520618730
521030377
521074143
521461950
521551662
521811795
521839370
521869688
522478722
522669437
522674856
523235814
523948844
524329307
524473891
524486073
524512911
524961202
525450746
525479283
525479417
525687785
525882485
526233097
526365166
526731474
526857963
527208016
527237798
527537317
527757731
527922201
528190544
528326724
528392249
528883411
529799109
529845609
530061265
530159873
530329040
530390676
530624184
531060833
531125493
531251134
531301596
531411997
531641949
532146174
532462620
532478038
532575897
532761862
533514302
533592155
533693148
533787466
533942003
533978110
534040814
534057116
534145418
534302086
534376500
534422124
534708048
534994103
535082046
535111403
535158008
535214142
536031459
536175301
536705887
536736653
536989502
537109795
537771917
538035607
538251195
539014612
539186296
539237656
539337779
539868217
539957835
540015848
540173982
540200166
540223569
540301028
540607192
540632292
540677555
540944551
541869616
542032264
542189094
542227564
542259821
542847729
543241499
543962870
543990173
544099107
544235061
544530212
544591875
544663964
544883728
545138409
545172975
545226768
545309434
545570682
546576742
546965476
547083366
547202054
547285061
547393923
547464990
548457146
548966651
549214697
549428239
549443568
549599862
549759632
549886595
550020357
550136631
550193790
550284244
550350746
550352074
550583903
550761753
550896896
551171345
551406835
551657243
551707637
551763515
551814796
552170952
552207260
552324311
552843883
552872720
552923214
553001022
553295692
553520758
553877638
554168008
554282657
554311572
554347941
556028742
556184396
556211729
556554179
556874587
556903841
556915392
557103696
557223089
557236132
557538006
557710518
557774754
558348954
558459579
558624397
558867390
559102837
559184540
559290321
559536872
559602491
559922173
560079188
560209827
560230984
561087334
561359850
561482213
561579837
561593677
561785567
562725869
563264093
563699833
563750717
564059291
564071731
564231296
564552117
565096393
565284584
565304963
565364751
565461173
565523449
565530275
565630791
566225926
566325814
566578331
566716825
566781194
566850985
566921319
567246877
567328771
567372544
568186854
568200925
568445139
568640112
568782622
568804970
568814537
569155214
569242887
569452259
569592421
571007443
571148397
571398951
571816373
572085842
572219407
572825661
572900718
573095441
573099408
573485412
573673748
573755979
573883992
574284699
574318951
574333293
574395758
574535702
574575957
574587407
574868118
574920722
575379534
575420854
575433565
575511422
575567688
576064281
576068330
576931796
577226173
577295323
577723459
578090283
578518913
578923067
578996173
579147431
579533003
579533554
579774312
579891627
580332313
580652519
582035863
582042377
582610650
582670073
582783541
582815984
582870668
583003568
583057880
583094572
583112591
583160738
583817743
583852594
583935279
584053114
584218026
584403626
584513265
584739467
584982627
585122430
585289575
585494420
585666373
585881453
585896062
586290811
586384095
586592664
586849009
586858535
586862775
586865162
587140076
587374045
587732323
588091273
588638699
588660454
588917177
588941216
589804223
589969639
590106602
590297530
590537640
590643806
590876275
590987399
590999736
591273569
591302196
591304557
591761662
591886223
592022590
592079541
592744083
593003940
593250288
593299641
593322779
593323410
593492286
593518750
593628751
594246337
594343024
594815108
594860171
594987008
595479702
595508125
595921009
596284202
596528230
596700560
596701759
596735435
596994943
597129992
597319332
597370107
597563270
597630332
597700378
597783134
598173862
598572456
598712865
598900759
598936869
599431123
599596517
599764361
599770095
600039737
600232297
600248771
600440709
600527890
600618766
601002131
601129428
601287178
601479415
601848152
601879345
602089971
602570589
603038488
603106971
603246899
603528511
603537011
603561735
603620288
604148249
604495193
604848471
605100591
605235406
605239881
605481302
606464647
606468320
606525071
606940033
606943953
606958307
607346810
607350091
607407971
607476385
607517033
607634257
608435887
608492512
608504657
608698860
608793259
608806052
608829439
608889868
609113488
609743679
609798255
609844996
610051235
610064126
610206230
610781310
610905592
611315565
611408644
611476493
611497197
612141831
612400274
612638233
613260718
613568238
613576634
613737846
613747161
614109144
614673591
614886723
615242925
615554918
615664578
615801675
615873325
615889608
616002546
616218114
616240461
616397448
616848110
616986781
617076681
617083479
617135080
617286959
617373697
617465961
617670008
617759055
617900805
617980829
618290525
618684573
618762660
619092758
619235186
619481954
619505734
619668841
619884718
619955130
619966703
620121264
620136720
620242677
620441600
620503451
620790231
621138690
621147390
621431105
621438616
621445430
621737388
622398254
622398384
623141058
623143834
624193220
624496396
624592103
624790695
624791141
624823929
625118589
625584769
625720667
625971254
626108063
626446887
626527159
627044963
627142021
627761964
628131393
628324300
628695469
628730201
628736507
628805305
628837566
628861537
628975199
628985577
629508095
629590949
630275039
630707599
630913959
631046933
631147236
631430801
632032811
632400636
632600313
632608116
632703870
633020539
633319487
633445766
633954280
634005122
634253636
634684611
634918434
635135163
635389878
635444160
635448899
636049714
636312772
636556655
636679609
636824546
636880494
637025577
637386864
637451188
637589253
637936206
638256391
638604813
639056424
639096722
639110638
639315286
639460925
639668831
639700227
639719225
639733858
639856525
639880634
640043671
640058579
640152819
640358873
640640600
640698924
641880326
642130822
642231431
642304021
642437293
642525673
642531938
643185661
643601052
644690065
644788202
645177768
645400045
645606363
646978781
647499622
647984309
648150528
648343362
648576237
648817463
648872741
649061231
649091525
649226821
649375551
649501004
649561130
649620766
649916587
649927701
650253275
650418114
650917778
651355428
651640572
651681028
651716500
651793676
652225723
652277147
652311452
652345824
652436543
652580783
652593013
652856197
653033577
653128454
653266199
653418074
653529235
653558015
653702477
653887703
654226701
654347603
654594067
654611484
655016516
655031641
655285282
655301596
655484234
656137903
656240797
656333491
656565194
656598734
656812476
657062400
657094668
657096229
657128145
657192785
657850468
657953115
658147425
658207732
658335354
658473534
658911047
659211844
659548676
659874961
659906662
660418090
660697932
660835064
660896997
661296909
661597720
661629921
661689007
662010811
662595244
662792160
662848797
662956155
663089129
663504466
663606975
663630510
663740519
664018209
664184018
664215364
664762020
664805810
664907807
665655047
665881233
666391745
666759556
666831563
667027427
667331335
667695584
668083112
668093571
668331849
668571435
668660838
668717694
668731901
668984618
669310470
669741471
669760317
669786842
670055412
670536208
670590138
670635470
670697039
670701462
670763536
670960666
670977029
671198284
671242151
671602128
672468086
672744794
672954172
673017619
673092752
673224918
674058680
674595115
674653545
674719955
674726952
674933074
675112386
675144370
676035456
676222322
676627013
676948222
677068395
677260639
677875470
677905061
678075944
678196491
678400540
678603720
679904677
680026836
680578745
680982807
681187739
681307873
681310975
681354099
681927421
681980456
682011089
682159777
682186975
682413699
682425192
682626734
682761762
682928170
683075167
683111329
683232717
683548763
684011450
684162566
684623618
684932280
684942813
685085431
686010518
686199286
686320961
686339493
686429310
686563318
686587600
686670937
686811537
686868245
687329830
687385967
687472020
687517011
687560587
687674904
688358682
688502375
688874338
689134369
689261234
689297191
689633632
689705248
689729129
689855953
689908423
690064376
690298823
690770872
690917040
691006508
691143013
691586843
691741009
691908844
692143155
692351681
692594491
692640329
692647196
693228642
693491512
693547919
693594100
693903112
693952057
694017867
694101475
694120559
694196931
694539046
695061961
695086794
695138981
695313904
695338826
695431319
695505026
696182559
696396935
696473359
696766292
696852092
697157006
697804049
698436694
698885847
700191203
700395735
700567325
700613918
701374516
701391895
701488520
702131809
702168010
702256619
702376837
702524804
702583836
702584026
702615858
702637111
703030347
703102630
703168565
703277026
703472556
703917053
704335394
704484818
704740743
705195349
705205142
705208835
705326128
705987663
706113840
706370781
706514396
706567824
706629937
706746552
706752889
707011827
707151167
707311397
707367958
707837279
708175460
708297699
708344169
708580349
708628293
709310591
709528035
710280771
711260456
711773102
711817828
711950720
712100513
712114338
712748915
712994847
713036122
713132520
713842091
713877997
714021324
714072292
714349692
714400816
714437758
714717578
714803186
714949403
715677159
715977026
716052658
716174196
716803490
716812255
716838869
716910556
716967102
717036831
717231872
717540485
717948009
718148292
718154148
718405686
718764379
719518955
719685438
719828778
720346810
720578647
721655725
721860766
722307862
722481443
723150390
723256571
723426172
723806140
723858700
723999894
724186977
724382903
724417221
724475953
724493586
725658239
725726856
725900476
726271990
726320456
726494781
726719747
726820671
726940718
727235411
727316100
727434898
727527016
727557388
727630488
727818650
728141132
728161730
728390511
728648605
728763663
729358990
729503596
729544460
730321762
730431622
730440848
730536460
730558728
730647383
730853975
731204621
731442008
731450339
731576454
731629160
731792692
731799710
731878437
731936798
732043745
732427397
732448698
732725566
732769233
732918267
733663956
733945524
734233904
734716111
734740847
734968088
734979547
735090404
735580740
736077585
736093588
736506715
736583104
737058761
737292949
737462042
737720916
737821689
737871018
737944581
737993998
738087517
738542066
738639581
738970771
738992266
739027479
739068770
739135913
739231651
739285237
739418319
739802768
739812791
739888287
740055414
740215904
740259131
740281221
740713124
740820508
740870052
740880281
741293690
741489237
741539381
741540429
741580445
741645055
741686174
741720049
741929254
742298333
743237887
743259917
743774840
743875324
743900032
743999701
744002748
744054887
744060839
744142263
744428879
744580244
744765888
744897411
745087017
745107689
745408501
745456583
745596904
746030566
746104517
746433371
746659728
746873205
746893508
746974479
747037768
747212843
747234388
748049138
748093407
748259326
748430360
748574408
748709702
748729288
749187558
749512531
750323457
750968250
751130073
751193407
751570860
751656846
751710305
751755960
751961743
752123241
752158438
752223044
752667369
752848158
752918836
753138714
753336380
753543116
753706931
753739639
754400067
754517122
754950648
755025846
755177313
755246488
755453051
755684880
755715494
755945678
756257769
756319745
756437011
756769569
757105445
757381361
757392440
757523815
757862361
758234898
758426401
758439785
758544835
759537367
759551469
759574108
759603532
759664375
759966137
760043978
760167686
760174678
760647788
761138403
761292674
761987850
762049737
762187518
762190840
762394825
762843984
762936657
762953318
763002160
763006378
763329948
763653533
763786760
763928618
763995489
764449841
764699947
764741863
765411207
765881843
765913028
765958252
766543307
766660886
766698424
766824412
767043025
767140590
767236246
767541560
767682417
768003856
768692941
768755484
768755576
768788800
768887870
769172944
769919085
770093494
770194497
770728615
770728704
770827988
771004810
771214528
771286720
771342965
771723709
771771426
771844458
772425353
773320336
773512218
773584769
774339369
774386309
774540949
774584734
775171208
775242714
775597284
776122283
776169459
776194770
776255218
776432423
776839910
777596632
777606257
777830489
779092924
779110100
779176573
779368861
779484640
779569153
779796750
779816905
779877143
780351368
780522420
780552236
780584281
780589617
780794787
780873993
781043694
781178112
781307198
781459014
781461522
781733052
781876235
781984497
782033678
782194674
783127701
783247252
783984058
784678633
784883362
785062068
785074603
785768201
785811475
785969606
786148103
786157586
786372913
786818162
786829223
787102350
787212213
787777220
787895222
787898398
788271836
788778219
788856717
789010750
789287461
789554000
789926112
789952673
790439921
790458746
790632529
790710037
790921906
790935479
791243841
791251593
792029341
792058151
792377784
792702138
792828247
792937640
793287233
793629814
793679562
793790812
794604213
794650421
794783804
794856677
794906105
794994952
795681702
795714412
795877219
796077548
796304790
796656599
796658543
797461013
798209439
798704348
798830502
799096055
799552097
799658607
799965162
800191074
800341616
800515766
800787715
801012804
801239338
801410289
801447691
801584399
801592400
802024564
802328024
802808076
802878058
802926236
803118638
803343022
803405834
803411930
803659109
803762255
803770270
804012139
804144096
804750294
804993885
805164604
805854951
805877209
806032522
806048450
806079241
806262532
806422787
806770910
806790382
806911539
807067419
807263504
807485974
807810582
808099650
808455622
809026818
809428888
809575607
810694513
810786144
811271479
811402065
811613819
811644683
811829243
812405087
813046999
813345782
813612962
813660795
813840096
813932791
814558367
814804554
815562685
815577977
815690049
815728437
815754894
816155477
816182034
816427646
816526872
816658084
816678379
816741628
817185400
817224304
817370748
817587511
817668799
817965842
818015670
818293781
818409709
818490721
818849670
818907054
819072774
819581126
819661005
819981944
820087183
820290971
820303377
820368390
820471666
821190922
821613384
821954075
822297920
822525650
822647546
822959128
823002931
823247007
823354102
823433317
823468906
824004844
824052941
824082340
824259732
824503152
824796544
824922467
824969236
825470930
825471771
825550950
825906031
826111949
826187230
826469332
826605438
826627042
826898871
827205984
827490222
827597446
828073348
828336910
828382516
828406839
828736051
828758411
829000878
829161562
829673333
829741456
830375243
830507552
830511453
830523639
830548500
830552724
830860044
831046130
831177307
831311378
831737430
831852570
832101473
832194627
832257167
832287207
832392772
832582004
832615098
832868891
833093452
833526839
833759838
833999285
834101935
834202542
834367997
834506550
834714511
834727865
834765092
835029571
835379262
836140800
836179008
836275726
836433134
836594922
836637285
837079307
837086541
837271149
837508831
837827015
837886171
838338282
838812142
838825032
839050404
839204268
839266592
839300981
839586945
839973675
839974445
839999441
840032635
840288086
840369476
840384168
840521051
840711003
840803497
840865775
840887195
841005175
841524322
841630018
841830268
841972930
841980643
842342038
842355283
842369774
843318455
843431834
843636871
843910912
844107978
844291557
844453469
844502335
844567507
844638638
844779464
844861442
844899558
844927544
845699089
846390045
846463379
846606170
847115623
847705752
848090190
848294323
848360258
848436916
848835564
848853450
848853736
848873857
848882290
849231222
849580523
849839406
849897690
849897797
849949270
850279413
850558190
850625006
850834068
850898061
850963568
850968426
851125433
851530382
851974008
851989312
852218458
852393427
852772295
853237380
853473027
853698226
853755438
854139188
854139413
854308111
854366001
854472402
854952243
855132712
855313435
855350173
855510577
855579437
855632573
855743570
856048987
856163007
856360138
856429981
856602936
856865353
856875992
857170002
857330409
857409552
857628736
858048545
858164887
858222193
858254053
858267475
858752538
858789040
858929358
859725628
859945494
860054601
860468881
860873207
860926819
861479524
861488172
861529283
861949690
862035786
862298995
862545930
862840192
862973387
863197737
863415081
863482194
863772762
864064427
864335292
864407532
864940440
865680699
866628452
866804544
866871884
867140223
867203728
867580704
867697778
867819511
867931150
868195691
868267220
868898163
869413747
869623275
869963956
870242803
870300508
871114453
871142036
871234827
871657461
871754597
871763099
871780671
872248908
872329943
872631770
872861380
872884532
872909642
873037905
873307425
873565189
873839964
874281385
874307922
874437820
874998041
875109818
875352404
875417864
875542421
875719139
875913918
876127333
876918088
876945179
877217950
877319383
877644925
877718351
877746065
877766887
878122896
878135616
878415287
878606133
878751643
879049350
880413103
880476398
880629608
880762072
880818323
881516929
881657965
881748474
881780668
882000145
882103073
882209003
882233585
882460921
882470964
882697438
883021904
883131880
883354867
883427987
883430866
883652723
883824198
884676822
885144225
885173471
885342725
885798599
885993008
885995993
886239920
886318020
886658319
887026544
887097877
887371460
887805970
887945796
888512938
888710913
888733729
889238312
889534709
889577942
889829911
890059951
890583572
890894204
891139422
891317729
891771909
892194402
892310837
892312370
892902558
892907166
893128360
893374074
893515302
893576035
894753825
894920264
894939714
895025637
895049808
895114416
895138395
895584504
895656220
895712449
896043057
896330507
896593546
896722285
897109023
897613951
898237136
898268447
898639451
899059593
899135545
899141514
899175216
899304721
899384071
899496015
899941547
900087296
900312749
900649800
900661946
901526643
901552978
902098094
902101809
902186670
902292976
902356679
902373450
902934283
903031767
903586493
904062304
904676664
904866841
904909478
905215098
905333010
906178965
906188635
906603831
906656122
906935154
907299676
907424062
907473473
907508800
907956506
908508096
908526367
908874423
908923393
909145983
909346902
909531454
909776994
910025403
910043620
910131860
910892478
911242095
911249873
911370302
911384709
911577818
911677522
911867947
911980691
912302794
912456091
912504903
912768440
912898476
913191437
913223443
913834921
914218811
914775432
915156929
915302196
915871718
916100022
916209424
916222122
916446099
916564974
916635342
916782867
916842440
916858065
917047555
917119227
917121556
917520823
917716851
917797794
918061839
918119661
918270712
918759731
918763685
918827260
919074905
919473759
919820007
920559638
920618906
920930917
920994443
921191385
921454120
921737858
921945339
923031768
923127708
923210028
923477914
923521122
923561817
923614153
924158668
924370008
924710668
924778959
924910214
925072639
925612324
925631870
925725828
925980973
926173216
926207730
926238253
926809744
926818230
926870211
926968363
927109071
927652608
927688817
927737224
927933038
928224670
928311599
928458786
928799819
928910746
929011015
929403653
929562620
929952467
930008842
930404135
930453240
930555582
930865852
931472072
931743904
931773566
931859405
931958342
932414036
932542030
932695823
932754776
932932947
933208684
933549255
933624816
933738672
933824004
933986553
934241879
934585642
934625121
935181062
935232593
935503941
935549398
936035503
936073027
936209796
936512347
936551502
936652705
936684931
936943879
936983557
937084602
937268988
937314620
937512899
937562015
937639271
937723320
937831170
938274913
938392338
938449858
938620541
938700229
938829287
939060732
939373943
939816125
940140980
940307345
940724951
940846300
940944817
941037978
941524032
941639226
941823974
941923242
941945743
941987903
942354271
942382895
942828404
943015370
943504341
943580678
943595157
943772588
943801220
944462322
944478025
944888143
945156673
945259725
945479341
945759512
945912145
946054130
946198051
946251535
946397190
946432314
946495188
946774900
946861296
946926606
946980507
946999574
947095791
947346928
947349452
947561837
947671264
947909782
948029425
948099337
948318463
948319311
948430028
948978488
949061550
949164714
949338829
949460452
949860616
949983937
950069088
950559928
950825539
951193788
951593392
951602675
951640145
951718859
951781721
951825729
952143738
952207273
952358650
952831947
953414965
953735056
954030816
954049804
954316889
955123635
955155417
955356043
955470673
955846133
956364896
957378318
957390047
957501716
957834133
957976488
957998734
958064606
958104016
958471673
958704104
959140900
959294239
959335791
959349347
960357485
960411217
960609527
960640615
960785166
960899299
960918314
961387322
961449003
961483176
961733626
962675994
962676682
962679700
963074676
963138433
963152623
963502157
964117208
964384510
964419230
964429131
964668383
965222018
965521863
965634089
966333202
966858597
966893044
966983331
967005208
968005290
968542855
968559596
968685482
968760786
969390467
969490214
969527158
969545531
969621522
969746136
970951609
971767311
971963280
972541685
972671192
972756514
972834940
974389777
974404441
974423306
974524518
974900805
974934003
974957725
975149343
975353467
975513301
975805343
975969535
976223825
976298596
976535345
976693477
977170664
977305497
977330181
977468693
977795231
977859549
977882806
977992036
978009260
978063603
978106703
978141522
978185807
978313624
978767464
978794387
978914684
978982989
979276372
979717748
979808216
980179739
980198046
980303366
980835746
981036863
981495182
981715756
982901647
983771199
983876707
983892202
983931047
984265251
984364377
985141718
985260396
985577998
985778113
985935518
986202455
986207556
986393608
986882449
987134686
987184821
987196221
987240245
987519804
987555916
987624170
988215394
988399815
988567951
988698198
988827402
988902011
988907930
989050842
989066944
989836077
989903260
990506338
990577601
990779465
990948688
991031292
991083163
991243297
991351066
991399375
991756067
991836590
991850030
992073214
992201175
992775019
993133558
993291316
993443453
993460626
993711155
993936000
994055501
994113975
994146089
994271466
994638559
994649690
994733394
994937936
995242550
995343463
995518585
995677742
995758757
996089846
996098387
996443175
996726573
996889790
997044618
997155908
997264805
997303439
997710765
998029657
999253286
999552247
999591408
999629147
999635739
999834439
